[1.349s] Invoking command in '/home/jean/ros2_ws/src/py_pubsub': PYTHONPATH=/home/jean/ros2_ws/build/py_pubsub/prefix_override:/usr/lib/python3/dist-packages/colcon_core/task/python/colcon_distutils_commands:/home/jean/ros2_ws/install/py_pubsub/lib/python3.10/site-packages:${PYTHONPATH} VIRTUAL_ENV_PROMPT=(.venv) /usr/bin/python3 -W ignore:setup.py install is deprecated -W ignore:easy_install command is deprecated setup.py egg_info --egg-base ../../build/py_pubsub build --build-base /home/jean/ros2_ws/build/py_pubsub/build install --record /home/jean/ros2_ws/build/py_pubsub/install.log --single-version-externally-managed install_data
[1.613s] running egg_info
[1.613s] writing ../../build/py_pubsub/py_pubsub.egg-info/PKG-INFO
[1.614s] writing dependency_links to ../../build/py_pubsub/py_pubsub.egg-info/dependency_links.txt
[1.614s] writing entry points to ../../build/py_pubsub/py_pubsub.egg-info/entry_points.txt
[1.614s] writing requirements to ../../build/py_pubsub/py_pubsub.egg-info/requires.txt
[1.619s] writing top-level names to ../../build/py_pubsub/py_pubsub.egg-info/top_level.txt
[1.621s] reading manifest file '../../build/py_pubsub/py_pubsub.egg-info/SOURCES.txt'
[1.622s] writing manifest file '../../build/py_pubsub/py_pubsub.egg-info/SOURCES.txt'
[1.623s] running build
[1.623s] running build_py
[1.623s] copying py_pubsub/publisher_member_function.py -> /home/jean/ros2_ws/build/py_pubsub/build/lib/py_pubsub
[1.624s] copying py_pubsub/launch.py -> /home/jean/ros2_ws/build/py_pubsub/build/lib/py_pubsub
[1.624s] running install
[1.624s] running install_lib
[1.625s] copying /home/jean/ros2_ws/build/py_pubsub/build/lib/py_pubsub/publisher_member_function.py -> /home/jean/ros2_ws/install/py_pubsub/lib/python3.10/site-packages/py_pubsub
[1.626s] copying /home/jean/ros2_ws/build/py_pubsub/build/lib/py_pubsub/launch.py -> /home/jean/ros2_ws/install/py_pubsub/lib/python3.10/site-packages/py_pubsub
[1.627s] byte-compiling /home/jean/ros2_ws/install/py_pubsub/lib/python3.10/site-packages/py_pubsub/publisher_member_function.py to publisher_member_function.cpython-310.pyc
[1.628s] byte-compiling /home/jean/ros2_ws/install/py_pubsub/lib/python3.10/site-packages/py_pubsub/launch.py to launch.cpython-310.pyc
[1.628s] running install_data
[1.628s] copying package.xml -> /home/jean/ros2_ws/install/py_pubsub/share/py_pubsub
[1.629s] running install_egg_info
[1.631s] removing '/home/jean/ros2_ws/install/py_pubsub/lib/python3.10/site-packages/py_pubsub-0.0.0-py3.10.egg-info' (and everything under it)
[1.632s] Copying ../../build/py_pubsub/py_pubsub.egg-info to /home/jean/ros2_ws/install/py_pubsub/lib/python3.10/site-packages/py_pubsub-0.0.0-py3.10.egg-info
[1.633s] running install_scripts
[1.659s] Installing listener script to /home/jean/ros2_ws/install/py_pubsub/lib/py_pubsub
[1.659s] Installing talker script to /home/jean/ros2_ws/install/py_pubsub/lib/py_pubsub
[1.660s] writing list of installed files to '/home/jean/ros2_ws/build/py_pubsub/install.log'
[1.698s] Invoked command in '/home/jean/ros2_ws/src/py_pubsub' returned '0': PYTHONPATH=/home/jean/ros2_ws/build/py_pubsub/prefix_override:/usr/lib/python3/dist-packages/colcon_core/task/python/colcon_distutils_commands:/home/jean/ros2_ws/install/py_pubsub/lib/python3.10/site-packages:${PYTHONPATH} VIRTUAL_ENV_PROMPT=(.venv) /usr/bin/python3 -W ignore:setup.py install is deprecated -W ignore:easy_install command is deprecated setup.py egg_info --egg-base ../../build/py_pubsub build --build-base /home/jean/ros2_ws/build/py_pubsub/build install --record /home/jean/ros2_ws/build/py_pubsub/install.log --single-version-externally-managed install_data
