[1.755s] Invoking command in '/home/jean/ros2_ws/src/my_package': PYTHONPATH=/home/jean/ros2_ws/build/my_package/prefix_override:/usr/lib/python3/dist-packages/colcon_core/task/python/colcon_distutils_commands:/home/jean/ros2_ws/install/my_package/lib/python3.10/site-packages:${PYTHONPATH} VIRTUAL_ENV_PROMPT=(.venv) /usr/bin/python3 -W ignore:setup.py install is deprecated -W ignore:easy_install command is deprecated setup.py egg_info --egg-base ../../build/my_package build --build-base /home/jean/ros2_ws/build/my_package/build install --record /home/jean/ros2_ws/build/my_package/install.log --single-version-externally-managed install_data
[2.164s] running egg_info
[2.165s] writing ../../build/my_package/my_package.egg-info/PKG-INFO
[2.166s] writing dependency_links to ../../build/my_package/my_package.egg-info/dependency_links.txt
[2.166s] writing entry points to ../../build/my_package/my_package.egg-info/entry_points.txt
[2.167s] writing requirements to ../../build/my_package/my_package.egg-info/requires.txt
[2.167s] writing top-level names to ../../build/my_package/my_package.egg-info/top_level.txt
[2.172s] reading manifest file '../../build/my_package/my_package.egg-info/SOURCES.txt'
[2.175s] writing manifest file '../../build/my_package/my_package.egg-info/SOURCES.txt'
[2.175s] running build
[2.176s] running build_py
[2.177s] running install
[2.178s] running install_lib
[2.182s] running install_data
[2.182s] running install_egg_info
[2.186s] removing '/home/jean/ros2_ws/install/my_package/lib/python3.10/site-packages/my_package-0.0.0-py3.10.egg-info' (and everything under it)
[2.187s] Copying ../../build/my_package/my_package.egg-info to /home/jean/ros2_ws/install/my_package/lib/python3.10/site-packages/my_package-0.0.0-py3.10.egg-info
[2.190s] running install_scripts
[2.245s] Installing my_node script to /home/jean/ros2_ws/install/my_package/lib/my_package
[2.246s] writing list of installed files to '/home/jean/ros2_ws/build/my_package/install.log'
[2.297s] Invoked command in '/home/jean/ros2_ws/src/my_package' returned '0': PYTHONPATH=/home/jean/ros2_ws/build/my_package/prefix_override:/usr/lib/python3/dist-packages/colcon_core/task/python/colcon_distutils_commands:/home/jean/ros2_ws/install/my_package/lib/python3.10/site-packages:${PYTHONPATH} VIRTUAL_ENV_PROMPT=(.venv) /usr/bin/python3 -W ignore:setup.py install is deprecated -W ignore:easy_install command is deprecated setup.py egg_info --egg-base ../../build/my_package build --build-base /home/jean/ros2_ws/build/my_package/build install --record /home/jean/ros2_ws/build/my_package/install.log --single-version-externally-managed install_data
