[0.991s] Invoking command in '/home/jean/ros2_ws/src/my_package': PYTHONPATH=/home/jean/ros2_ws/build/my_package/prefix_override:/usr/lib/python3/dist-packages/colcon_core/task/python/colcon_distutils_commands:/home/jean/ros2_ws/install/my_package/lib/python3.10/site-packages:${PYTHONPATH} /usr/bin/python3 -W ignore:setup.py install is deprecated -W ignore:easy_install command is deprecated setup.py egg_info --egg-base ../../build/my_package build --build-base /home/jean/ros2_ws/build/my_package/build install --record /home/jean/ros2_ws/build/my_package/install.log --single-version-externally-managed install_data
[1.357s] running egg_info
[1.358s] writing ../../build/my_package/my_package.egg-info/PKG-INFO
[1.358s] writing dependency_links to ../../build/my_package/my_package.egg-info/dependency_links.txt
[1.358s] writing entry points to ../../build/my_package/my_package.egg-info/entry_points.txt
[1.359s] writing requirements to ../../build/my_package/my_package.egg-info/requires.txt
[1.359s] writing top-level names to ../../build/my_package/my_package.egg-info/top_level.txt
[1.363s] reading manifest file '../../build/my_package/my_package.egg-info/SOURCES.txt'
[1.364s] writing manifest file '../../build/my_package/my_package.egg-info/SOURCES.txt'
[1.364s] running build
[1.364s] running build_py
[1.365s] running install
[1.366s] running install_lib
[1.368s] running install_data
[1.368s] running install_egg_info
[1.371s] removing '/home/jean/ros2_ws/install/my_package/lib/python3.10/site-packages/my_package-0.0.0-py3.10.egg-info' (and everything under it)
[1.373s] Copying ../../build/my_package/my_package.egg-info to /home/jean/ros2_ws/install/my_package/lib/python3.10/site-packages/my_package-0.0.0-py3.10.egg-info
[1.374s] running install_scripts
[1.414s] Installing my_node script to /home/jean/ros2_ws/install/my_package/lib/my_package
[1.415s] writing list of installed files to '/home/jean/ros2_ws/build/my_package/install.log'
[1.447s] Invoked command in '/home/jean/ros2_ws/src/my_package' returned '0': PYTHONPATH=/home/jean/ros2_ws/build/my_package/prefix_override:/usr/lib/python3/dist-packages/colcon_core/task/python/colcon_distutils_commands:/home/jean/ros2_ws/install/my_package/lib/python3.10/site-packages:${PYTHONPATH} /usr/bin/python3 -W ignore:setup.py install is deprecated -W ignore:easy_install command is deprecated setup.py egg_info --egg-base ../../build/my_package build --build-base /home/jean/ros2_ws/build/my_package/build install --record /home/jean/ros2_ws/build/my_package/install.log --single-version-externally-managed install_data
