[0.126s] DEBUG:colcon:Command line arguments: ['/usr/bin/colcon', 'build']
[0.126s] DEBUG:colcon:Parsed command line arguments: Namespace(log_base=None, log_level=None, verb_name='build', build_base='build', install_base='install', merge_install=False, symlink_install=False, test_result_base=None, continue_on_error=False, executor='parallel', parallel_workers=3, event_handlers=None, ignore_user_meta=False, metas=['./colcon.meta'], base_paths=['.'], packages_ignore=None, packages_ignore_regex=None, paths=None, packages_up_to=None, packages_up_to_regex=None, packages_above=None, packages_above_and_dependencies=None, packages_above_depth=None, packages_select_by_dep=None, packages_skip_by_dep=None, packages_skip_up_to=None, packages_select_build_failed=False, packages_skip_build_finished=False, packages_select_test_failures=False, packages_skip_test_passed=False, packages_select=None, packages_skip=None, packages_select_regex=None, packages_skip_regex=None, packages_start=None, packages_end=None, allow_overriding=[], cmake_args=None, cmake_target=None, cmake_target_skip_unavailable=False, cmake_clean_cache=False, cmake_clean_first=False, cmake_force_configure=False, ament_cmake_args=None, catkin_cmake_args=None, catkin_skip_building_tests=False, mixin_files=None, mixin=None, verb_parser=<colcon_mixin.mixin.mixin_argument.MixinArgumentDecorator object at 0x7f6cc02c5c30>, verb_extension=<colcon_core.verb.build.BuildVerb object at 0x7f6cc0436b30>, main=<bound method BuildVerb.main of <colcon_core.verb.build.BuildVerb object at 0x7f6cc0436b30>>, mixin_verb=('build',))
[0.306s] Level 1:colcon.colcon_core.package_discovery:discover_packages(colcon_meta) check parameters
[0.307s] Level 1:colcon.colcon_core.package_discovery:discover_packages(recursive) check parameters
[0.307s] Level 1:colcon.colcon_core.package_discovery:discover_packages(ignore) check parameters
[0.307s] Level 1:colcon.colcon_core.package_discovery:discover_packages(path) check parameters
[0.307s] Level 1:colcon.colcon_core.package_discovery:discover_packages(colcon_meta) discover
[0.307s] Level 1:colcon.colcon_core.package_discovery:discover_packages(recursive) discover
[0.307s] INFO:colcon.colcon_core.package_discovery:Crawling recursively for packages in '/home/jean/ros2_ws'
[0.307s] Level 1:colcon.colcon_core.package_identification:_identify(.) by extensions ['ignore', 'ignore_ament_install']
[0.307s] Level 1:colcon.colcon_core.package_identification:_identify(.) by extension 'ignore'
[0.307s] Level 1:colcon.colcon_core.package_identification:_identify(.) by extension 'ignore_ament_install'
[0.307s] Level 1:colcon.colcon_core.package_identification:_identify(.) by extensions ['colcon_pkg']
[0.307s] Level 1:colcon.colcon_core.package_identification:_identify(.) by extension 'colcon_pkg'
[0.307s] Level 1:colcon.colcon_core.package_identification:_identify(.) by extensions ['colcon_meta']
[0.307s] Level 1:colcon.colcon_core.package_identification:_identify(.) by extension 'colcon_meta'
[0.307s] Level 1:colcon.colcon_core.package_identification:_identify(.) by extensions ['ros']
[0.307s] Level 1:colcon.colcon_core.package_identification:_identify(.) by extension 'ros'
[0.318s] Level 1:colcon.colcon_core.package_identification:_identify(.) by extensions ['cmake', 'python']
[0.318s] Level 1:colcon.colcon_core.package_identification:_identify(.) by extension 'cmake'
[0.318s] Level 1:colcon.colcon_core.package_identification:_identify(.) by extension 'python'
[0.318s] Level 1:colcon.colcon_core.package_identification:_identify(.) by extensions ['python_setup_py']
[0.318s] Level 1:colcon.colcon_core.package_identification:_identify(.) by extension 'python_setup_py'
[0.318s] Level 1:colcon.colcon_core.package_identification:_identify(build) by extensions ['ignore', 'ignore_ament_install']
[0.318s] Level 1:colcon.colcon_core.package_identification:_identify(build) by extension 'ignore'
[0.318s] Level 1:colcon.colcon_core.package_identification:_identify(build) ignored
[0.318s] Level 1:colcon.colcon_core.package_identification:_identify(install) by extensions ['ignore', 'ignore_ament_install']
[0.318s] Level 1:colcon.colcon_core.package_identification:_identify(install) by extension 'ignore'
[0.319s] Level 1:colcon.colcon_core.package_identification:_identify(install) ignored
[0.319s] Level 1:colcon.colcon_core.package_identification:_identify(log) by extensions ['ignore', 'ignore_ament_install']
[0.319s] Level 1:colcon.colcon_core.package_identification:_identify(log) by extension 'ignore'
[0.319s] Level 1:colcon.colcon_core.package_identification:_identify(log) ignored
[0.319s] Level 1:colcon.colcon_core.package_identification:_identify(src) by extensions ['ignore', 'ignore_ament_install']
[0.319s] Level 1:colcon.colcon_core.package_identification:_identify(src) by extension 'ignore'
[0.319s] Level 1:colcon.colcon_core.package_identification:_identify(src) by extension 'ignore_ament_install'
[0.319s] Level 1:colcon.colcon_core.package_identification:_identify(src) by extensions ['colcon_pkg']
[0.319s] Level 1:colcon.colcon_core.package_identification:_identify(src) by extension 'colcon_pkg'
[0.319s] Level 1:colcon.colcon_core.package_identification:_identify(src) by extensions ['colcon_meta']
[0.319s] Level 1:colcon.colcon_core.package_identification:_identify(src) by extension 'colcon_meta'
[0.319s] Level 1:colcon.colcon_core.package_identification:_identify(src) by extensions ['ros']
[0.319s] Level 1:colcon.colcon_core.package_identification:_identify(src) by extension 'ros'
[0.319s] Level 1:colcon.colcon_core.package_identification:_identify(src) by extensions ['cmake', 'python']
[0.319s] Level 1:colcon.colcon_core.package_identification:_identify(src) by extension 'cmake'
[0.319s] Level 1:colcon.colcon_core.package_identification:_identify(src) by extension 'python'
[0.319s] Level 1:colcon.colcon_core.package_identification:_identify(src) by extensions ['python_setup_py']
[0.319s] Level 1:colcon.colcon_core.package_identification:_identify(src) by extension 'python_setup_py'
[0.319s] Level 1:colcon.colcon_core.package_identification:_identify(src/learning_tf2_py) by extensions ['ignore', 'ignore_ament_install']
[0.320s] Level 1:colcon.colcon_core.package_identification:_identify(src/learning_tf2_py) by extension 'ignore'
[0.320s] Level 1:colcon.colcon_core.package_identification:_identify(src/learning_tf2_py) by extension 'ignore_ament_install'
[0.320s] Level 1:colcon.colcon_core.package_identification:_identify(src/learning_tf2_py) by extensions ['colcon_pkg']
[0.320s] Level 1:colcon.colcon_core.package_identification:_identify(src/learning_tf2_py) by extension 'colcon_pkg'
[0.320s] Level 1:colcon.colcon_core.package_identification:_identify(src/learning_tf2_py) by extensions ['colcon_meta']
[0.320s] Level 1:colcon.colcon_core.package_identification:_identify(src/learning_tf2_py) by extension 'colcon_meta'
[0.320s] Level 1:colcon.colcon_core.package_identification:_identify(src/learning_tf2_py) by extensions ['ros']
[0.320s] Level 1:colcon.colcon_core.package_identification:_identify(src/learning_tf2_py) by extension 'ros'
[0.322s] DEBUG:colcon.colcon_core.package_identification:Package 'src/learning_tf2_py' with type 'ros.ament_python' and name 'learning_tf2_py'
[0.322s] Level 1:colcon.colcon_core.package_identification:_identify(src/my_package) by extensions ['ignore', 'ignore_ament_install']
[0.322s] Level 1:colcon.colcon_core.package_identification:_identify(src/my_package) by extension 'ignore'
[0.322s] Level 1:colcon.colcon_core.package_identification:_identify(src/my_package) by extension 'ignore_ament_install'
[0.323s] Level 1:colcon.colcon_core.package_identification:_identify(src/my_package) by extensions ['colcon_pkg']
[0.323s] Level 1:colcon.colcon_core.package_identification:_identify(src/my_package) by extension 'colcon_pkg'
[0.323s] Level 1:colcon.colcon_core.package_identification:_identify(src/my_package) by extensions ['colcon_meta']
[0.323s] Level 1:colcon.colcon_core.package_identification:_identify(src/my_package) by extension 'colcon_meta'
[0.323s] Level 1:colcon.colcon_core.package_identification:_identify(src/my_package) by extensions ['ros']
[0.323s] Level 1:colcon.colcon_core.package_identification:_identify(src/my_package) by extension 'ros'
[0.323s] DEBUG:colcon.colcon_core.package_identification:Package 'src/my_package' with type 'ros.ament_python' and name 'my_package'
[0.323s] Level 1:colcon.colcon_core.package_identification:_identify(src/py_pubsub) by extensions ['ignore', 'ignore_ament_install']
[0.323s] Level 1:colcon.colcon_core.package_identification:_identify(src/py_pubsub) by extension 'ignore'
[0.323s] Level 1:colcon.colcon_core.package_identification:_identify(src/py_pubsub) by extension 'ignore_ament_install'
[0.323s] Level 1:colcon.colcon_core.package_identification:_identify(src/py_pubsub) by extensions ['colcon_pkg']
[0.323s] Level 1:colcon.colcon_core.package_identification:_identify(src/py_pubsub) by extension 'colcon_pkg'
[0.323s] Level 1:colcon.colcon_core.package_identification:_identify(src/py_pubsub) by extensions ['colcon_meta']
[0.324s] Level 1:colcon.colcon_core.package_identification:_identify(src/py_pubsub) by extension 'colcon_meta'
[0.324s] Level 1:colcon.colcon_core.package_identification:_identify(src/py_pubsub) by extensions ['ros']
[0.324s] Level 1:colcon.colcon_core.package_identification:_identify(src/py_pubsub) by extension 'ros'
[0.324s] DEBUG:colcon.colcon_core.package_identification:Package 'src/py_pubsub' with type 'ros.ament_python' and name 'py_pubsub'
[0.324s] Level 1:colcon.colcon_core.package_discovery:discover_packages(recursive) using defaults
[0.324s] Level 1:colcon.colcon_core.package_discovery:discover_packages(ignore) discover
[0.324s] Level 1:colcon.colcon_core.package_discovery:discover_packages(ignore) using defaults
[0.324s] Level 1:colcon.colcon_core.package_discovery:discover_packages(path) discover
[0.324s] Level 1:colcon.colcon_core.package_discovery:discover_packages(path) using defaults
[0.345s] Level 1:colcon.colcon_core.package_discovery:discover_packages(prefix_path) check parameters
[0.345s] Level 1:colcon.colcon_core.package_discovery:discover_packages(prefix_path) discover
[0.358s] DEBUG:colcon.colcon_installed_package_information.package_discovery:Found 3 installed packages in /home/jean/ros2_ws/install
[0.359s] DEBUG:colcon.colcon_installed_package_information.package_discovery:Found 271 installed packages in /opt/ros/humble
[0.361s] Level 1:colcon.colcon_core.package_discovery:discover_packages(prefix_path) using defaults
[0.402s] Level 5:colcon.colcon_core.verb:set package 'learning_tf2_py' build argument 'cmake_args' from command line to 'None'
[0.402s] Level 5:colcon.colcon_core.verb:set package 'learning_tf2_py' build argument 'cmake_target' from command line to 'None'
[0.402s] Level 5:colcon.colcon_core.verb:set package 'learning_tf2_py' build argument 'cmake_target_skip_unavailable' from command line to 'False'
[0.402s] Level 5:colcon.colcon_core.verb:set package 'learning_tf2_py' build argument 'cmake_clean_cache' from command line to 'False'
[0.402s] Level 5:colcon.colcon_core.verb:set package 'learning_tf2_py' build argument 'cmake_clean_first' from command line to 'False'
[0.402s] Level 5:colcon.colcon_core.verb:set package 'learning_tf2_py' build argument 'cmake_force_configure' from command line to 'False'
[0.402s] Level 5:colcon.colcon_core.verb:set package 'learning_tf2_py' build argument 'ament_cmake_args' from command line to 'None'
[0.402s] Level 5:colcon.colcon_core.verb:set package 'learning_tf2_py' build argument 'catkin_cmake_args' from command line to 'None'
[0.402s] Level 5:colcon.colcon_core.verb:set package 'learning_tf2_py' build argument 'catkin_skip_building_tests' from command line to 'False'
[0.402s] DEBUG:colcon.colcon_core.verb:Building package 'learning_tf2_py' with the following arguments: {'ament_cmake_args': None, 'build_base': '/home/jean/ros2_ws/build/learning_tf2_py', 'catkin_cmake_args': None, 'catkin_skip_building_tests': False, 'cmake_args': None, 'cmake_clean_cache': False, 'cmake_clean_first': False, 'cmake_force_configure': False, 'cmake_target': None, 'cmake_target_skip_unavailable': False, 'install_base': '/home/jean/ros2_ws/install/learning_tf2_py', 'merge_install': False, 'path': '/home/jean/ros2_ws/src/learning_tf2_py', 'symlink_install': False, 'test_result_base': None}
[0.402s] Level 5:colcon.colcon_core.verb:set package 'my_package' build argument 'cmake_args' from command line to 'None'
[0.402s] Level 5:colcon.colcon_core.verb:set package 'my_package' build argument 'cmake_target' from command line to 'None'
[0.402s] Level 5:colcon.colcon_core.verb:set package 'my_package' build argument 'cmake_target_skip_unavailable' from command line to 'False'
[0.402s] Level 5:colcon.colcon_core.verb:set package 'my_package' build argument 'cmake_clean_cache' from command line to 'False'
[0.402s] Level 5:colcon.colcon_core.verb:set package 'my_package' build argument 'cmake_clean_first' from command line to 'False'
[0.403s] Level 5:colcon.colcon_core.verb:set package 'my_package' build argument 'cmake_force_configure' from command line to 'False'
[0.403s] Level 5:colcon.colcon_core.verb:set package 'my_package' build argument 'ament_cmake_args' from command line to 'None'
[0.403s] Level 5:colcon.colcon_core.verb:set package 'my_package' build argument 'catkin_cmake_args' from command line to 'None'
[0.403s] Level 5:colcon.colcon_core.verb:set package 'my_package' build argument 'catkin_skip_building_tests' from command line to 'False'
[0.403s] DEBUG:colcon.colcon_core.verb:Building package 'my_package' with the following arguments: {'ament_cmake_args': None, 'build_base': '/home/jean/ros2_ws/build/my_package', 'catkin_cmake_args': None, 'catkin_skip_building_tests': False, 'cmake_args': None, 'cmake_clean_cache': False, 'cmake_clean_first': False, 'cmake_force_configure': False, 'cmake_target': None, 'cmake_target_skip_unavailable': False, 'install_base': '/home/jean/ros2_ws/install/my_package', 'merge_install': False, 'path': '/home/jean/ros2_ws/src/my_package', 'symlink_install': False, 'test_result_base': None}
[0.403s] Level 5:colcon.colcon_core.verb:set package 'py_pubsub' build argument 'cmake_args' from command line to 'None'
[0.403s] Level 5:colcon.colcon_core.verb:set package 'py_pubsub' build argument 'cmake_target' from command line to 'None'
[0.403s] Level 5:colcon.colcon_core.verb:set package 'py_pubsub' build argument 'cmake_target_skip_unavailable' from command line to 'False'
[0.403s] Level 5:colcon.colcon_core.verb:set package 'py_pubsub' build argument 'cmake_clean_cache' from command line to 'False'
[0.403s] Level 5:colcon.colcon_core.verb:set package 'py_pubsub' build argument 'cmake_clean_first' from command line to 'False'
[0.403s] Level 5:colcon.colcon_core.verb:set package 'py_pubsub' build argument 'cmake_force_configure' from command line to 'False'
[0.403s] Level 5:colcon.colcon_core.verb:set package 'py_pubsub' build argument 'ament_cmake_args' from command line to 'None'
[0.403s] Level 5:colcon.colcon_core.verb:set package 'py_pubsub' build argument 'catkin_cmake_args' from command line to 'None'
[0.403s] Level 5:colcon.colcon_core.verb:set package 'py_pubsub' build argument 'catkin_skip_building_tests' from command line to 'False'
[0.403s] DEBUG:colcon.colcon_core.verb:Building package 'py_pubsub' with the following arguments: {'ament_cmake_args': None, 'build_base': '/home/jean/ros2_ws/build/py_pubsub', 'catkin_cmake_args': None, 'catkin_skip_building_tests': False, 'cmake_args': None, 'cmake_clean_cache': False, 'cmake_clean_first': False, 'cmake_force_configure': False, 'cmake_target': None, 'cmake_target_skip_unavailable': False, 'install_base': '/home/jean/ros2_ws/install/py_pubsub', 'merge_install': False, 'path': '/home/jean/ros2_ws/src/py_pubsub', 'symlink_install': False, 'test_result_base': None}
[0.403s] INFO:colcon.colcon_core.executor:Executing jobs using 'parallel' executor
[0.404s] DEBUG:colcon.colcon_parallel_executor.executor.parallel:run_until_complete
[0.405s] INFO:colcon.colcon_ros.task.ament_python.build:Building ROS package in '/home/jean/ros2_ws/src/learning_tf2_py' with build type 'ament_python'
[0.405s] Level 1:colcon.colcon_core.shell:create_environment_hook('learning_tf2_py', 'ament_prefix_path')
[0.407s] INFO:colcon.colcon_core.plugin_system:Skipping extension 'colcon_core.shell.bat': Not used on non-Windows systems
[0.408s] INFO:colcon.colcon_core.shell:Creating environment hook '/home/jean/ros2_ws/install/learning_tf2_py/share/learning_tf2_py/hook/ament_prefix_path.ps1'
[0.409s] INFO:colcon.colcon_core.shell:Creating environment descriptor '/home/jean/ros2_ws/install/learning_tf2_py/share/learning_tf2_py/hook/ament_prefix_path.dsv'
[0.409s] INFO:colcon.colcon_core.shell:Creating environment hook '/home/jean/ros2_ws/install/learning_tf2_py/share/learning_tf2_py/hook/ament_prefix_path.sh'
[0.410s] INFO:colcon.colcon_core.shell:Skip shell extension 'powershell' for command environment: Not usable outside of PowerShell
[0.411s] DEBUG:colcon.colcon_core.shell:Skip shell extension 'dsv' for command environment
[0.414s] INFO:colcon.colcon_ros.task.ament_python.build:Building ROS package in '/home/jean/ros2_ws/src/my_package' with build type 'ament_python'
[0.415s] Level 1:colcon.colcon_core.shell:create_environment_hook('my_package', 'ament_prefix_path')
[0.415s] INFO:colcon.colcon_core.shell:Creating environment hook '/home/jean/ros2_ws/install/my_package/share/my_package/hook/ament_prefix_path.ps1'
[0.416s] INFO:colcon.colcon_core.shell:Creating environment descriptor '/home/jean/ros2_ws/install/my_package/share/my_package/hook/ament_prefix_path.dsv'
[0.417s] INFO:colcon.colcon_core.shell:Creating environment hook '/home/jean/ros2_ws/install/my_package/share/my_package/hook/ament_prefix_path.sh'
[0.417s] INFO:colcon.colcon_core.shell:Skip shell extension 'powershell' for command environment: Not usable outside of PowerShell
[0.417s] DEBUG:colcon.colcon_core.shell:Skip shell extension 'dsv' for command environment
[0.422s] INFO:colcon.colcon_ros.task.ament_python.build:Building ROS package in '/home/jean/ros2_ws/src/py_pubsub' with build type 'ament_python'
[0.423s] Level 1:colcon.colcon_core.shell:create_environment_hook('py_pubsub', 'ament_prefix_path')
[0.424s] INFO:colcon.colcon_core.shell:Creating environment hook '/home/jean/ros2_ws/install/py_pubsub/share/py_pubsub/hook/ament_prefix_path.ps1'
[0.424s] INFO:colcon.colcon_core.shell:Creating environment descriptor '/home/jean/ros2_ws/install/py_pubsub/share/py_pubsub/hook/ament_prefix_path.dsv'
[0.425s] INFO:colcon.colcon_core.shell:Creating environment hook '/home/jean/ros2_ws/install/py_pubsub/share/py_pubsub/hook/ament_prefix_path.sh'
[0.426s] INFO:colcon.colcon_core.shell:Skip shell extension 'powershell' for command environment: Not usable outside of PowerShell
[0.426s] DEBUG:colcon.colcon_core.shell:Skip shell extension 'dsv' for command environment
[0.708s] INFO:colcon.colcon_core.task.python.build:Building Python package in '/home/jean/ros2_ws/src/learning_tf2_py'
[0.709s] INFO:colcon.colcon_core.shell:Skip shell extension 'powershell' for command environment: Not usable outside of PowerShell
[0.709s] DEBUG:colcon.colcon_core.shell:Skip shell extension 'dsv' for command environment
[1.054s] INFO:colcon.colcon_core.task.python.build:Building Python package in '/home/jean/ros2_ws/src/my_package'
[1.054s] INFO:colcon.colcon_core.shell:Skip shell extension 'powershell' for command environment: Not usable outside of PowerShell
[1.054s] DEBUG:colcon.colcon_core.shell:Skip shell extension 'dsv' for command environment
[1.337s] INFO:colcon.colcon_core.task.python.build:Building Python package in '/home/jean/ros2_ws/src/py_pubsub'
[1.338s] INFO:colcon.colcon_core.shell:Skip shell extension 'powershell' for command environment: Not usable outside of PowerShell
[1.338s] DEBUG:colcon.colcon_core.shell:Skip shell extension 'dsv' for command environment
[1.778s] DEBUG:colcon.colcon_core.event_handler.log_command:Invoking command in '/home/jean/ros2_ws/src/py_pubsub': PYTHONPATH=/home/jean/ros2_ws/build/py_pubsub/prefix_override:/usr/lib/python3/dist-packages/colcon_core/task/python/colcon_distutils_commands:/home/jean/ros2_ws/install/py_pubsub/lib/python3.10/site-packages:${PYTHONPATH} VIRTUAL_ENV_PROMPT=(.venv) /usr/bin/python3 -W ignore:setup.py install is deprecated -W ignore:easy_install command is deprecated setup.py egg_info --egg-base ../../build/py_pubsub build --build-base /home/jean/ros2_ws/build/py_pubsub/build install --record /home/jean/ros2_ws/build/py_pubsub/install.log --single-version-externally-managed install_data
[1.799s] DEBUG:colcon.colcon_core.event_handler.log_command:Invoking command in '/home/jean/ros2_ws/src/learning_tf2_py': PYTHONPATH=/home/jean/ros2_ws/build/learning_tf2_py/prefix_override:/usr/lib/python3/dist-packages/colcon_core/task/python/colcon_distutils_commands:/home/jean/ros2_ws/install/learning_tf2_py/lib/python3.10/site-packages:${PYTHONPATH} VIRTUAL_ENV_PROMPT=(.venv) /usr/bin/python3 -W ignore:setup.py install is deprecated -W ignore:easy_install command is deprecated setup.py egg_info --egg-base ../../build/learning_tf2_py build --build-base /home/jean/ros2_ws/build/learning_tf2_py/build install --record /home/jean/ros2_ws/build/learning_tf2_py/install.log --single-version-externally-managed install_data
[1.803s] DEBUG:colcon.colcon_core.event_handler.log_command:Invoking command in '/home/jean/ros2_ws/src/my_package': PYTHONPATH=/home/jean/ros2_ws/build/my_package/prefix_override:/usr/lib/python3/dist-packages/colcon_core/task/python/colcon_distutils_commands:/home/jean/ros2_ws/install/my_package/lib/python3.10/site-packages:${PYTHONPATH} VIRTUAL_ENV_PROMPT=(.venv) /usr/bin/python3 -W ignore:setup.py install is deprecated -W ignore:easy_install command is deprecated setup.py egg_info --egg-base ../../build/my_package build --build-base /home/jean/ros2_ws/build/my_package/build install --record /home/jean/ros2_ws/build/my_package/install.log --single-version-externally-managed install_data
[2.130s] Level 1:colcon.colcon_core.environment:checking '/home/jean/ros2_ws/install/py_pubsub' for CMake module files
[2.130s] Level 1:colcon.colcon_core.environment:checking '/home/jean/ros2_ws/install/py_pubsub' for CMake config files
[2.131s] Level 1:colcon.colcon_core.environment:checking '/home/jean/ros2_ws/install/py_pubsub/lib'
[2.131s] Level 1:colcon.colcon_core.environment:checking '/home/jean/ros2_ws/install/py_pubsub/bin'
[2.131s] Level 1:colcon.colcon_core.environment:checking '/home/jean/ros2_ws/install/py_pubsub/lib/pkgconfig/py_pubsub.pc'
[2.131s] Level 1:colcon.colcon_core.environment:checking '/home/jean/ros2_ws/install/py_pubsub/lib/python3.10/site-packages'
[2.132s] Level 1:colcon.colcon_core.shell:create_environment_hook('py_pubsub', 'pythonpath')
[2.132s] INFO:colcon.colcon_core.shell:Creating environment hook '/home/jean/ros2_ws/install/py_pubsub/share/py_pubsub/hook/pythonpath.ps1'
[2.132s] INFO:colcon.colcon_core.shell:Creating environment descriptor '/home/jean/ros2_ws/install/py_pubsub/share/py_pubsub/hook/pythonpath.dsv'
[2.133s] INFO:colcon.colcon_core.shell:Creating environment hook '/home/jean/ros2_ws/install/py_pubsub/share/py_pubsub/hook/pythonpath.sh'
[2.133s] Level 1:colcon.colcon_core.environment:checking '/home/jean/ros2_ws/install/py_pubsub/bin'
[2.133s] Level 1:colcon.colcon_core.environment:create_environment_scripts_only(py_pubsub)
[2.134s] INFO:colcon.colcon_core.shell:Creating package script '/home/jean/ros2_ws/install/py_pubsub/share/py_pubsub/package.ps1'
[2.134s] INFO:colcon.colcon_core.shell:Creating package descriptor '/home/jean/ros2_ws/install/py_pubsub/share/py_pubsub/package.dsv'
[2.135s] DEBUG:colcon.colcon_core.event_handler.log_command:Invoked command in '/home/jean/ros2_ws/src/py_pubsub' returned '0': PYTHONPATH=/home/jean/ros2_ws/build/py_pubsub/prefix_override:/usr/lib/python3/dist-packages/colcon_core/task/python/colcon_distutils_commands:/home/jean/ros2_ws/install/py_pubsub/lib/python3.10/site-packages:${PYTHONPATH} VIRTUAL_ENV_PROMPT=(.venv) /usr/bin/python3 -W ignore:setup.py install is deprecated -W ignore:easy_install command is deprecated setup.py egg_info --egg-base ../../build/py_pubsub build --build-base /home/jean/ros2_ws/build/py_pubsub/build install --record /home/jean/ros2_ws/build/py_pubsub/install.log --single-version-externally-managed install_data
[2.136s] INFO:colcon.colcon_core.shell:Creating package script '/home/jean/ros2_ws/install/py_pubsub/share/py_pubsub/package.sh'
[2.136s] INFO:colcon.colcon_core.shell:Creating package script '/home/jean/ros2_ws/install/py_pubsub/share/py_pubsub/package.bash'
[2.137s] INFO:colcon.colcon_core.shell:Creating package script '/home/jean/ros2_ws/install/py_pubsub/share/py_pubsub/package.zsh'
[2.138s] Level 1:colcon.colcon_core.environment:create_file_with_runtime_dependencies(/home/jean/ros2_ws/install/py_pubsub/share/colcon-core/packages/py_pubsub)
[2.167s] Level 1:colcon.colcon_core.environment:checking '/home/jean/ros2_ws/install/my_package' for CMake module files
[2.168s] DEBUG:colcon.colcon_core.event_handler.log_command:Invoked command in '/home/jean/ros2_ws/src/my_package' returned '0': PYTHONPATH=/home/jean/ros2_ws/build/my_package/prefix_override:/usr/lib/python3/dist-packages/colcon_core/task/python/colcon_distutils_commands:/home/jean/ros2_ws/install/my_package/lib/python3.10/site-packages:${PYTHONPATH} VIRTUAL_ENV_PROMPT=(.venv) /usr/bin/python3 -W ignore:setup.py install is deprecated -W ignore:easy_install command is deprecated setup.py egg_info --egg-base ../../build/my_package build --build-base /home/jean/ros2_ws/build/my_package/build install --record /home/jean/ros2_ws/build/my_package/install.log --single-version-externally-managed install_data
[2.168s] Level 1:colcon.colcon_core.environment:checking '/home/jean/ros2_ws/install/my_package' for CMake config files
[2.169s] Level 1:colcon.colcon_core.environment:checking '/home/jean/ros2_ws/install/my_package/lib'
[2.169s] Level 1:colcon.colcon_core.environment:checking '/home/jean/ros2_ws/install/my_package/bin'
[2.169s] Level 1:colcon.colcon_core.environment:checking '/home/jean/ros2_ws/install/my_package/lib/pkgconfig/my_package.pc'
[2.169s] Level 1:colcon.colcon_core.environment:checking '/home/jean/ros2_ws/install/my_package/lib/python3.10/site-packages'
[2.169s] Level 1:colcon.colcon_core.shell:create_environment_hook('my_package', 'pythonpath')
[2.169s] INFO:colcon.colcon_core.shell:Creating environment hook '/home/jean/ros2_ws/install/my_package/share/my_package/hook/pythonpath.ps1'
[2.170s] INFO:colcon.colcon_core.shell:Creating environment descriptor '/home/jean/ros2_ws/install/my_package/share/my_package/hook/pythonpath.dsv'
[2.171s] INFO:colcon.colcon_core.shell:Creating environment hook '/home/jean/ros2_ws/install/my_package/share/my_package/hook/pythonpath.sh'
[2.171s] Level 1:colcon.colcon_core.environment:checking '/home/jean/ros2_ws/install/my_package/bin'
[2.172s] Level 1:colcon.colcon_core.environment:create_environment_scripts_only(my_package)
[2.172s] INFO:colcon.colcon_core.shell:Creating package script '/home/jean/ros2_ws/install/my_package/share/my_package/package.ps1'
[2.173s] INFO:colcon.colcon_core.shell:Creating package descriptor '/home/jean/ros2_ws/install/my_package/share/my_package/package.dsv'
[2.173s] INFO:colcon.colcon_core.shell:Creating package script '/home/jean/ros2_ws/install/my_package/share/my_package/package.sh'
[2.174s] INFO:colcon.colcon_core.shell:Creating package script '/home/jean/ros2_ws/install/my_package/share/my_package/package.bash'
[2.174s] INFO:colcon.colcon_core.shell:Creating package script '/home/jean/ros2_ws/install/my_package/share/my_package/package.zsh'
[2.175s] Level 1:colcon.colcon_core.environment:create_file_with_runtime_dependencies(/home/jean/ros2_ws/install/my_package/share/colcon-core/packages/my_package)
[2.186s] Level 1:colcon.colcon_core.environment:checking '/home/jean/ros2_ws/install/learning_tf2_py' for CMake module files
[2.187s] DEBUG:colcon.colcon_core.event_handler.log_command:Invoked command in '/home/jean/ros2_ws/src/learning_tf2_py' returned '0': PYTHONPATH=/home/jean/ros2_ws/build/learning_tf2_py/prefix_override:/usr/lib/python3/dist-packages/colcon_core/task/python/colcon_distutils_commands:/home/jean/ros2_ws/install/learning_tf2_py/lib/python3.10/site-packages:${PYTHONPATH} VIRTUAL_ENV_PROMPT=(.venv) /usr/bin/python3 -W ignore:setup.py install is deprecated -W ignore:easy_install command is deprecated setup.py egg_info --egg-base ../../build/learning_tf2_py build --build-base /home/jean/ros2_ws/build/learning_tf2_py/build install --record /home/jean/ros2_ws/build/learning_tf2_py/install.log --single-version-externally-managed install_data
[2.188s] Level 1:colcon.colcon_core.environment:checking '/home/jean/ros2_ws/install/learning_tf2_py' for CMake config files
[2.188s] Level 1:colcon.colcon_core.environment:checking '/home/jean/ros2_ws/install/learning_tf2_py/lib'
[2.189s] Level 1:colcon.colcon_core.environment:checking '/home/jean/ros2_ws/install/learning_tf2_py/bin'
[2.189s] Level 1:colcon.colcon_core.environment:checking '/home/jean/ros2_ws/install/learning_tf2_py/lib/pkgconfig/learning_tf2_py.pc'
[2.189s] Level 1:colcon.colcon_core.environment:checking '/home/jean/ros2_ws/install/learning_tf2_py/lib/python3.10/site-packages'
[2.189s] Level 1:colcon.colcon_core.shell:create_environment_hook('learning_tf2_py', 'pythonpath')
[2.189s] INFO:colcon.colcon_core.shell:Creating environment hook '/home/jean/ros2_ws/install/learning_tf2_py/share/learning_tf2_py/hook/pythonpath.ps1'
[2.190s] INFO:colcon.colcon_core.shell:Creating environment descriptor '/home/jean/ros2_ws/install/learning_tf2_py/share/learning_tf2_py/hook/pythonpath.dsv'
[2.190s] INFO:colcon.colcon_core.shell:Creating environment hook '/home/jean/ros2_ws/install/learning_tf2_py/share/learning_tf2_py/hook/pythonpath.sh'
[2.191s] Level 1:colcon.colcon_core.environment:checking '/home/jean/ros2_ws/install/learning_tf2_py/bin'
[2.191s] Level 1:colcon.colcon_core.environment:create_environment_scripts_only(learning_tf2_py)
[2.192s] INFO:colcon.colcon_core.shell:Creating package script '/home/jean/ros2_ws/install/learning_tf2_py/share/learning_tf2_py/package.ps1'
[2.193s] INFO:colcon.colcon_core.shell:Creating package descriptor '/home/jean/ros2_ws/install/learning_tf2_py/share/learning_tf2_py/package.dsv'
[2.194s] INFO:colcon.colcon_core.shell:Creating package script '/home/jean/ros2_ws/install/learning_tf2_py/share/learning_tf2_py/package.sh'
[2.195s] INFO:colcon.colcon_core.shell:Creating package script '/home/jean/ros2_ws/install/learning_tf2_py/share/learning_tf2_py/package.bash'
[2.196s] INFO:colcon.colcon_core.shell:Creating package script '/home/jean/ros2_ws/install/learning_tf2_py/share/learning_tf2_py/package.zsh'
[2.197s] Level 1:colcon.colcon_core.environment:create_file_with_runtime_dependencies(/home/jean/ros2_ws/install/learning_tf2_py/share/colcon-core/packages/learning_tf2_py)
[2.198s] DEBUG:colcon.colcon_parallel_executor.executor.parallel:closing loop
[2.199s] DEBUG:colcon.colcon_parallel_executor.executor.parallel:loop closed
[2.199s] DEBUG:colcon.colcon_parallel_executor.executor.parallel:run_until_complete finished with '0'
[2.199s] DEBUG:colcon.colcon_core.event_reactor:joining thread
[2.219s] INFO:colcon.colcon_core.plugin_system:Skipping extension 'colcon_notification.desktop_notification.notify_send': Could not find 'notify-send'
[2.219s] INFO:colcon.colcon_core.plugin_system:Skipping extension 'colcon_notification.desktop_notification.terminal_notifier': Not used on non-Darwin systems
[2.219s] INFO:colcon.colcon_core.plugin_system:Skipping extension 'colcon_notification.desktop_notification.win32': Not used on non-Windows systems
[2.219s] INFO:colcon.colcon_notification.desktop_notification:Sending desktop notification using 'notify2'
[2.219s] DEBUG:colcon.colcon_notification.desktop_notification.notify2:Failed to initialize notify2: org.freedesktop.DBus.Error.FileNotFound: Failed to connect to socket /run/user/1000/bus: No such file or directory
[2.220s] DEBUG:colcon.colcon_core.event_reactor:joined thread
[2.220s] INFO:colcon.colcon_core.shell:Creating prefix script '/home/jean/ros2_ws/install/local_setup.ps1'
[2.222s] INFO:colcon.colcon_core.shell:Creating prefix util module '/home/jean/ros2_ws/install/_local_setup_util_ps1.py'
[2.224s] INFO:colcon.colcon_core.shell:Creating prefix chain script '/home/jean/ros2_ws/install/setup.ps1'
[2.226s] INFO:colcon.colcon_core.shell:Creating prefix script '/home/jean/ros2_ws/install/local_setup.sh'
[2.226s] INFO:colcon.colcon_core.shell:Creating prefix util module '/home/jean/ros2_ws/install/_local_setup_util_sh.py'
[2.227s] INFO:colcon.colcon_core.shell:Creating prefix chain script '/home/jean/ros2_ws/install/setup.sh'
[2.228s] INFO:colcon.colcon_core.shell:Creating prefix script '/home/jean/ros2_ws/install/local_setup.bash'
[2.229s] INFO:colcon.colcon_core.shell:Creating prefix chain script '/home/jean/ros2_ws/install/setup.bash'
[2.229s] INFO:colcon.colcon_core.shell:Creating prefix script '/home/jean/ros2_ws/install/local_setup.zsh'
[2.230s] INFO:colcon.colcon_core.shell:Creating prefix chain script '/home/jean/ros2_ws/install/setup.zsh'
