[1.055s] Invoking command in '/home/jean/ros2_ws/src/py_pubsub': PYTHONPATH=/home/jean/ros2_ws/build/py_pubsub/prefix_override:/usr/lib/python3/dist-packages/colcon_core/task/python/colcon_distutils_commands:/home/jean/ros2_ws/install/py_pubsub/lib/python3.10/site-packages:${PYTHONPATH} VIRTUAL_ENV_PROMPT=(.venv) /usr/bin/python3 -W ignore:setup.py install is deprecated -W ignore:easy_install command is deprecated setup.py egg_info --egg-base ../../build/py_pubsub build --build-base /home/jean/ros2_ws/build/py_pubsub/build install --record /home/jean/ros2_ws/build/py_pubsub/install.log --single-version-externally-managed install_data
[1.385s] running egg_info
[1.385s] creating ../../build/py_pubsub/py_pubsub.egg-info
[1.386s] writing ../../build/py_pubsub/py_pubsub.egg-info/PKG-INFO
[1.386s] writing dependency_links to ../../build/py_pubsub/py_pubsub.egg-info/dependency_links.txt
[1.386s] writing entry points to ../../build/py_pubsub/py_pubsub.egg-info/entry_points.txt
[1.386s] writing requirements to ../../build/py_pubsub/py_pubsub.egg-info/requires.txt
[1.387s] writing top-level names to ../../build/py_pubsub/py_pubsub.egg-info/top_level.txt
[1.387s] writing manifest file '../../build/py_pubsub/py_pubsub.egg-info/SOURCES.txt'
[1.389s] reading manifest file '../../build/py_pubsub/py_pubsub.egg-info/SOURCES.txt'
[1.390s] writing manifest file '../../build/py_pubsub/py_pubsub.egg-info/SOURCES.txt'
[1.390s] running build
[1.390s] running build_py
[1.390s] creating /home/jean/ros2_ws/build/py_pubsub/build
[1.390s] creating /home/jean/ros2_ws/build/py_pubsub/build/lib
[1.390s] creating /home/jean/ros2_ws/build/py_pubsub/build/lib/py_pubsub
[1.390s] copying py_pubsub/__init__.py -> /home/jean/ros2_ws/build/py_pubsub/build/lib/py_pubsub
[1.391s] copying py_pubsub/subscriber_member_function.py -> /home/jean/ros2_ws/build/py_pubsub/build/lib/py_pubsub
[1.391s] copying py_pubsub/publisher_member_function.py -> /home/jean/ros2_ws/build/py_pubsub/build/lib/py_pubsub
[1.391s] running install
[1.391s] running install_lib
[1.393s] creating /home/jean/ros2_ws/install/py_pubsub/lib/python3.10/site-packages/py_pubsub
[1.393s] copying /home/jean/ros2_ws/build/py_pubsub/build/lib/py_pubsub/__init__.py -> /home/jean/ros2_ws/install/py_pubsub/lib/python3.10/site-packages/py_pubsub
[1.393s] copying /home/jean/ros2_ws/build/py_pubsub/build/lib/py_pubsub/subscriber_member_function.py -> /home/jean/ros2_ws/install/py_pubsub/lib/python3.10/site-packages/py_pubsub
[1.393s] copying /home/jean/ros2_ws/build/py_pubsub/build/lib/py_pubsub/publisher_member_function.py -> /home/jean/ros2_ws/install/py_pubsub/lib/python3.10/site-packages/py_pubsub
[1.394s] byte-compiling /home/jean/ros2_ws/install/py_pubsub/lib/python3.10/site-packages/py_pubsub/__init__.py to __init__.cpython-310.pyc
[1.394s] byte-compiling /home/jean/ros2_ws/install/py_pubsub/lib/python3.10/site-packages/py_pubsub/subscriber_member_function.py to subscriber_member_function.cpython-310.pyc
[1.395s] byte-compiling /home/jean/ros2_ws/install/py_pubsub/lib/python3.10/site-packages/py_pubsub/publisher_member_function.py to publisher_member_function.cpython-310.pyc
[1.395s] running install_data
[1.395s] creating /home/jean/ros2_ws/install/py_pubsub/share/ament_index
[1.396s] creating /home/jean/ros2_ws/install/py_pubsub/share/ament_index/resource_index
[1.396s] creating /home/jean/ros2_ws/install/py_pubsub/share/ament_index/resource_index/packages
[1.396s] copying resource/py_pubsub -> /home/jean/ros2_ws/install/py_pubsub/share/ament_index/resource_index/packages
[1.396s] copying package.xml -> /home/jean/ros2_ws/install/py_pubsub/share/py_pubsub
[1.396s] running install_egg_info
[1.398s] Copying ../../build/py_pubsub/py_pubsub.egg-info to /home/jean/ros2_ws/install/py_pubsub/lib/python3.10/site-packages/py_pubsub-0.0.0-py3.10.egg-info
[1.400s] running install_scripts
[1.425s] Installing listener script to /home/jean/ros2_ws/install/py_pubsub/lib/py_pubsub
[1.425s] Installing talker script to /home/jean/ros2_ws/install/py_pubsub/lib/py_pubsub
[1.425s] writing list of installed files to '/home/jean/ros2_ws/build/py_pubsub/install.log'
[1.470s] Invoked command in '/home/jean/ros2_ws/src/py_pubsub' returned '0': PYTHONPATH=/home/jean/ros2_ws/build/py_pubsub/prefix_override:/usr/lib/python3/dist-packages/colcon_core/task/python/colcon_distutils_commands:/home/jean/ros2_ws/install/py_pubsub/lib/python3.10/site-packages:${PYTHONPATH} VIRTUAL_ENV_PROMPT=(.venv) /usr/bin/python3 -W ignore:setup.py install is deprecated -W ignore:easy_install command is deprecated setup.py egg_info --egg-base ../../build/py_pubsub build --build-base /home/jean/ros2_ws/build/py_pubsub/build install --record /home/jean/ros2_ws/build/py_pubsub/install.log --single-version-externally-managed install_data
