[0.232s] DEBUG:colcon:Command line arguments: ['/usr/bin/colcon', 'build']
[0.232s] DEBUG:colcon:Parsed command line arguments: Namespace(log_base=None, log_level=None, verb_name='build', build_base='build', install_base='install', merge_install=False, symlink_install=False, test_result_base=None, continue_on_error=False, executor='parallel', parallel_workers=3, event_handlers=None, ignore_user_meta=False, metas=['./colcon.meta'], base_paths=['.'], packages_ignore=None, packages_ignore_regex=None, paths=None, packages_up_to=None, packages_up_to_regex=None, packages_above=None, packages_above_and_dependencies=None, packages_above_depth=None, packages_select_by_dep=None, packages_skip_by_dep=None, packages_skip_up_to=None, packages_select_build_failed=False, packages_skip_build_finished=False, packages_select_test_failures=False, packages_skip_test_passed=False, packages_select=None, packages_skip=None, packages_select_regex=None, packages_skip_regex=None, packages_start=None, packages_end=None, allow_overriding=[], cmake_args=None, cmake_target=None, cmake_target_skip_unavailable=False, cmake_clean_cache=False, cmake_clean_first=False, cmake_force_configure=False, ament_cmake_args=None, catkin_cmake_args=None, catkin_skip_building_tests=False, mixin_files=None, mixin=None, verb_parser=<colcon_mixin.mixin.mixin_argument.MixinArgumentDecorator object at 0x7fef0d50dbd0>, verb_extension=<colcon_core.verb.build.BuildVerb object at 0x7fef0d67ead0>, main=<bound method BuildVerb.main of <colcon_core.verb.build.BuildVerb object at 0x7fef0d67ead0>>, mixin_verb=('build',))
[0.783s] Level 1:colcon.colcon_core.package_discovery:discover_packages(colcon_meta) check parameters
[0.784s] Level 1:colcon.colcon_core.package_discovery:discover_packages(recursive) check parameters
[0.784s] Level 1:colcon.colcon_core.package_discovery:discover_packages(ignore) check parameters
[0.784s] Level 1:colcon.colcon_core.package_discovery:discover_packages(path) check parameters
[0.784s] Level 1:colcon.colcon_core.package_discovery:discover_packages(colcon_meta) discover
[0.784s] Level 1:colcon.colcon_core.package_discovery:discover_packages(recursive) discover
[0.784s] INFO:colcon.colcon_core.package_discovery:Crawling recursively for packages in '/home/jean/ros2_ws'
[0.784s] Level 1:colcon.colcon_core.package_identification:_identify(.) by extensions ['ignore', 'ignore_ament_install']
[0.784s] Level 1:colcon.colcon_core.package_identification:_identify(.) by extension 'ignore'
[0.784s] Level 1:colcon.colcon_core.package_identification:_identify(.) by extension 'ignore_ament_install'
[0.784s] Level 1:colcon.colcon_core.package_identification:_identify(.) by extensions ['colcon_pkg']
[0.784s] Level 1:colcon.colcon_core.package_identification:_identify(.) by extension 'colcon_pkg'
[0.784s] Level 1:colcon.colcon_core.package_identification:_identify(.) by extensions ['colcon_meta']
[0.784s] Level 1:colcon.colcon_core.package_identification:_identify(.) by extension 'colcon_meta'
[0.784s] Level 1:colcon.colcon_core.package_identification:_identify(.) by extensions ['ros']
[0.784s] Level 1:colcon.colcon_core.package_identification:_identify(.) by extension 'ros'
[0.809s] Level 1:colcon.colcon_core.package_identification:_identify(.) by extensions ['cmake', 'python']
[0.810s] Level 1:colcon.colcon_core.package_identification:_identify(.) by extension 'cmake'
[0.810s] Level 1:colcon.colcon_core.package_identification:_identify(.) by extension 'python'
[0.810s] Level 1:colcon.colcon_core.package_identification:_identify(.) by extensions ['python_setup_py']
[0.810s] Level 1:colcon.colcon_core.package_identification:_identify(.) by extension 'python_setup_py'
[0.810s] Level 1:colcon.colcon_core.package_identification:_identify(build) by extensions ['ignore', 'ignore_ament_install']
[0.810s] Level 1:colcon.colcon_core.package_identification:_identify(build) by extension 'ignore'
[0.810s] Level 1:colcon.colcon_core.package_identification:_identify(build) ignored
[0.810s] Level 1:colcon.colcon_core.package_identification:_identify(install) by extensions ['ignore', 'ignore_ament_install']
[0.810s] Level 1:colcon.colcon_core.package_identification:_identify(install) by extension 'ignore'
[0.810s] Level 1:colcon.colcon_core.package_identification:_identify(install) ignored
[0.811s] Level 1:colcon.colcon_core.package_identification:_identify(log) by extensions ['ignore', 'ignore_ament_install']
[0.811s] Level 1:colcon.colcon_core.package_identification:_identify(log) by extension 'ignore'
[0.811s] Level 1:colcon.colcon_core.package_identification:_identify(log) ignored
[0.811s] Level 1:colcon.colcon_core.package_identification:_identify(src) by extensions ['ignore', 'ignore_ament_install']
[0.811s] Level 1:colcon.colcon_core.package_identification:_identify(src) by extension 'ignore'
[0.811s] Level 1:colcon.colcon_core.package_identification:_identify(src) by extension 'ignore_ament_install'
[0.811s] Level 1:colcon.colcon_core.package_identification:_identify(src) by extensions ['colcon_pkg']
[0.811s] Level 1:colcon.colcon_core.package_identification:_identify(src) by extension 'colcon_pkg'
[0.811s] Level 1:colcon.colcon_core.package_identification:_identify(src) by extensions ['colcon_meta']
[0.811s] Level 1:colcon.colcon_core.package_identification:_identify(src) by extension 'colcon_meta'
[0.811s] Level 1:colcon.colcon_core.package_identification:_identify(src) by extensions ['ros']
[0.811s] Level 1:colcon.colcon_core.package_identification:_identify(src) by extension 'ros'
[0.811s] Level 1:colcon.colcon_core.package_identification:_identify(src) by extensions ['cmake', 'python']
[0.812s] Level 1:colcon.colcon_core.package_identification:_identify(src) by extension 'cmake'
[0.812s] Level 1:colcon.colcon_core.package_identification:_identify(src) by extension 'python'
[0.812s] Level 1:colcon.colcon_core.package_identification:_identify(src) by extensions ['python_setup_py']
[0.812s] Level 1:colcon.colcon_core.package_identification:_identify(src) by extension 'python_setup_py'
[0.812s] Level 1:colcon.colcon_core.package_identification:_identify(src/my_package) by extensions ['ignore', 'ignore_ament_install']
[0.812s] Level 1:colcon.colcon_core.package_identification:_identify(src/my_package) by extension 'ignore'
[0.812s] Level 1:colcon.colcon_core.package_identification:_identify(src/my_package) by extension 'ignore_ament_install'
[0.812s] Level 1:colcon.colcon_core.package_identification:_identify(src/my_package) by extensions ['colcon_pkg']
[0.812s] Level 1:colcon.colcon_core.package_identification:_identify(src/my_package) by extension 'colcon_pkg'
[0.812s] Level 1:colcon.colcon_core.package_identification:_identify(src/my_package) by extensions ['colcon_meta']
[0.812s] Level 1:colcon.colcon_core.package_identification:_identify(src/my_package) by extension 'colcon_meta'
[0.812s] Level 1:colcon.colcon_core.package_identification:_identify(src/my_package) by extensions ['ros']
[0.812s] Level 1:colcon.colcon_core.package_identification:_identify(src/my_package) by extension 'ros'
[0.817s] DEBUG:colcon.colcon_core.package_identification:Package 'src/my_package' with type 'ros.ament_python' and name 'my_package'
[0.817s] Level 1:colcon.colcon_core.package_discovery:discover_packages(recursive) using defaults
[0.817s] Level 1:colcon.colcon_core.package_discovery:discover_packages(ignore) discover
[0.817s] Level 1:colcon.colcon_core.package_discovery:discover_packages(ignore) using defaults
[0.817s] Level 1:colcon.colcon_core.package_discovery:discover_packages(path) discover
[0.817s] Level 1:colcon.colcon_core.package_discovery:discover_packages(path) using defaults
[0.857s] Level 1:colcon.colcon_core.package_discovery:discover_packages(prefix_path) check parameters
[0.858s] Level 1:colcon.colcon_core.package_discovery:discover_packages(prefix_path) discover
[0.860s] DEBUG:colcon.colcon_installed_package_information.package_discovery:Found 270 installed packages in /opt/ros/humble
[0.873s] Level 1:colcon.colcon_core.package_discovery:discover_packages(prefix_path) using defaults
[0.935s] Level 5:colcon.colcon_core.verb:set package 'my_package' build argument 'cmake_args' from command line to 'None'
[0.935s] Level 5:colcon.colcon_core.verb:set package 'my_package' build argument 'cmake_target' from command line to 'None'
[0.935s] Level 5:colcon.colcon_core.verb:set package 'my_package' build argument 'cmake_target_skip_unavailable' from command line to 'False'
[0.935s] Level 5:colcon.colcon_core.verb:set package 'my_package' build argument 'cmake_clean_cache' from command line to 'False'
[0.935s] Level 5:colcon.colcon_core.verb:set package 'my_package' build argument 'cmake_clean_first' from command line to 'False'
[0.935s] Level 5:colcon.colcon_core.verb:set package 'my_package' build argument 'cmake_force_configure' from command line to 'False'
[0.935s] Level 5:colcon.colcon_core.verb:set package 'my_package' build argument 'ament_cmake_args' from command line to 'None'
[0.935s] Level 5:colcon.colcon_core.verb:set package 'my_package' build argument 'catkin_cmake_args' from command line to 'None'
[0.935s] Level 5:colcon.colcon_core.verb:set package 'my_package' build argument 'catkin_skip_building_tests' from command line to 'False'
[0.935s] DEBUG:colcon.colcon_core.verb:Building package 'my_package' with the following arguments: {'ament_cmake_args': None, 'build_base': '/home/jean/ros2_ws/build/my_package', 'catkin_cmake_args': None, 'catkin_skip_building_tests': False, 'cmake_args': None, 'cmake_clean_cache': False, 'cmake_clean_first': False, 'cmake_force_configure': False, 'cmake_target': None, 'cmake_target_skip_unavailable': False, 'install_base': '/home/jean/ros2_ws/install/my_package', 'merge_install': False, 'path': '/home/jean/ros2_ws/src/my_package', 'symlink_install': False, 'test_result_base': None}
[0.935s] INFO:colcon.colcon_core.executor:Executing jobs using 'parallel' executor
[0.937s] DEBUG:colcon.colcon_parallel_executor.executor.parallel:run_until_complete
[0.937s] INFO:colcon.colcon_ros.task.ament_python.build:Building ROS package in '/home/jean/ros2_ws/src/my_package' with build type 'ament_python'
[0.938s] Level 1:colcon.colcon_core.shell:create_environment_hook('my_package', 'ament_prefix_path')
[0.948s] INFO:colcon.colcon_core.plugin_system:Skipping extension 'colcon_core.shell.bat': Not used on non-Windows systems
[0.949s] INFO:colcon.colcon_core.shell:Creating environment hook '/home/jean/ros2_ws/install/my_package/share/my_package/hook/ament_prefix_path.ps1'
[0.950s] INFO:colcon.colcon_core.shell:Creating environment descriptor '/home/jean/ros2_ws/install/my_package/share/my_package/hook/ament_prefix_path.dsv'
[0.951s] INFO:colcon.colcon_core.shell:Creating environment hook '/home/jean/ros2_ws/install/my_package/share/my_package/hook/ament_prefix_path.sh'
[0.952s] INFO:colcon.colcon_core.shell:Skip shell extension 'powershell' for command environment: Not usable outside of PowerShell
[0.952s] DEBUG:colcon.colcon_core.shell:Skip shell extension 'dsv' for command environment
[1.325s] INFO:colcon.colcon_core.task.python.build:Building Python package in '/home/jean/ros2_ws/src/my_package'
[1.326s] INFO:colcon.colcon_core.shell:Skip shell extension 'powershell' for command environment: Not usable outside of PowerShell
[1.326s] DEBUG:colcon.colcon_core.shell:Skip shell extension 'dsv' for command environment
[2.177s] DEBUG:colcon.colcon_core.event_handler.log_command:Invoking command in '/home/jean/ros2_ws/src/my_package': PYTHONPATH=/home/jean/ros2_ws/build/my_package/prefix_override:/usr/lib/python3/dist-packages/colcon_core/task/python/colcon_distutils_commands:/home/jean/ros2_ws/install/my_package/lib/python3.10/site-packages:${PYTHONPATH} /usr/bin/python3 -W ignore:setup.py install is deprecated -W ignore:easy_install command is deprecated setup.py egg_info --egg-base ../../build/my_package build --build-base /home/jean/ros2_ws/build/my_package/build install --record /home/jean/ros2_ws/build/my_package/install.log --single-version-externally-managed install_data
[2.553s] DEBUG:colcon.colcon_core.event_handler.log_command:Invoked command in '/home/jean/ros2_ws/src/my_package' returned '0': PYTHONPATH=/home/jean/ros2_ws/build/my_package/prefix_override:/usr/lib/python3/dist-packages/colcon_core/task/python/colcon_distutils_commands:/home/jean/ros2_ws/install/my_package/lib/python3.10/site-packages:${PYTHONPATH} /usr/bin/python3 -W ignore:setup.py install is deprecated -W ignore:easy_install command is deprecated setup.py egg_info --egg-base ../../build/my_package build --build-base /home/jean/ros2_ws/build/my_package/build install --record /home/jean/ros2_ws/build/my_package/install.log --single-version-externally-managed install_data
[2.557s] Level 1:colcon.colcon_core.environment:checking '/home/jean/ros2_ws/install/my_package' for CMake module files
[2.558s] Level 1:colcon.colcon_core.environment:checking '/home/jean/ros2_ws/install/my_package' for CMake config files
[2.560s] Level 1:colcon.colcon_core.environment:checking '/home/jean/ros2_ws/install/my_package/lib'
[2.560s] Level 1:colcon.colcon_core.environment:checking '/home/jean/ros2_ws/install/my_package/bin'
[2.560s] Level 1:colcon.colcon_core.environment:checking '/home/jean/ros2_ws/install/my_package/lib/pkgconfig/my_package.pc'
[2.561s] Level 1:colcon.colcon_core.environment:checking '/home/jean/ros2_ws/install/my_package/lib/python3.10/site-packages'
[2.561s] Level 1:colcon.colcon_core.shell:create_environment_hook('my_package', 'pythonpath')
[2.561s] INFO:colcon.colcon_core.shell:Creating environment hook '/home/jean/ros2_ws/install/my_package/share/my_package/hook/pythonpath.ps1'
[2.562s] INFO:colcon.colcon_core.shell:Creating environment descriptor '/home/jean/ros2_ws/install/my_package/share/my_package/hook/pythonpath.dsv'
[2.562s] INFO:colcon.colcon_core.shell:Creating environment hook '/home/jean/ros2_ws/install/my_package/share/my_package/hook/pythonpath.sh'
[2.563s] Level 1:colcon.colcon_core.environment:checking '/home/jean/ros2_ws/install/my_package/bin'
[2.563s] Level 1:colcon.colcon_core.environment:create_environment_scripts_only(my_package)
[2.563s] INFO:colcon.colcon_core.shell:Creating package script '/home/jean/ros2_ws/install/my_package/share/my_package/package.ps1'
[2.564s] INFO:colcon.colcon_core.shell:Creating package descriptor '/home/jean/ros2_ws/install/my_package/share/my_package/package.dsv'
[2.564s] INFO:colcon.colcon_core.shell:Creating package script '/home/jean/ros2_ws/install/my_package/share/my_package/package.sh'
[2.564s] INFO:colcon.colcon_core.shell:Creating package script '/home/jean/ros2_ws/install/my_package/share/my_package/package.bash'
[2.565s] INFO:colcon.colcon_core.shell:Creating package script '/home/jean/ros2_ws/install/my_package/share/my_package/package.zsh'
[2.566s] Level 1:colcon.colcon_core.environment:create_file_with_runtime_dependencies(/home/jean/ros2_ws/install/my_package/share/colcon-core/packages/my_package)
[2.573s] DEBUG:colcon.colcon_parallel_executor.executor.parallel:closing loop
[2.573s] DEBUG:colcon.colcon_parallel_executor.executor.parallel:loop closed
[2.574s] DEBUG:colcon.colcon_parallel_executor.executor.parallel:run_until_complete finished with '0'
[2.574s] DEBUG:colcon.colcon_core.event_reactor:joining thread
[2.600s] INFO:colcon.colcon_core.plugin_system:Skipping extension 'colcon_notification.desktop_notification.notify_send': Could not find 'notify-send'
[2.600s] INFO:colcon.colcon_core.plugin_system:Skipping extension 'colcon_notification.desktop_notification.terminal_notifier': Not used on non-Darwin systems
[2.600s] INFO:colcon.colcon_core.plugin_system:Skipping extension 'colcon_notification.desktop_notification.win32': Not used on non-Windows systems
[2.600s] INFO:colcon.colcon_notification.desktop_notification:Sending desktop notification using 'notify2'
[2.601s] DEBUG:colcon.colcon_notification.desktop_notification.notify2:Failed to initialize notify2: org.freedesktop.DBus.Error.FileNotFound: Failed to connect to socket /run/user/1000/bus: No such file or directory
[2.601s] DEBUG:colcon.colcon_core.event_reactor:joined thread
[2.601s] INFO:colcon.colcon_core.shell:Creating prefix script '/home/jean/ros2_ws/install/local_setup.ps1'
[2.603s] INFO:colcon.colcon_core.shell:Creating prefix util module '/home/jean/ros2_ws/install/_local_setup_util_ps1.py'
[2.605s] INFO:colcon.colcon_core.shell:Creating prefix chain script '/home/jean/ros2_ws/install/setup.ps1'
[2.606s] INFO:colcon.colcon_core.shell:Creating prefix script '/home/jean/ros2_ws/install/local_setup.sh'
[2.607s] INFO:colcon.colcon_core.shell:Creating prefix util module '/home/jean/ros2_ws/install/_local_setup_util_sh.py'
[2.607s] INFO:colcon.colcon_core.shell:Creating prefix chain script '/home/jean/ros2_ws/install/setup.sh'
[2.608s] INFO:colcon.colcon_core.shell:Creating prefix script '/home/jean/ros2_ws/install/local_setup.bash'
[2.609s] INFO:colcon.colcon_core.shell:Creating prefix chain script '/home/jean/ros2_ws/install/setup.bash'
[2.609s] INFO:colcon.colcon_core.shell:Creating prefix script '/home/jean/ros2_ws/install/local_setup.zsh'
[2.610s] INFO:colcon.colcon_core.shell:Creating prefix chain script '/home/jean/ros2_ws/install/setup.zsh'
