[1.338s] Invoking command in '/home/jean/ros2_ws/src/learning_tf2_py': PYTHONPATH=/home/jean/ros2_ws/build/learning_tf2_py/prefix_override:/usr/lib/python3/dist-packages/colcon_core/task/python/colcon_distutils_commands:/home/jean/ros2_ws/install/learning_tf2_py/lib/python3.10/site-packages:${PYTHONPATH} VIRTUAL_ENV_PROMPT=(.venv) /usr/bin/python3 -W ignore:setup.py install is deprecated -W ignore:easy_install command is deprecated setup.py egg_info --egg-base ../../build/learning_tf2_py build --build-base /home/jean/ros2_ws/build/learning_tf2_py/build install --record /home/jean/ros2_ws/build/learning_tf2_py/install.log --single-version-externally-managed install_data
[1.602s] running egg_info
[1.605s] creating ../../build/learning_tf2_py/learning_tf2_py.egg-info
[1.606s] writing ../../build/learning_tf2_py/learning_tf2_py.egg-info/PKG-INFO
[1.607s] writing dependency_links to ../../build/learning_tf2_py/learning_tf2_py.egg-info/dependency_links.txt
[1.608s] writing entry points to ../../build/learning_tf2_py/learning_tf2_py.egg-info/entry_points.txt
[1.609s] writing requirements to ../../build/learning_tf2_py/learning_tf2_py.egg-info/requires.txt
[1.614s] writing top-level names to ../../build/learning_tf2_py/learning_tf2_py.egg-info/top_level.txt
[1.614s] writing manifest file '../../build/learning_tf2_py/learning_tf2_py.egg-info/SOURCES.txt'
[1.614s] reading manifest file '../../build/learning_tf2_py/learning_tf2_py.egg-info/SOURCES.txt'
[1.617s] writing manifest file '../../build/learning_tf2_py/learning_tf2_py.egg-info/SOURCES.txt'
[1.618s] running build
[1.618s] running build_py
[1.621s] creating /home/jean/ros2_ws/build/learning_tf2_py/build
[1.621s] creating /home/jean/ros2_ws/build/learning_tf2_py/build/lib
[1.622s] creating /home/jean/ros2_ws/build/learning_tf2_py/build/lib/learning_tf2_py
[1.622s] copying learning_tf2_py/__init__.py -> /home/jean/ros2_ws/build/learning_tf2_py/build/lib/learning_tf2_py
[1.624s] copying learning_tf2_py/turtle_tf2_broadcaster.py -> /home/jean/ros2_ws/build/learning_tf2_py/build/lib/learning_tf2_py
[1.624s] running install
[1.625s] running install_lib
[1.626s] creating /home/jean/ros2_ws/install/learning_tf2_py/lib/python3.10/site-packages/learning_tf2_py
[1.627s] copying /home/jean/ros2_ws/build/learning_tf2_py/build/lib/learning_tf2_py/__init__.py -> /home/jean/ros2_ws/install/learning_tf2_py/lib/python3.10/site-packages/learning_tf2_py
[1.627s] copying /home/jean/ros2_ws/build/learning_tf2_py/build/lib/learning_tf2_py/turtle_tf2_broadcaster.py -> /home/jean/ros2_ws/install/learning_tf2_py/lib/python3.10/site-packages/learning_tf2_py
[1.628s] byte-compiling /home/jean/ros2_ws/install/learning_tf2_py/lib/python3.10/site-packages/learning_tf2_py/__init__.py to __init__.cpython-310.pyc
[1.629s] byte-compiling /home/jean/ros2_ws/install/learning_tf2_py/lib/python3.10/site-packages/learning_tf2_py/turtle_tf2_broadcaster.py to turtle_tf2_broadcaster.cpython-310.pyc
[1.635s] running install_data
[1.635s] creating /home/jean/ros2_ws/install/learning_tf2_py/share/ament_index
[1.636s] creating /home/jean/ros2_ws/install/learning_tf2_py/share/ament_index/resource_index
[1.636s] creating /home/jean/ros2_ws/install/learning_tf2_py/share/ament_index/resource_index/packages
[1.636s] copying resource/learning_tf2_py -> /home/jean/ros2_ws/install/learning_tf2_py/share/ament_index/resource_index/packages
[1.637s] copying package.xml -> /home/jean/ros2_ws/install/learning_tf2_py/share/learning_tf2_py
[1.637s] creating /home/jean/ros2_ws/install/learning_tf2_py/share/learning_tf2_py/launch
[1.638s] copying launch/turtle_tf2_demo.launch.py -> /home/jean/ros2_ws/install/learning_tf2_py/share/learning_tf2_py/launch
[1.638s] running install_egg_info
[1.640s] Copying ../../build/learning_tf2_py/learning_tf2_py.egg-info to /home/jean/ros2_ws/install/learning_tf2_py/lib/python3.10/site-packages/learning_tf2_py-0.0.0-py3.10.egg-info
[1.641s] running install_scripts
[1.670s] Installing turtle_tf2_broadcaster script to /home/jean/ros2_ws/install/learning_tf2_py/lib/learning_tf2_py
[1.671s] writing list of installed files to '/home/jean/ros2_ws/build/learning_tf2_py/install.log'
[1.705s] Invoked command in '/home/jean/ros2_ws/src/learning_tf2_py' returned '0': PYTHONPATH=/home/jean/ros2_ws/build/learning_tf2_py/prefix_override:/usr/lib/python3/dist-packages/colcon_core/task/python/colcon_distutils_commands:/home/jean/ros2_ws/install/learning_tf2_py/lib/python3.10/site-packages:${PYTHONPATH} VIRTUAL_ENV_PROMPT=(.venv) /usr/bin/python3 -W ignore:setup.py install is deprecated -W ignore:easy_install command is deprecated setup.py egg_info --egg-base ../../build/learning_tf2_py build --build-base /home/jean/ros2_ws/build/learning_tf2_py/build install --record /home/jean/ros2_ws/build/learning_tf2_py/install.log --single-version-externally-managed install_data
