[7.654s] Invoking command in '/home/jean/ros2_ws/src/my_package': PYTHONPATH=/home/jean/ros2_ws/build/my_package/prefix_override:/usr/lib/python3/dist-packages/colcon_core/task/python/colcon_distutils_commands:/home/jean/ros2_ws/install/my_package/lib/python3.10/site-packages:${PYTHONPATH} VIRTUAL_ENV_PROMPT=(.venv) /usr/bin/python3 -W ignore:setup.py install is deprecated -W ignore:easy_install command is deprecated setup.py egg_info --egg-base ../../build/my_package build --build-base /home/jean/ros2_ws/build/my_package/build install --record /home/jean/ros2_ws/build/my_package/install.log --single-version-externally-managed install_data
[8.728s] running egg_info
[8.732s] writing ../../build/my_package/my_package.egg-info/PKG-INFO
[8.741s] writing dependency_links to ../../build/my_package/my_package.egg-info/dependency_links.txt
[8.743s] writing entry points to ../../build/my_package/my_package.egg-info/entry_points.txt
[8.743s] writing requirements to ../../build/my_package/my_package.egg-info/requires.txt
[8.743s] writing top-level names to ../../build/my_package/my_package.egg-info/top_level.txt
[8.757s] reading manifest file '../../build/my_package/my_package.egg-info/SOURCES.txt'
[8.757s] writing manifest file '../../build/my_package/my_package.egg-info/SOURCES.txt'
[8.759s] running build
[8.759s] running build_py
[8.765s] running install
[8.765s] running install_lib
[8.771s] running install_data
[8.774s] running install_egg_info
[8.777s] removing '/home/jean/ros2_ws/install/my_package/lib/python3.10/site-packages/my_package-0.0.0-py3.10.egg-info' (and everything under it)
[8.803s] Copying ../../build/my_package/my_package.egg-info to /home/jean/ros2_ws/install/my_package/lib/python3.10/site-packages/my_package-0.0.0-py3.10.egg-info
[8.803s] running install_scripts
[8.920s] Installing my_node script to /home/jean/ros2_ws/install/my_package/lib/my_package
[8.925s] writing list of installed files to '/home/jean/ros2_ws/build/my_package/install.log'
[9.563s] Invoked command in '/home/jean/ros2_ws/src/my_package' returned '0': PYTHONPATH=/home/jean/ros2_ws/build/my_package/prefix_override:/usr/lib/python3/dist-packages/colcon_core/task/python/colcon_distutils_commands:/home/jean/ros2_ws/install/my_package/lib/python3.10/site-packages:${PYTHONPATH} VIRTUAL_ENV_PROMPT=(.venv) /usr/bin/python3 -W ignore:setup.py install is deprecated -W ignore:easy_install command is deprecated setup.py egg_info --egg-base ../../build/my_package build --build-base /home/jean/ros2_ws/build/my_package/build install --record /home/jean/ros2_ws/build/my_package/install.log --single-version-externally-managed install_data
