[0.826s] Invoking command in '/home/jean/ros2_ws/src/my_package': PYTHONPATH=/home/jean/ros2_ws/build/my_package/prefix_override:/usr/lib/python3/dist-packages/colcon_core/task/python/colcon_distutils_commands:/home/jean/ros2_ws/install/my_package/lib/python3.10/site-packages:${PYTHONPATH} /usr/bin/python3 -W ignore:setup.py install is deprecated -W ignore:easy_install command is deprecated setup.py egg_info --egg-base ../../build/my_package build --build-base /home/jean/ros2_ws/build/my_package/build install --record /home/jean/ros2_ws/build/my_package/install.log --single-version-externally-managed install_data
[1.073s] running egg_info
[1.075s] writing ../../build/my_package/my_package.egg-info/PKG-INFO
[1.075s] writing dependency_links to ../../build/my_package/my_package.egg-info/dependency_links.txt
[1.075s] writing entry points to ../../build/my_package/my_package.egg-info/entry_points.txt
[1.076s] writing requirements to ../../build/my_package/my_package.egg-info/requires.txt
[1.076s] writing top-level names to ../../build/my_package/my_package.egg-info/top_level.txt
[1.078s] reading manifest file '../../build/my_package/my_package.egg-info/SOURCES.txt'
[1.078s] writing manifest file '../../build/my_package/my_package.egg-info/SOURCES.txt'
[1.078s] running build
[1.078s] running build_py
[1.079s] copying my_package/my_node.py -> /home/jean/ros2_ws/build/my_package/build/lib/my_package
[1.079s] running install
[1.080s] running install_lib
[1.081s] copying /home/jean/ros2_ws/build/my_package/build/lib/my_package/my_node.py -> /home/jean/ros2_ws/install/my_package/lib/python3.10/site-packages/my_package
[1.081s] byte-compiling /home/jean/ros2_ws/install/my_package/lib/python3.10/site-packages/my_package/my_node.py to my_node.cpython-310.pyc
[1.082s] running install_data
[1.082s] running install_egg_info
[1.084s] removing '/home/jean/ros2_ws/install/my_package/lib/python3.10/site-packages/my_package-0.0.0-py3.10.egg-info' (and everything under it)
[1.085s] Copying ../../build/my_package/my_package.egg-info to /home/jean/ros2_ws/install/my_package/lib/python3.10/site-packages/my_package-0.0.0-py3.10.egg-info
[1.087s] running install_scripts
[1.110s] Installing my_node script to /home/jean/ros2_ws/install/my_package/lib/my_package
[1.111s] writing list of installed files to '/home/jean/ros2_ws/build/my_package/install.log'
[1.148s] Invoked command in '/home/jean/ros2_ws/src/my_package' returned '0': PYTHONPATH=/home/jean/ros2_ws/build/my_package/prefix_override:/usr/lib/python3/dist-packages/colcon_core/task/python/colcon_distutils_commands:/home/jean/ros2_ws/install/my_package/lib/python3.10/site-packages:${PYTHONPATH} /usr/bin/python3 -W ignore:setup.py install is deprecated -W ignore:easy_install command is deprecated setup.py egg_info --egg-base ../../build/my_package build --build-base /home/jean/ros2_ws/build/my_package/build install --record /home/jean/ros2_ws/build/my_package/install.log --single-version-externally-managed install_data
