[1.332s] Invoking command in '/home/jean/ros2_ws/src/py_pubsub': PYTHONPATH=/home/jean/ros2_ws/build/py_pubsub/prefix_override:/usr/lib/python3/dist-packages/colcon_core/task/python/colcon_distutils_commands:/home/jean/ros2_ws/install/py_pubsub/lib/python3.10/site-packages:${PYTHONPATH} VIRTUAL_ENV_PROMPT=(.venv) /usr/bin/python3 -W ignore:setup.py install is deprecated -W ignore:easy_install command is deprecated setup.py egg_info --egg-base ../../build/py_pubsub build --build-base /home/jean/ros2_ws/build/py_pubsub/build install --record /home/jean/ros2_ws/build/py_pubsub/install.log --single-version-externally-managed install_data
[1.628s] running egg_info
[1.629s] writing ../../build/py_pubsub/py_pubsub.egg-info/PKG-INFO
[1.630s] writing dependency_links to ../../build/py_pubsub/py_pubsub.egg-info/dependency_links.txt
[1.630s] writing entry points to ../../build/py_pubsub/py_pubsub.egg-info/entry_points.txt
[1.630s] writing requirements to ../../build/py_pubsub/py_pubsub.egg-info/requires.txt
[1.631s] writing top-level names to ../../build/py_pubsub/py_pubsub.egg-info/top_level.txt
[1.634s] reading manifest file '../../build/py_pubsub/py_pubsub.egg-info/SOURCES.txt'
[1.635s] writing manifest file '../../build/py_pubsub/py_pubsub.egg-info/SOURCES.txt'
[1.636s] running build
[1.636s] running build_py
[1.636s] copying py_pubsub/publisher_member_function.py -> /home/jean/ros2_ws/build/py_pubsub/build/lib/py_pubsub
[1.637s] running install
[1.637s] running install_lib
[1.638s] copying /home/jean/ros2_ws/build/py_pubsub/build/lib/py_pubsub/publisher_member_function.py -> /home/jean/ros2_ws/install/py_pubsub/lib/python3.10/site-packages/py_pubsub
[1.640s] byte-compiling /home/jean/ros2_ws/install/py_pubsub/lib/python3.10/site-packages/py_pubsub/publisher_member_function.py to publisher_member_function.cpython-310.pyc
[1.642s] running install_data
[1.642s] running install_egg_info
[1.644s] removing '/home/jean/ros2_ws/install/py_pubsub/lib/python3.10/site-packages/py_pubsub-0.0.0-py3.10.egg-info' (and everything under it)
[1.646s] Copying ../../build/py_pubsub/py_pubsub.egg-info to /home/jean/ros2_ws/install/py_pubsub/lib/python3.10/site-packages/py_pubsub-0.0.0-py3.10.egg-info
[1.651s] running install_scripts
[1.674s] Installing listener script to /home/jean/ros2_ws/install/py_pubsub/lib/py_pubsub
[1.674s] Installing talker script to /home/jean/ros2_ws/install/py_pubsub/lib/py_pubsub
[1.675s] writing list of installed files to '/home/jean/ros2_ws/build/py_pubsub/install.log'
[1.707s] Invoked command in '/home/jean/ros2_ws/src/py_pubsub' returned '0': PYTHONPATH=/home/jean/ros2_ws/build/py_pubsub/prefix_override:/usr/lib/python3/dist-packages/colcon_core/task/python/colcon_distutils_commands:/home/jean/ros2_ws/install/py_pubsub/lib/python3.10/site-packages:${PYTHONPATH} VIRTUAL_ENV_PROMPT=(.venv) /usr/bin/python3 -W ignore:setup.py install is deprecated -W ignore:easy_install command is deprecated setup.py egg_info --egg-base ../../build/py_pubsub build --build-base /home/jean/ros2_ws/build/py_pubsub/build install --record /home/jean/ros2_ws/build/py_pubsub/install.log --single-version-externally-managed install_data
