[2.109s] Invoking command in '/home/jean/ros2_ws/src/robot_kinematics': PYTHONPATH=/home/jean/ros2_ws/build/robot_kinematics/prefix_override:/usr/lib/python3/dist-packages/colcon_core/task/python/colcon_distutils_commands:/home/jean/ros2_ws/install/robot_kinematics/lib/python3.10/site-packages:${PYTHONPATH} VIRTUAL_ENV_PROMPT=(.venv) /usr/bin/python3 -W ignore:setup.py install is deprecated -W ignore:easy_install command is deprecated setup.py egg_info --egg-base ../../build/robot_kinematics build --build-base /home/jean/ros2_ws/build/robot_kinematics/build install --record /home/jean/ros2_ws/build/robot_kinematics/install.log --single-version-externally-managed install_data
[2.885s] running egg_info
[2.887s] writing ../../build/robot_kinematics/robot_kinematics.egg-info/PKG-INFO
[2.888s] writing dependency_links to ../../build/robot_kinematics/robot_kinematics.egg-info/dependency_links.txt
[2.888s] writing entry points to ../../build/robot_kinematics/robot_kinematics.egg-info/entry_points.txt
[2.888s] writing requirements to ../../build/robot_kinematics/robot_kinematics.egg-info/requires.txt
[2.888s] writing top-level names to ../../build/robot_kinematics/robot_kinematics.egg-info/top_level.txt
[2.896s] reading manifest file '../../build/robot_kinematics/robot_kinematics.egg-info/SOURCES.txt'
[2.899s] writing manifest file '../../build/robot_kinematics/robot_kinematics.egg-info/SOURCES.txt'
[2.901s] running build
[2.902s] running build_py
[2.904s] copying robot_kinematics/turtlebot_pos.py -> /home/jean/ros2_ws/build/robot_kinematics/build/lib/robot_kinematics
[2.905s] running install
[2.905s] running install_lib
[2.907s] copying /home/jean/ros2_ws/build/robot_kinematics/build/lib/robot_kinematics/turtlebot_pos.py -> /home/jean/ros2_ws/install/robot_kinematics/lib/python3.10/site-packages/robot_kinematics
[2.910s] byte-compiling /home/jean/ros2_ws/install/robot_kinematics/lib/python3.10/site-packages/robot_kinematics/turtlebot_pos.py to turtlebot_pos.cpython-310.pyc
[2.913s] running install_data
[2.916s] running install_egg_info
[2.920s] removing '/home/jean/ros2_ws/install/robot_kinematics/lib/python3.10/site-packages/robot_kinematics-0.0.0-py3.10.egg-info' (and everything under it)
[2.923s] Copying ../../build/robot_kinematics/robot_kinematics.egg-info to /home/jean/ros2_ws/install/robot_kinematics/lib/python3.10/site-packages/robot_kinematics-0.0.0-py3.10.egg-info
[2.924s] running install_scripts
[2.996s] Installing node-robotKinematics script to /home/jean/ros2_ws/install/robot_kinematics/lib/robot_kinematics
[3.005s] writing list of installed files to '/home/jean/ros2_ws/build/robot_kinematics/install.log'
[3.095s] Invoked command in '/home/jean/ros2_ws/src/robot_kinematics' returned '0': PYTHONPATH=/home/jean/ros2_ws/build/robot_kinematics/prefix_override:/usr/lib/python3/dist-packages/colcon_core/task/python/colcon_distutils_commands:/home/jean/ros2_ws/install/robot_kinematics/lib/python3.10/site-packages:${PYTHONPATH} VIRTUAL_ENV_PROMPT=(.venv) /usr/bin/python3 -W ignore:setup.py install is deprecated -W ignore:easy_install command is deprecated setup.py egg_info --egg-base ../../build/robot_kinematics build --build-base /home/jean/ros2_ws/build/robot_kinematics/build install --record /home/jean/ros2_ws/build/robot_kinematics/install.log --single-version-externally-managed install_data
