[0.313s] DEBUG:colcon:Command line arguments: ['/usr/bin/colcon', 'build']
[0.313s] DEBUG:colcon:Parsed command line arguments: Namespace(log_base=None, log_level=None, verb_name='build', build_base='build', install_base='install', merge_install=False, symlink_install=False, test_result_base=None, continue_on_error=False, executor='parallel', parallel_workers=3, event_handlers=None, ignore_user_meta=False, metas=['./colcon.meta'], base_paths=['.'], packages_ignore=None, packages_ignore_regex=None, paths=None, packages_up_to=None, packages_up_to_regex=None, packages_above=None, packages_above_and_dependencies=None, packages_above_depth=None, packages_select_by_dep=None, packages_skip_by_dep=None, packages_skip_up_to=None, packages_select_build_failed=False, packages_skip_build_finished=False, packages_select_test_failures=False, packages_skip_test_passed=False, packages_select=None, packages_skip=None, packages_select_regex=None, packages_skip_regex=None, packages_start=None, packages_end=None, allow_overriding=[], cmake_args=None, cmake_target=None, cmake_target_skip_unavailable=False, cmake_clean_cache=False, cmake_clean_first=False, cmake_force_configure=False, ament_cmake_args=None, catkin_cmake_args=None, catkin_skip_building_tests=False, mixin_files=None, mixin=None, verb_parser=<colcon_mixin.mixin.mixin_argument.MixinArgumentDecorator object at 0x7fc29f85a470>, verb_extension=<colcon_core.verb.build.BuildVerb object at 0x7fc29f9db400>, main=<bound method BuildVerb.main of <colcon_core.verb.build.BuildVerb object at 0x7fc29f9db400>>, mixin_verb=('build',))
[0.567s] Level 1:colcon.colcon_core.package_discovery:discover_packages(colcon_meta) check parameters
[0.567s] Level 1:colcon.colcon_core.package_discovery:discover_packages(recursive) check parameters
[0.568s] Level 1:colcon.colcon_core.package_discovery:discover_packages(ignore) check parameters
[0.568s] Level 1:colcon.colcon_core.package_discovery:discover_packages(path) check parameters
[0.568s] Level 1:colcon.colcon_core.package_discovery:discover_packages(colcon_meta) discover
[0.568s] Level 1:colcon.colcon_core.package_discovery:discover_packages(recursive) discover
[0.568s] INFO:colcon.colcon_core.package_discovery:Crawling recursively for packages in '/home/jean/ros2_ws'
[0.569s] Level 1:colcon.colcon_core.package_identification:_identify(.) by extensions ['ignore', 'ignore_ament_install']
[0.569s] Level 1:colcon.colcon_core.package_identification:_identify(.) by extension 'ignore'
[0.569s] Level 1:colcon.colcon_core.package_identification:_identify(.) by extension 'ignore_ament_install'
[0.569s] Level 1:colcon.colcon_core.package_identification:_identify(.) by extensions ['colcon_pkg']
[0.570s] Level 1:colcon.colcon_core.package_identification:_identify(.) by extension 'colcon_pkg'
[0.570s] Level 1:colcon.colcon_core.package_identification:_identify(.) by extensions ['colcon_meta']
[0.570s] Level 1:colcon.colcon_core.package_identification:_identify(.) by extension 'colcon_meta'
[0.570s] Level 1:colcon.colcon_core.package_identification:_identify(.) by extensions ['ros']
[0.570s] Level 1:colcon.colcon_core.package_identification:_identify(.) by extension 'ros'
[0.628s] Level 1:colcon.colcon_core.package_identification:_identify(.) by extensions ['cmake', 'python']
[0.628s] Level 1:colcon.colcon_core.package_identification:_identify(.) by extension 'cmake'
[0.628s] Level 1:colcon.colcon_core.package_identification:_identify(.) by extension 'python'
[0.629s] Level 1:colcon.colcon_core.package_identification:_identify(.) by extensions ['python_setup_py']
[0.629s] Level 1:colcon.colcon_core.package_identification:_identify(.) by extension 'python_setup_py'
[0.629s] Level 1:colcon.colcon_core.package_identification:_identify(build) by extensions ['ignore', 'ignore_ament_install']
[0.629s] Level 1:colcon.colcon_core.package_identification:_identify(build) by extension 'ignore'
[0.629s] Level 1:colcon.colcon_core.package_identification:_identify(build) ignored
[0.630s] Level 1:colcon.colcon_core.package_identification:_identify(install) by extensions ['ignore', 'ignore_ament_install']
[0.630s] Level 1:colcon.colcon_core.package_identification:_identify(install) by extension 'ignore'
[0.630s] Level 1:colcon.colcon_core.package_identification:_identify(install) ignored
[0.630s] Level 1:colcon.colcon_core.package_identification:_identify(log) by extensions ['ignore', 'ignore_ament_install']
[0.631s] Level 1:colcon.colcon_core.package_identification:_identify(log) by extension 'ignore'
[0.631s] Level 1:colcon.colcon_core.package_identification:_identify(log) ignored
[0.631s] Level 1:colcon.colcon_core.package_identification:_identify(src) by extensions ['ignore', 'ignore_ament_install']
[0.631s] Level 1:colcon.colcon_core.package_identification:_identify(src) by extension 'ignore'
[0.631s] Level 1:colcon.colcon_core.package_identification:_identify(src) by extension 'ignore_ament_install'
[0.632s] Level 1:colcon.colcon_core.package_identification:_identify(src) by extensions ['colcon_pkg']
[0.632s] Level 1:colcon.colcon_core.package_identification:_identify(src) by extension 'colcon_pkg'
[0.632s] Level 1:colcon.colcon_core.package_identification:_identify(src) by extensions ['colcon_meta']
[0.632s] Level 1:colcon.colcon_core.package_identification:_identify(src) by extension 'colcon_meta'
[0.632s] Level 1:colcon.colcon_core.package_identification:_identify(src) by extensions ['ros']
[0.633s] Level 1:colcon.colcon_core.package_identification:_identify(src) by extension 'ros'
[0.633s] Level 1:colcon.colcon_core.package_identification:_identify(src) by extensions ['cmake', 'python']
[0.633s] Level 1:colcon.colcon_core.package_identification:_identify(src) by extension 'cmake'
[0.634s] Level 1:colcon.colcon_core.package_identification:_identify(src) by extension 'python'
[0.635s] Level 1:colcon.colcon_core.package_identification:_identify(src) by extensions ['python_setup_py']
[0.635s] Level 1:colcon.colcon_core.package_identification:_identify(src) by extension 'python_setup_py'
[0.636s] Level 1:colcon.colcon_core.package_identification:_identify(src/learning_tf2_py) by extensions ['ignore', 'ignore_ament_install']
[0.636s] Level 1:colcon.colcon_core.package_identification:_identify(src/learning_tf2_py) by extension 'ignore'
[0.636s] Level 1:colcon.colcon_core.package_identification:_identify(src/learning_tf2_py) by extension 'ignore_ament_install'
[0.638s] Level 1:colcon.colcon_core.package_identification:_identify(src/learning_tf2_py) by extensions ['colcon_pkg']
[0.640s] Level 1:colcon.colcon_core.package_identification:_identify(src/learning_tf2_py) by extension 'colcon_pkg'
[0.641s] Level 1:colcon.colcon_core.package_identification:_identify(src/learning_tf2_py) by extensions ['colcon_meta']
[0.641s] Level 1:colcon.colcon_core.package_identification:_identify(src/learning_tf2_py) by extension 'colcon_meta'
[0.642s] Level 1:colcon.colcon_core.package_identification:_identify(src/learning_tf2_py) by extensions ['ros']
[0.646s] Level 1:colcon.colcon_core.package_identification:_identify(src/learning_tf2_py) by extension 'ros'
[0.663s] DEBUG:colcon.colcon_core.package_identification:Package 'src/learning_tf2_py' with type 'ros.ament_python' and name 'learning_tf2_py'
[0.664s] Level 1:colcon.colcon_core.package_identification:_identify(src/my_package) by extensions ['ignore', 'ignore_ament_install']
[0.664s] Level 1:colcon.colcon_core.package_identification:_identify(src/my_package) by extension 'ignore'
[0.664s] Level 1:colcon.colcon_core.package_identification:_identify(src/my_package) by extension 'ignore_ament_install'
[0.664s] Level 1:colcon.colcon_core.package_identification:_identify(src/my_package) by extensions ['colcon_pkg']
[0.664s] Level 1:colcon.colcon_core.package_identification:_identify(src/my_package) by extension 'colcon_pkg'
[0.664s] Level 1:colcon.colcon_core.package_identification:_identify(src/my_package) by extensions ['colcon_meta']
[0.664s] Level 1:colcon.colcon_core.package_identification:_identify(src/my_package) by extension 'colcon_meta'
[0.665s] Level 1:colcon.colcon_core.package_identification:_identify(src/my_package) by extensions ['ros']
[0.665s] Level 1:colcon.colcon_core.package_identification:_identify(src/my_package) by extension 'ros'
[0.669s] DEBUG:colcon.colcon_core.package_identification:Package 'src/my_package' with type 'ros.ament_python' and name 'my_package'
[0.669s] Level 1:colcon.colcon_core.package_identification:_identify(src/py_pubsub) by extensions ['ignore', 'ignore_ament_install']
[0.669s] Level 1:colcon.colcon_core.package_identification:_identify(src/py_pubsub) by extension 'ignore'
[0.670s] Level 1:colcon.colcon_core.package_identification:_identify(src/py_pubsub) by extension 'ignore_ament_install'
[0.670s] Level 1:colcon.colcon_core.package_identification:_identify(src/py_pubsub) by extensions ['colcon_pkg']
[0.670s] Level 1:colcon.colcon_core.package_identification:_identify(src/py_pubsub) by extension 'colcon_pkg'
[0.670s] Level 1:colcon.colcon_core.package_identification:_identify(src/py_pubsub) by extensions ['colcon_meta']
[0.670s] Level 1:colcon.colcon_core.package_identification:_identify(src/py_pubsub) by extension 'colcon_meta'
[0.670s] Level 1:colcon.colcon_core.package_identification:_identify(src/py_pubsub) by extensions ['ros']
[0.670s] Level 1:colcon.colcon_core.package_identification:_identify(src/py_pubsub) by extension 'ros'
[0.673s] DEBUG:colcon.colcon_core.package_identification:Package 'src/py_pubsub' with type 'ros.ament_python' and name 'py_pubsub'
[0.673s] Level 1:colcon.colcon_core.package_identification:_identify(src/robot_kinematics) by extensions ['ignore', 'ignore_ament_install']
[0.674s] Level 1:colcon.colcon_core.package_identification:_identify(src/robot_kinematics) by extension 'ignore'
[0.674s] Level 1:colcon.colcon_core.package_identification:_identify(src/robot_kinematics) by extension 'ignore_ament_install'
[0.674s] Level 1:colcon.colcon_core.package_identification:_identify(src/robot_kinematics) by extensions ['colcon_pkg']
[0.674s] Level 1:colcon.colcon_core.package_identification:_identify(src/robot_kinematics) by extension 'colcon_pkg'
[0.674s] Level 1:colcon.colcon_core.package_identification:_identify(src/robot_kinematics) by extensions ['colcon_meta']
[0.674s] Level 1:colcon.colcon_core.package_identification:_identify(src/robot_kinematics) by extension 'colcon_meta'
[0.674s] Level 1:colcon.colcon_core.package_identification:_identify(src/robot_kinematics) by extensions ['ros']
[0.674s] Level 1:colcon.colcon_core.package_identification:_identify(src/robot_kinematics) by extension 'ros'
[0.676s] DEBUG:colcon.colcon_core.package_identification:Package 'src/robot_kinematics' with type 'ros.ament_python' and name 'robot_kinematics'
[0.677s] Level 1:colcon.colcon_core.package_discovery:discover_packages(recursive) using defaults
[0.677s] Level 1:colcon.colcon_core.package_discovery:discover_packages(ignore) discover
[0.677s] Level 1:colcon.colcon_core.package_discovery:discover_packages(ignore) using defaults
[0.677s] Level 1:colcon.colcon_core.package_discovery:discover_packages(path) discover
[0.677s] Level 1:colcon.colcon_core.package_discovery:discover_packages(path) using defaults
[0.754s] Level 1:colcon.colcon_core.package_discovery:discover_packages(prefix_path) check parameters
[0.754s] Level 1:colcon.colcon_core.package_discovery:discover_packages(prefix_path) discover
[0.759s] DEBUG:colcon.colcon_installed_package_information.package_discovery:Found 4 installed packages in /home/jean/ros2_ws/install
[0.761s] DEBUG:colcon.colcon_installed_package_information.package_discovery:Found 337 installed packages in /opt/ros/humble
[0.763s] Level 1:colcon.colcon_core.package_discovery:discover_packages(prefix_path) using defaults
[0.836s] Level 5:colcon.colcon_core.verb:set package 'learning_tf2_py' build argument 'cmake_args' from command line to 'None'
[0.836s] Level 5:colcon.colcon_core.verb:set package 'learning_tf2_py' build argument 'cmake_target' from command line to 'None'
[0.836s] Level 5:colcon.colcon_core.verb:set package 'learning_tf2_py' build argument 'cmake_target_skip_unavailable' from command line to 'False'
[0.836s] Level 5:colcon.colcon_core.verb:set package 'learning_tf2_py' build argument 'cmake_clean_cache' from command line to 'False'
[0.836s] Level 5:colcon.colcon_core.verb:set package 'learning_tf2_py' build argument 'cmake_clean_first' from command line to 'False'
[0.836s] Level 5:colcon.colcon_core.verb:set package 'learning_tf2_py' build argument 'cmake_force_configure' from command line to 'False'
[0.836s] Level 5:colcon.colcon_core.verb:set package 'learning_tf2_py' build argument 'ament_cmake_args' from command line to 'None'
[0.838s] Level 5:colcon.colcon_core.verb:set package 'learning_tf2_py' build argument 'catkin_cmake_args' from command line to 'None'
[0.838s] Level 5:colcon.colcon_core.verb:set package 'learning_tf2_py' build argument 'catkin_skip_building_tests' from command line to 'False'
[0.838s] DEBUG:colcon.colcon_core.verb:Building package 'learning_tf2_py' with the following arguments: {'ament_cmake_args': None, 'build_base': '/home/jean/ros2_ws/build/learning_tf2_py', 'catkin_cmake_args': None, 'catkin_skip_building_tests': False, 'cmake_args': None, 'cmake_clean_cache': False, 'cmake_clean_first': False, 'cmake_force_configure': False, 'cmake_target': None, 'cmake_target_skip_unavailable': False, 'install_base': '/home/jean/ros2_ws/install/learning_tf2_py', 'merge_install': False, 'path': '/home/jean/ros2_ws/src/learning_tf2_py', 'symlink_install': False, 'test_result_base': None}
[0.839s] Level 5:colcon.colcon_core.verb:set package 'my_package' build argument 'cmake_args' from command line to 'None'
[0.839s] Level 5:colcon.colcon_core.verb:set package 'my_package' build argument 'cmake_target' from command line to 'None'
[0.839s] Level 5:colcon.colcon_core.verb:set package 'my_package' build argument 'cmake_target_skip_unavailable' from command line to 'False'
[0.839s] Level 5:colcon.colcon_core.verb:set package 'my_package' build argument 'cmake_clean_cache' from command line to 'False'
[0.840s] Level 5:colcon.colcon_core.verb:set package 'my_package' build argument 'cmake_clean_first' from command line to 'False'
[0.840s] Level 5:colcon.colcon_core.verb:set package 'my_package' build argument 'cmake_force_configure' from command line to 'False'
[0.840s] Level 5:colcon.colcon_core.verb:set package 'my_package' build argument 'ament_cmake_args' from command line to 'None'
[0.840s] Level 5:colcon.colcon_core.verb:set package 'my_package' build argument 'catkin_cmake_args' from command line to 'None'
[0.840s] Level 5:colcon.colcon_core.verb:set package 'my_package' build argument 'catkin_skip_building_tests' from command line to 'False'
[0.840s] DEBUG:colcon.colcon_core.verb:Building package 'my_package' with the following arguments: {'ament_cmake_args': None, 'build_base': '/home/jean/ros2_ws/build/my_package', 'catkin_cmake_args': None, 'catkin_skip_building_tests': False, 'cmake_args': None, 'cmake_clean_cache': False, 'cmake_clean_first': False, 'cmake_force_configure': False, 'cmake_target': None, 'cmake_target_skip_unavailable': False, 'install_base': '/home/jean/ros2_ws/install/my_package', 'merge_install': False, 'path': '/home/jean/ros2_ws/src/my_package', 'symlink_install': False, 'test_result_base': None}
[0.841s] Level 5:colcon.colcon_core.verb:set package 'py_pubsub' build argument 'cmake_args' from command line to 'None'
[0.841s] Level 5:colcon.colcon_core.verb:set package 'py_pubsub' build argument 'cmake_target' from command line to 'None'
[0.841s] Level 5:colcon.colcon_core.verb:set package 'py_pubsub' build argument 'cmake_target_skip_unavailable' from command line to 'False'
[0.841s] Level 5:colcon.colcon_core.verb:set package 'py_pubsub' build argument 'cmake_clean_cache' from command line to 'False'
[0.841s] Level 5:colcon.colcon_core.verb:set package 'py_pubsub' build argument 'cmake_clean_first' from command line to 'False'
[0.841s] Level 5:colcon.colcon_core.verb:set package 'py_pubsub' build argument 'cmake_force_configure' from command line to 'False'
[0.841s] Level 5:colcon.colcon_core.verb:set package 'py_pubsub' build argument 'ament_cmake_args' from command line to 'None'
[0.841s] Level 5:colcon.colcon_core.verb:set package 'py_pubsub' build argument 'catkin_cmake_args' from command line to 'None'
[0.841s] Level 5:colcon.colcon_core.verb:set package 'py_pubsub' build argument 'catkin_skip_building_tests' from command line to 'False'
[0.841s] DEBUG:colcon.colcon_core.verb:Building package 'py_pubsub' with the following arguments: {'ament_cmake_args': None, 'build_base': '/home/jean/ros2_ws/build/py_pubsub', 'catkin_cmake_args': None, 'catkin_skip_building_tests': False, 'cmake_args': None, 'cmake_clean_cache': False, 'cmake_clean_first': False, 'cmake_force_configure': False, 'cmake_target': None, 'cmake_target_skip_unavailable': False, 'install_base': '/home/jean/ros2_ws/install/py_pubsub', 'merge_install': False, 'path': '/home/jean/ros2_ws/src/py_pubsub', 'symlink_install': False, 'test_result_base': None}
[0.843s] Level 5:colcon.colcon_core.verb:set package 'robot_kinematics' build argument 'cmake_args' from command line to 'None'
[0.843s] Level 5:colcon.colcon_core.verb:set package 'robot_kinematics' build argument 'cmake_target' from command line to 'None'
[0.843s] Level 5:colcon.colcon_core.verb:set package 'robot_kinematics' build argument 'cmake_target_skip_unavailable' from command line to 'False'
[0.843s] Level 5:colcon.colcon_core.verb:set package 'robot_kinematics' build argument 'cmake_clean_cache' from command line to 'False'
[0.843s] Level 5:colcon.colcon_core.verb:set package 'robot_kinematics' build argument 'cmake_clean_first' from command line to 'False'
[0.843s] Level 5:colcon.colcon_core.verb:set package 'robot_kinematics' build argument 'cmake_force_configure' from command line to 'False'
[0.843s] Level 5:colcon.colcon_core.verb:set package 'robot_kinematics' build argument 'ament_cmake_args' from command line to 'None'
[0.843s] Level 5:colcon.colcon_core.verb:set package 'robot_kinematics' build argument 'catkin_cmake_args' from command line to 'None'
[0.843s] Level 5:colcon.colcon_core.verb:set package 'robot_kinematics' build argument 'catkin_skip_building_tests' from command line to 'False'
[0.844s] DEBUG:colcon.colcon_core.verb:Building package 'robot_kinematics' with the following arguments: {'ament_cmake_args': None, 'build_base': '/home/jean/ros2_ws/build/robot_kinematics', 'catkin_cmake_args': None, 'catkin_skip_building_tests': False, 'cmake_args': None, 'cmake_clean_cache': False, 'cmake_clean_first': False, 'cmake_force_configure': False, 'cmake_target': None, 'cmake_target_skip_unavailable': False, 'install_base': '/home/jean/ros2_ws/install/robot_kinematics', 'merge_install': False, 'path': '/home/jean/ros2_ws/src/robot_kinematics', 'symlink_install': False, 'test_result_base': None}
[0.844s] INFO:colcon.colcon_core.executor:Executing jobs using 'parallel' executor
[0.846s] DEBUG:colcon.colcon_parallel_executor.executor.parallel:run_until_complete
[0.846s] INFO:colcon.colcon_ros.task.ament_python.build:Building ROS package in '/home/jean/ros2_ws/src/learning_tf2_py' with build type 'ament_python'
[0.846s] Level 1:colcon.colcon_core.shell:create_environment_hook('learning_tf2_py', 'ament_prefix_path')
[0.856s] INFO:colcon.colcon_core.plugin_system:Skipping extension 'colcon_core.shell.bat': Not used on non-Windows systems
[0.856s] INFO:colcon.colcon_core.shell:Creating environment hook '/home/jean/ros2_ws/install/learning_tf2_py/share/learning_tf2_py/hook/ament_prefix_path.ps1'
[0.858s] INFO:colcon.colcon_core.shell:Creating environment descriptor '/home/jean/ros2_ws/install/learning_tf2_py/share/learning_tf2_py/hook/ament_prefix_path.dsv'
[0.859s] INFO:colcon.colcon_core.shell:Creating environment hook '/home/jean/ros2_ws/install/learning_tf2_py/share/learning_tf2_py/hook/ament_prefix_path.sh'
[0.862s] INFO:colcon.colcon_core.shell:Skip shell extension 'powershell' for command environment: Not usable outside of PowerShell
[0.862s] DEBUG:colcon.colcon_core.shell:Skip shell extension 'dsv' for command environment
[0.873s] INFO:colcon.colcon_ros.task.ament_python.build:Building ROS package in '/home/jean/ros2_ws/src/my_package' with build type 'ament_python'
[0.874s] Level 1:colcon.colcon_core.shell:create_environment_hook('my_package', 'ament_prefix_path')
[0.874s] INFO:colcon.colcon_core.shell:Creating environment hook '/home/jean/ros2_ws/install/my_package/share/my_package/hook/ament_prefix_path.ps1'
[0.877s] INFO:colcon.colcon_core.shell:Creating environment descriptor '/home/jean/ros2_ws/install/my_package/share/my_package/hook/ament_prefix_path.dsv'
[0.878s] INFO:colcon.colcon_core.shell:Creating environment hook '/home/jean/ros2_ws/install/my_package/share/my_package/hook/ament_prefix_path.sh'
[0.879s] INFO:colcon.colcon_core.shell:Skip shell extension 'powershell' for command environment: Not usable outside of PowerShell
[0.879s] DEBUG:colcon.colcon_core.shell:Skip shell extension 'dsv' for command environment
[0.888s] INFO:colcon.colcon_ros.task.ament_python.build:Building ROS package in '/home/jean/ros2_ws/src/py_pubsub' with build type 'ament_python'
[0.889s] Level 1:colcon.colcon_core.shell:create_environment_hook('py_pubsub', 'ament_prefix_path')
[0.889s] INFO:colcon.colcon_core.shell:Creating environment hook '/home/jean/ros2_ws/install/py_pubsub/share/py_pubsub/hook/ament_prefix_path.ps1'
[0.890s] INFO:colcon.colcon_core.shell:Creating environment descriptor '/home/jean/ros2_ws/install/py_pubsub/share/py_pubsub/hook/ament_prefix_path.dsv'
[0.891s] INFO:colcon.colcon_core.shell:Creating environment hook '/home/jean/ros2_ws/install/py_pubsub/share/py_pubsub/hook/ament_prefix_path.sh'
[0.892s] INFO:colcon.colcon_core.shell:Skip shell extension 'powershell' for command environment: Not usable outside of PowerShell
[0.892s] DEBUG:colcon.colcon_core.shell:Skip shell extension 'dsv' for command environment
[1.452s] INFO:colcon.colcon_core.task.python.build:Building Python package in '/home/jean/ros2_ws/src/learning_tf2_py'
[1.453s] INFO:colcon.colcon_core.shell:Skip shell extension 'powershell' for command environment: Not usable outside of PowerShell
[1.453s] DEBUG:colcon.colcon_core.shell:Skip shell extension 'dsv' for command environment
[1.894s] INFO:colcon.colcon_core.task.python.build:Building Python package in '/home/jean/ros2_ws/src/my_package'
[1.895s] INFO:colcon.colcon_core.shell:Skip shell extension 'powershell' for command environment: Not usable outside of PowerShell
[1.895s] DEBUG:colcon.colcon_core.shell:Skip shell extension 'dsv' for command environment
[2.505s] INFO:colcon.colcon_core.task.python.build:Building Python package in '/home/jean/ros2_ws/src/py_pubsub'
[2.505s] INFO:colcon.colcon_core.shell:Skip shell extension 'powershell' for command environment: Not usable outside of PowerShell
[2.505s] DEBUG:colcon.colcon_core.shell:Skip shell extension 'dsv' for command environment
[5.038s] DEBUG:colcon.colcon_core.event_handler.log_command:Invoking command in '/home/jean/ros2_ws/src/py_pubsub': PYTHONPATH=/home/jean/ros2_ws/build/py_pubsub/prefix_override:/usr/lib/python3/dist-packages/colcon_core/task/python/colcon_distutils_commands:/home/jean/ros2_ws/install/py_pubsub/lib/python3.10/site-packages:${PYTHONPATH} VIRTUAL_ENV_PROMPT=(.venv) /usr/bin/python3 -W ignore:setup.py install is deprecated -W ignore:easy_install command is deprecated setup.py egg_info --egg-base ../../build/py_pubsub build --build-base /home/jean/ros2_ws/build/py_pubsub/build install --record /home/jean/ros2_ws/build/py_pubsub/install.log --single-version-externally-managed install_data
[5.112s] DEBUG:colcon.colcon_core.event_handler.log_command:Invoking command in '/home/jean/ros2_ws/src/my_package': PYTHONPATH=/home/jean/ros2_ws/build/my_package/prefix_override:/usr/lib/python3/dist-packages/colcon_core/task/python/colcon_distutils_commands:/home/jean/ros2_ws/install/my_package/lib/python3.10/site-packages:${PYTHONPATH} VIRTUAL_ENV_PROMPT=(.venv) /usr/bin/python3 -W ignore:setup.py install is deprecated -W ignore:easy_install command is deprecated setup.py egg_info --egg-base ../../build/my_package build --build-base /home/jean/ros2_ws/build/my_package/build install --record /home/jean/ros2_ws/build/my_package/install.log --single-version-externally-managed install_data
[5.149s] DEBUG:colcon.colcon_core.event_handler.log_command:Invoking command in '/home/jean/ros2_ws/src/learning_tf2_py': PYTHONPATH=/home/jean/ros2_ws/build/learning_tf2_py/prefix_override:/usr/lib/python3/dist-packages/colcon_core/task/python/colcon_distutils_commands:/home/jean/ros2_ws/install/learning_tf2_py/lib/python3.10/site-packages:${PYTHONPATH} VIRTUAL_ENV_PROMPT=(.venv) /usr/bin/python3 -W ignore:setup.py install is deprecated -W ignore:easy_install command is deprecated setup.py egg_info --egg-base ../../build/learning_tf2_py build --build-base /home/jean/ros2_ws/build/learning_tf2_py/build install --record /home/jean/ros2_ws/build/learning_tf2_py/install.log --single-version-externally-managed install_data
[6.201s] DEBUG:colcon.colcon_core.event_handler.log_command:Invoked command in '/home/jean/ros2_ws/src/py_pubsub' returned '0': PYTHONPATH=/home/jean/ros2_ws/build/py_pubsub/prefix_override:/usr/lib/python3/dist-packages/colcon_core/task/python/colcon_distutils_commands:/home/jean/ros2_ws/install/py_pubsub/lib/python3.10/site-packages:${PYTHONPATH} VIRTUAL_ENV_PROMPT=(.venv) /usr/bin/python3 -W ignore:setup.py install is deprecated -W ignore:easy_install command is deprecated setup.py egg_info --egg-base ../../build/py_pubsub build --build-base /home/jean/ros2_ws/build/py_pubsub/build install --record /home/jean/ros2_ws/build/py_pubsub/install.log --single-version-externally-managed install_data
[6.221s] Level 1:colcon.colcon_core.environment:checking '/home/jean/ros2_ws/install/py_pubsub' for CMake module files
[6.223s] Level 1:colcon.colcon_core.environment:checking '/home/jean/ros2_ws/install/py_pubsub' for CMake config files
[6.225s] Level 1:colcon.colcon_core.environment:checking '/home/jean/ros2_ws/install/py_pubsub/lib'
[6.225s] Level 1:colcon.colcon_core.environment:checking '/home/jean/ros2_ws/install/py_pubsub/bin'
[6.233s] Level 1:colcon.colcon_core.environment:checking '/home/jean/ros2_ws/install/py_pubsub/lib/pkgconfig/py_pubsub.pc'
[6.233s] Level 1:colcon.colcon_core.environment:checking '/home/jean/ros2_ws/install/py_pubsub/lib/python3.10/site-packages'
[6.234s] Level 1:colcon.colcon_core.shell:create_environment_hook('py_pubsub', 'pythonpath')
[6.235s] INFO:colcon.colcon_core.shell:Creating environment hook '/home/jean/ros2_ws/install/py_pubsub/share/py_pubsub/hook/pythonpath.ps1'
[6.237s] INFO:colcon.colcon_core.shell:Creating environment descriptor '/home/jean/ros2_ws/install/py_pubsub/share/py_pubsub/hook/pythonpath.dsv'
[6.238s] INFO:colcon.colcon_core.shell:Creating environment hook '/home/jean/ros2_ws/install/py_pubsub/share/py_pubsub/hook/pythonpath.sh'
[6.241s] Level 1:colcon.colcon_core.environment:checking '/home/jean/ros2_ws/install/py_pubsub/bin'
[6.243s] Level 1:colcon.colcon_core.environment:create_environment_scripts_only(py_pubsub)
[6.244s] INFO:colcon.colcon_core.shell:Creating package script '/home/jean/ros2_ws/install/py_pubsub/share/py_pubsub/package.ps1'
[6.246s] INFO:colcon.colcon_core.shell:Creating package descriptor '/home/jean/ros2_ws/install/py_pubsub/share/py_pubsub/package.dsv'
[6.247s] INFO:colcon.colcon_core.shell:Creating package script '/home/jean/ros2_ws/install/py_pubsub/share/py_pubsub/package.sh'
[6.250s] INFO:colcon.colcon_core.shell:Creating package script '/home/jean/ros2_ws/install/py_pubsub/share/py_pubsub/package.bash'
[6.251s] INFO:colcon.colcon_core.shell:Creating package script '/home/jean/ros2_ws/install/py_pubsub/share/py_pubsub/package.zsh'
[6.252s] Level 1:colcon.colcon_core.environment:create_file_with_runtime_dependencies(/home/jean/ros2_ws/install/py_pubsub/share/colcon-core/packages/py_pubsub)
[6.254s] INFO:colcon.colcon_ros.task.ament_python.build:Building ROS package in '/home/jean/ros2_ws/src/robot_kinematics' with build type 'ament_python'
[6.255s] Level 1:colcon.colcon_core.shell:create_environment_hook('robot_kinematics', 'ament_prefix_path')
[6.256s] INFO:colcon.colcon_core.shell:Creating environment hook '/home/jean/ros2_ws/install/robot_kinematics/share/robot_kinematics/hook/ament_prefix_path.ps1'
[6.257s] INFO:colcon.colcon_core.shell:Creating environment descriptor '/home/jean/ros2_ws/install/robot_kinematics/share/robot_kinematics/hook/ament_prefix_path.dsv'
[6.258s] INFO:colcon.colcon_core.shell:Creating environment hook '/home/jean/ros2_ws/install/robot_kinematics/share/robot_kinematics/hook/ament_prefix_path.sh'
[6.261s] INFO:colcon.colcon_core.shell:Skip shell extension 'powershell' for command environment: Not usable outside of PowerShell
[6.262s] DEBUG:colcon.colcon_core.shell:Skip shell extension 'dsv' for command environment
[6.272s] Level 1:colcon.colcon_core.environment:checking '/home/jean/ros2_ws/install/my_package' for CMake module files
[6.273s] Level 1:colcon.colcon_core.environment:checking '/home/jean/ros2_ws/install/my_package' for CMake config files
[6.274s] DEBUG:colcon.colcon_core.event_handler.log_command:Invoked command in '/home/jean/ros2_ws/src/my_package' returned '0': PYTHONPATH=/home/jean/ros2_ws/build/my_package/prefix_override:/usr/lib/python3/dist-packages/colcon_core/task/python/colcon_distutils_commands:/home/jean/ros2_ws/install/my_package/lib/python3.10/site-packages:${PYTHONPATH} VIRTUAL_ENV_PROMPT=(.venv) /usr/bin/python3 -W ignore:setup.py install is deprecated -W ignore:easy_install command is deprecated setup.py egg_info --egg-base ../../build/my_package build --build-base /home/jean/ros2_ws/build/my_package/build install --record /home/jean/ros2_ws/build/my_package/install.log --single-version-externally-managed install_data
[6.275s] Level 1:colcon.colcon_core.environment:checking '/home/jean/ros2_ws/install/my_package/lib'
[6.277s] Level 1:colcon.colcon_core.environment:checking '/home/jean/ros2_ws/install/my_package/bin'
[6.277s] Level 1:colcon.colcon_core.environment:checking '/home/jean/ros2_ws/install/my_package/lib/pkgconfig/my_package.pc'
[6.278s] Level 1:colcon.colcon_core.environment:checking '/home/jean/ros2_ws/install/my_package/lib/python3.10/site-packages'
[6.279s] Level 1:colcon.colcon_core.shell:create_environment_hook('my_package', 'pythonpath')
[6.279s] INFO:colcon.colcon_core.shell:Creating environment hook '/home/jean/ros2_ws/install/my_package/share/my_package/hook/pythonpath.ps1'
[6.281s] INFO:colcon.colcon_core.shell:Creating environment descriptor '/home/jean/ros2_ws/install/my_package/share/my_package/hook/pythonpath.dsv'
[6.282s] INFO:colcon.colcon_core.shell:Creating environment hook '/home/jean/ros2_ws/install/my_package/share/my_package/hook/pythonpath.sh'
[6.283s] Level 1:colcon.colcon_core.environment:checking '/home/jean/ros2_ws/install/my_package/bin'
[6.284s] Level 1:colcon.colcon_core.environment:create_environment_scripts_only(my_package)
[6.285s] INFO:colcon.colcon_core.shell:Creating package script '/home/jean/ros2_ws/install/my_package/share/my_package/package.ps1'
[6.286s] INFO:colcon.colcon_core.shell:Creating package descriptor '/home/jean/ros2_ws/install/my_package/share/my_package/package.dsv'
[6.287s] INFO:colcon.colcon_core.shell:Creating package script '/home/jean/ros2_ws/install/my_package/share/my_package/package.sh'
[6.290s] INFO:colcon.colcon_core.shell:Creating package script '/home/jean/ros2_ws/install/my_package/share/my_package/package.bash'
[6.292s] INFO:colcon.colcon_core.shell:Creating package script '/home/jean/ros2_ws/install/my_package/share/my_package/package.zsh'
[6.297s] Level 1:colcon.colcon_core.environment:create_file_with_runtime_dependencies(/home/jean/ros2_ws/install/my_package/share/colcon-core/packages/my_package)
[7.406s] INFO:colcon.colcon_core.task.python.build:Building Python package in '/home/jean/ros2_ws/src/robot_kinematics'
[7.407s] INFO:colcon.colcon_core.shell:Skip shell extension 'powershell' for command environment: Not usable outside of PowerShell
[7.407s] DEBUG:colcon.colcon_core.shell:Skip shell extension 'dsv' for command environment
[7.433s] Level 1:colcon.colcon_core.environment:checking '/home/jean/ros2_ws/install/learning_tf2_py' for CMake module files
[7.435s] Level 1:colcon.colcon_core.environment:checking '/home/jean/ros2_ws/install/learning_tf2_py' for CMake config files
[7.433s] DEBUG:colcon.colcon_core.event_handler.log_command:Invoked command in '/home/jean/ros2_ws/src/learning_tf2_py' returned '0': PYTHONPATH=/home/jean/ros2_ws/build/learning_tf2_py/prefix_override:/usr/lib/python3/dist-packages/colcon_core/task/python/colcon_distutils_commands:/home/jean/ros2_ws/install/learning_tf2_py/lib/python3.10/site-packages:${PYTHONPATH} VIRTUAL_ENV_PROMPT=(.venv) /usr/bin/python3 -W ignore:setup.py install is deprecated -W ignore:easy_install command is deprecated setup.py egg_info --egg-base ../../build/learning_tf2_py build --build-base /home/jean/ros2_ws/build/learning_tf2_py/build install --record /home/jean/ros2_ws/build/learning_tf2_py/install.log --single-version-externally-managed install_data
[7.436s] Level 1:colcon.colcon_core.environment:checking '/home/jean/ros2_ws/install/learning_tf2_py/lib'
[7.437s] Level 1:colcon.colcon_core.environment:checking '/home/jean/ros2_ws/install/learning_tf2_py/bin'
[7.437s] Level 1:colcon.colcon_core.environment:checking '/home/jean/ros2_ws/install/learning_tf2_py/lib/pkgconfig/learning_tf2_py.pc'
[7.437s] Level 1:colcon.colcon_core.environment:checking '/home/jean/ros2_ws/install/learning_tf2_py/lib/python3.10/site-packages'
[7.438s] Level 1:colcon.colcon_core.shell:create_environment_hook('learning_tf2_py', 'pythonpath')
[7.439s] INFO:colcon.colcon_core.shell:Creating environment hook '/home/jean/ros2_ws/install/learning_tf2_py/share/learning_tf2_py/hook/pythonpath.ps1'
[7.442s] INFO:colcon.colcon_core.shell:Creating environment descriptor '/home/jean/ros2_ws/install/learning_tf2_py/share/learning_tf2_py/hook/pythonpath.dsv'
[7.443s] INFO:colcon.colcon_core.shell:Creating environment hook '/home/jean/ros2_ws/install/learning_tf2_py/share/learning_tf2_py/hook/pythonpath.sh'
[7.455s] Level 1:colcon.colcon_core.environment:checking '/home/jean/ros2_ws/install/learning_tf2_py/bin'
[7.456s] Level 1:colcon.colcon_core.environment:create_environment_scripts_only(learning_tf2_py)
[7.457s] INFO:colcon.colcon_core.shell:Creating package script '/home/jean/ros2_ws/install/learning_tf2_py/share/learning_tf2_py/package.ps1'
[7.464s] INFO:colcon.colcon_core.shell:Creating package descriptor '/home/jean/ros2_ws/install/learning_tf2_py/share/learning_tf2_py/package.dsv'
[7.466s] INFO:colcon.colcon_core.shell:Creating package script '/home/jean/ros2_ws/install/learning_tf2_py/share/learning_tf2_py/package.sh'
[7.468s] INFO:colcon.colcon_core.shell:Creating package script '/home/jean/ros2_ws/install/learning_tf2_py/share/learning_tf2_py/package.bash'
[7.470s] INFO:colcon.colcon_core.shell:Creating package script '/home/jean/ros2_ws/install/learning_tf2_py/share/learning_tf2_py/package.zsh'
[7.471s] Level 1:colcon.colcon_core.environment:create_file_with_runtime_dependencies(/home/jean/ros2_ws/install/learning_tf2_py/share/colcon-core/packages/learning_tf2_py)
[8.957s] DEBUG:colcon.colcon_core.event_handler.log_command:Invoking command in '/home/jean/ros2_ws/src/robot_kinematics': PYTHONPATH=/home/jean/ros2_ws/build/robot_kinematics/prefix_override:/usr/lib/python3/dist-packages/colcon_core/task/python/colcon_distutils_commands:/home/jean/ros2_ws/install/robot_kinematics/lib/python3.10/site-packages:${PYTHONPATH} VIRTUAL_ENV_PROMPT=(.venv) /usr/bin/python3 -W ignore:setup.py install is deprecated -W ignore:easy_install command is deprecated setup.py egg_info --egg-base ../../build/robot_kinematics build --build-base /home/jean/ros2_ws/build/robot_kinematics/build install --record /home/jean/ros2_ws/build/robot_kinematics/install.log --single-version-externally-managed install_data
[9.828s] Level 1:colcon.colcon_core.environment:checking '/home/jean/ros2_ws/install/robot_kinematics' for CMake module files
[9.828s] Level 1:colcon.colcon_core.environment:checking '/home/jean/ros2_ws/install/robot_kinematics' for CMake config files
[9.829s] Level 1:colcon.colcon_core.environment:checking '/home/jean/ros2_ws/install/robot_kinematics/lib'
[9.829s] Level 1:colcon.colcon_core.environment:checking '/home/jean/ros2_ws/install/robot_kinematics/bin'
[9.829s] Level 1:colcon.colcon_core.environment:checking '/home/jean/ros2_ws/install/robot_kinematics/lib/pkgconfig/robot_kinematics.pc'
[9.830s] Level 1:colcon.colcon_core.environment:checking '/home/jean/ros2_ws/install/robot_kinematics/lib/python3.10/site-packages'
[9.830s] Level 1:colcon.colcon_core.shell:create_environment_hook('robot_kinematics', 'pythonpath')
[9.830s] INFO:colcon.colcon_core.shell:Creating environment hook '/home/jean/ros2_ws/install/robot_kinematics/share/robot_kinematics/hook/pythonpath.ps1'
[9.831s] INFO:colcon.colcon_core.shell:Creating environment descriptor '/home/jean/ros2_ws/install/robot_kinematics/share/robot_kinematics/hook/pythonpath.dsv'
[9.832s] DEBUG:colcon.colcon_core.event_handler.log_command:Invoked command in '/home/jean/ros2_ws/src/robot_kinematics' returned '0': PYTHONPATH=/home/jean/ros2_ws/build/robot_kinematics/prefix_override:/usr/lib/python3/dist-packages/colcon_core/task/python/colcon_distutils_commands:/home/jean/ros2_ws/install/robot_kinematics/lib/python3.10/site-packages:${PYTHONPATH} VIRTUAL_ENV_PROMPT=(.venv) /usr/bin/python3 -W ignore:setup.py install is deprecated -W ignore:easy_install command is deprecated setup.py egg_info --egg-base ../../build/robot_kinematics build --build-base /home/jean/ros2_ws/build/robot_kinematics/build install --record /home/jean/ros2_ws/build/robot_kinematics/install.log --single-version-externally-managed install_data
[9.834s] INFO:colcon.colcon_core.shell:Creating environment hook '/home/jean/ros2_ws/install/robot_kinematics/share/robot_kinematics/hook/pythonpath.sh'
[9.836s] Level 1:colcon.colcon_core.environment:checking '/home/jean/ros2_ws/install/robot_kinematics/bin'
[9.836s] Level 1:colcon.colcon_core.environment:create_environment_scripts_only(robot_kinematics)
[9.838s] INFO:colcon.colcon_core.shell:Creating package script '/home/jean/ros2_ws/install/robot_kinematics/share/robot_kinematics/package.ps1'
[9.842s] INFO:colcon.colcon_core.shell:Creating package descriptor '/home/jean/ros2_ws/install/robot_kinematics/share/robot_kinematics/package.dsv'
[9.846s] INFO:colcon.colcon_core.shell:Creating package script '/home/jean/ros2_ws/install/robot_kinematics/share/robot_kinematics/package.sh'
[9.852s] INFO:colcon.colcon_core.shell:Creating package script '/home/jean/ros2_ws/install/robot_kinematics/share/robot_kinematics/package.bash'
[9.855s] INFO:colcon.colcon_core.shell:Creating package script '/home/jean/ros2_ws/install/robot_kinematics/share/robot_kinematics/package.zsh'
[9.856s] Level 1:colcon.colcon_core.environment:create_file_with_runtime_dependencies(/home/jean/ros2_ws/install/robot_kinematics/share/colcon-core/packages/robot_kinematics)
[9.860s] DEBUG:colcon.colcon_parallel_executor.executor.parallel:closing loop
[9.860s] DEBUG:colcon.colcon_parallel_executor.executor.parallel:loop closed
[9.860s] DEBUG:colcon.colcon_parallel_executor.executor.parallel:run_until_complete finished with '0'
[9.862s] DEBUG:colcon.colcon_core.event_reactor:joining thread
[9.910s] INFO:colcon.colcon_core.plugin_system:Skipping extension 'colcon_notification.desktop_notification.notify_send': Could not find 'notify-send'
[9.910s] INFO:colcon.colcon_core.plugin_system:Skipping extension 'colcon_notification.desktop_notification.terminal_notifier': Not used on non-Darwin systems
[9.910s] INFO:colcon.colcon_core.plugin_system:Skipping extension 'colcon_notification.desktop_notification.win32': Not used on non-Windows systems
[9.910s] INFO:colcon.colcon_notification.desktop_notification:Sending desktop notification using 'notify2'
[9.910s] DEBUG:colcon.colcon_notification.desktop_notification.notify2:Failed to initialize notify2: org.freedesktop.DBus.Error.FileNotFound: Failed to connect to socket /run/user/1000/bus: No such file or directory
[9.910s] DEBUG:colcon.colcon_core.event_reactor:joined thread
[9.911s] INFO:colcon.colcon_core.shell:Creating prefix script '/home/jean/ros2_ws/install/local_setup.ps1'
[9.914s] INFO:colcon.colcon_core.shell:Creating prefix util module '/home/jean/ros2_ws/install/_local_setup_util_ps1.py'
[9.916s] INFO:colcon.colcon_core.shell:Creating prefix chain script '/home/jean/ros2_ws/install/setup.ps1'
[9.919s] INFO:colcon.colcon_core.shell:Creating prefix script '/home/jean/ros2_ws/install/local_setup.sh'
[9.927s] INFO:colcon.colcon_core.shell:Creating prefix util module '/home/jean/ros2_ws/install/_local_setup_util_sh.py'
[9.930s] INFO:colcon.colcon_core.shell:Creating prefix chain script '/home/jean/ros2_ws/install/setup.sh'
[9.939s] INFO:colcon.colcon_core.shell:Creating prefix script '/home/jean/ros2_ws/install/local_setup.bash'
[9.945s] INFO:colcon.colcon_core.shell:Creating prefix chain script '/home/jean/ros2_ws/install/setup.bash'
[9.956s] INFO:colcon.colcon_core.shell:Creating prefix script '/home/jean/ros2_ws/install/local_setup.zsh'
[9.959s] INFO:colcon.colcon_core.shell:Creating prefix chain script '/home/jean/ros2_ws/install/setup.zsh'
