[4.138s] Invoking command in '/home/jean/ros2_ws/src/py_pubsub': PYTHONPATH=/home/jean/ros2_ws/build/py_pubsub/prefix_override:/usr/lib/python3/dist-packages/colcon_core/task/python/colcon_distutils_commands:/home/jean/ros2_ws/install/py_pubsub/lib/python3.10/site-packages:${PYTHONPATH} VIRTUAL_ENV_PROMPT=(.venv) /usr/bin/python3 -W ignore:setup.py install is deprecated -W ignore:easy_install command is deprecated setup.py egg_info --egg-base ../../build/py_pubsub build --build-base /home/jean/ros2_ws/build/py_pubsub/build install --record /home/jean/ros2_ws/build/py_pubsub/install.log --single-version-externally-managed install_data
[5.052s] running egg_info
[5.073s] writing ../../build/py_pubsub/py_pubsub.egg-info/PKG-INFO
[5.074s] writing dependency_links to ../../build/py_pubsub/py_pubsub.egg-info/dependency_links.txt
[5.075s] writing entry points to ../../build/py_pubsub/py_pubsub.egg-info/entry_points.txt
[5.075s] writing requirements to ../../build/py_pubsub/py_pubsub.egg-info/requires.txt
[5.077s] writing top-level names to ../../build/py_pubsub/py_pubsub.egg-info/top_level.txt
[5.082s] reading manifest file '../../build/py_pubsub/py_pubsub.egg-info/SOURCES.txt'
[5.085s] writing manifest file '../../build/py_pubsub/py_pubsub.egg-info/SOURCES.txt'
[5.088s] running build
[5.089s] running build_py
[5.090s] running install
[5.093s] running install_lib
[5.096s] running install_data
[5.101s] running install_egg_info
[5.106s] removing '/home/jean/ros2_ws/install/py_pubsub/lib/python3.10/site-packages/py_pubsub-0.0.0-py3.10.egg-info' (and everything under it)
[5.117s] Copying ../../build/py_pubsub/py_pubsub.egg-info to /home/jean/ros2_ws/install/py_pubsub/lib/python3.10/site-packages/py_pubsub-0.0.0-py3.10.egg-info
[5.130s] running install_scripts
[5.220s] Installing listener script to /home/jean/ros2_ws/install/py_pubsub/lib/py_pubsub
[5.221s] Installing talker script to /home/jean/ros2_ws/install/py_pubsub/lib/py_pubsub
[5.222s] writing list of installed files to '/home/jean/ros2_ws/build/py_pubsub/install.log'
[5.301s] Invoked command in '/home/jean/ros2_ws/src/py_pubsub' returned '0': PYTHONPATH=/home/jean/ros2_ws/build/py_pubsub/prefix_override:/usr/lib/python3/dist-packages/colcon_core/task/python/colcon_distutils_commands:/home/jean/ros2_ws/install/py_pubsub/lib/python3.10/site-packages:${PYTHONPATH} VIRTUAL_ENV_PROMPT=(.venv) /usr/bin/python3 -W ignore:setup.py install is deprecated -W ignore:easy_install command is deprecated setup.py egg_info --egg-base ../../build/py_pubsub build --build-base /home/jean/ros2_ws/build/py_pubsub/build install --record /home/jean/ros2_ws/build/py_pubsub/install.log --single-version-externally-managed install_data
