[5.038s] Invoking command in '/home/jean/ros2_ws/src/py_pubsub': PYTHONPATH=/home/jean/ros2_ws/build/py_pubsub/prefix_override:/usr/lib/python3/dist-packages/colcon_core/task/python/colcon_distutils_commands:/home/jean/ros2_ws/install/py_pubsub/lib/python3.10/site-packages:${PYTHONPATH} VIRTUAL_ENV_PROMPT=(.venv) /usr/bin/python3 -W ignore:setup.py install is deprecated -W ignore:easy_install command is deprecated setup.py egg_info --egg-base ../../build/py_pubsub build --build-base /home/jean/ros2_ws/build/py_pubsub/build install --record /home/jean/ros2_ws/build/py_pubsub/install.log --single-version-externally-managed install_data
[6.308s] running egg_info
[6.315s] writing ../../build/py_pubsub/py_pubsub.egg-info/PKG-INFO
[6.327s] writing dependency_links to ../../build/py_pubsub/py_pubsub.egg-info/dependency_links.txt
[6.327s] writing entry points to ../../build/py_pubsub/py_pubsub.egg-info/entry_points.txt
[6.327s] writing requirements to ../../build/py_pubsub/py_pubsub.egg-info/requires.txt
[6.327s] writing top-level names to ../../build/py_pubsub/py_pubsub.egg-info/top_level.txt
[6.341s] reading manifest file '../../build/py_pubsub/py_pubsub.egg-info/SOURCES.txt'
[6.357s] writing manifest file '../../build/py_pubsub/py_pubsub.egg-info/SOURCES.txt'
[6.358s] running build
[6.358s] running build_py
[6.365s] running install
[6.365s] running install_lib
[6.376s] running install_data
[6.384s] running install_egg_info
[6.394s] removing '/home/jean/ros2_ws/install/py_pubsub/lib/python3.10/site-packages/py_pubsub-0.0.0-py3.10.egg-info' (and everything under it)
[6.398s] Copying ../../build/py_pubsub/py_pubsub.egg-info to /home/jean/ros2_ws/install/py_pubsub/lib/python3.10/site-packages/py_pubsub-0.0.0-py3.10.egg-info
[6.404s] running install_scripts
[6.501s] Installing listener script to /home/jean/ros2_ws/install/py_pubsub/lib/py_pubsub
[6.507s] Installing talker script to /home/jean/ros2_ws/install/py_pubsub/lib/py_pubsub
[6.507s] writing list of installed files to '/home/jean/ros2_ws/build/py_pubsub/install.log'
[7.241s] Invoked command in '/home/jean/ros2_ws/src/py_pubsub' returned '0': PYTHONPATH=/home/jean/ros2_ws/build/py_pubsub/prefix_override:/usr/lib/python3/dist-packages/colcon_core/task/python/colcon_distutils_commands:/home/jean/ros2_ws/install/py_pubsub/lib/python3.10/site-packages:${PYTHONPATH} VIRTUAL_ENV_PROMPT=(.venv) /usr/bin/python3 -W ignore:setup.py install is deprecated -W ignore:easy_install command is deprecated setup.py egg_info --egg-base ../../build/py_pubsub build --build-base /home/jean/ros2_ws/build/py_pubsub/build install --record /home/jean/ros2_ws/build/py_pubsub/install.log --single-version-externally-managed install_data
