[1.033s] Invoking command in '/home/jean/ros2_ws/src/py_pubsub': PYTHONPATH=/home/jean/ros2_ws/build/py_pubsub/prefix_override:/usr/lib/python3/dist-packages/colcon_core/task/python/colcon_distutils_commands:/home/jean/ros2_ws/install/py_pubsub/lib/python3.10/site-packages:${PYTHONPATH} VIRTUAL_ENV_PROMPT=(.venv) /usr/bin/python3 -W ignore:setup.py install is deprecated -W ignore:easy_install command is deprecated setup.py egg_info --egg-base ../../build/py_pubsub build --build-base /home/jean/ros2_ws/build/py_pubsub/build install --record /home/jean/ros2_ws/build/py_pubsub/install.log --single-version-externally-managed install_data
[1.328s] running egg_info
[1.329s] writing ../../build/py_pubsub/py_pubsub.egg-info/PKG-INFO
[1.329s] writing dependency_links to ../../build/py_pubsub/py_pubsub.egg-info/dependency_links.txt
[1.329s] writing entry points to ../../build/py_pubsub/py_pubsub.egg-info/entry_points.txt
[1.329s] writing requirements to ../../build/py_pubsub/py_pubsub.egg-info/requires.txt
[1.329s] writing top-level names to ../../build/py_pubsub/py_pubsub.egg-info/top_level.txt
[1.331s] reading manifest file '../../build/py_pubsub/py_pubsub.egg-info/SOURCES.txt'
[1.331s] writing manifest file '../../build/py_pubsub/py_pubsub.egg-info/SOURCES.txt'
[1.331s] running build
[1.331s] running build_py
[1.331s] copying py_pubsub/pubsub.launch.py -> /home/jean/ros2_ws/build/py_pubsub/build/lib/py_pubsub
[1.332s] running install
[1.332s] running install_lib
[1.332s] copying /home/jean/ros2_ws/build/py_pubsub/build/lib/py_pubsub/pubsub.launch.py -> /home/jean/ros2_ws/install/py_pubsub/lib/python3.10/site-packages/py_pubsub
[1.334s] byte-compiling /home/jean/ros2_ws/install/py_pubsub/lib/python3.10/site-packages/py_pubsub/pubsub.launch.py to pubsub.launch.cpython-310.pyc
[1.334s] running install_data
[1.334s] running install_egg_info
[1.335s] removing '/home/jean/ros2_ws/install/py_pubsub/lib/python3.10/site-packages/py_pubsub-0.0.0-py3.10.egg-info' (and everything under it)
[1.336s] Copying ../../build/py_pubsub/py_pubsub.egg-info to /home/jean/ros2_ws/install/py_pubsub/lib/python3.10/site-packages/py_pubsub-0.0.0-py3.10.egg-info
[1.337s] running install_scripts
[1.358s] Installing listener script to /home/jean/ros2_ws/install/py_pubsub/lib/py_pubsub
[1.358s] Installing talker script to /home/jean/ros2_ws/install/py_pubsub/lib/py_pubsub
[1.358s] writing list of installed files to '/home/jean/ros2_ws/build/py_pubsub/install.log'
[1.385s] Invoked command in '/home/jean/ros2_ws/src/py_pubsub' returned '0': PYTHONPATH=/home/jean/ros2_ws/build/py_pubsub/prefix_override:/usr/lib/python3/dist-packages/colcon_core/task/python/colcon_distutils_commands:/home/jean/ros2_ws/install/py_pubsub/lib/python3.10/site-packages:${PYTHONPATH} VIRTUAL_ENV_PROMPT=(.venv) /usr/bin/python3 -W ignore:setup.py install is deprecated -W ignore:easy_install command is deprecated setup.py egg_info --egg-base ../../build/py_pubsub build --build-base /home/jean/ros2_ws/build/py_pubsub/build install --record /home/jean/ros2_ws/build/py_pubsub/install.log --single-version-externally-managed install_data
