[1.365s] Invoking command in '/home/jean/ros2_ws/src/learning_tf2_py': PYTHONPATH=/home/jean/ros2_ws/build/learning_tf2_py/prefix_override:/usr/lib/python3/dist-packages/colcon_core/task/python/colcon_distutils_commands:/home/jean/ros2_ws/install/learning_tf2_py/lib/python3.10/site-packages:${PYTHONPATH} VIRTUAL_ENV_PROMPT=(.venv) /usr/bin/python3 -W ignore:setup.py install is deprecated -W ignore:easy_install command is deprecated setup.py egg_info --egg-base ../../build/learning_tf2_py build --build-base /home/jean/ros2_ws/build/learning_tf2_py/build install --record /home/jean/ros2_ws/build/learning_tf2_py/install.log --single-version-externally-managed install_data
[1.628s] running egg_info
[1.630s] writing ../../build/learning_tf2_py/learning_tf2_py.egg-info/PKG-INFO
[1.630s] writing dependency_links to ../../build/learning_tf2_py/learning_tf2_py.egg-info/dependency_links.txt
[1.631s] writing entry points to ../../build/learning_tf2_py/learning_tf2_py.egg-info/entry_points.txt
[1.631s] writing requirements to ../../build/learning_tf2_py/learning_tf2_py.egg-info/requires.txt
[1.631s] writing top-level names to ../../build/learning_tf2_py/learning_tf2_py.egg-info/top_level.txt
[1.634s] reading manifest file '../../build/learning_tf2_py/learning_tf2_py.egg-info/SOURCES.txt'
[1.636s] writing manifest file '../../build/learning_tf2_py/learning_tf2_py.egg-info/SOURCES.txt'
[1.636s] running build
[1.636s] running build_py
[1.636s] copying learning_tf2_py/turtle_tf2_listener.py -> /home/jean/ros2_ws/build/learning_tf2_py/build/lib/learning_tf2_py
[1.637s] running install
[1.638s] running install_lib
[1.639s] copying /home/jean/ros2_ws/build/learning_tf2_py/build/lib/learning_tf2_py/turtle_tf2_listener.py -> /home/jean/ros2_ws/install/learning_tf2_py/lib/python3.10/site-packages/learning_tf2_py
[1.640s] byte-compiling /home/jean/ros2_ws/install/learning_tf2_py/lib/python3.10/site-packages/learning_tf2_py/turtle_tf2_listener.py to turtle_tf2_listener.cpython-310.pyc
[1.642s] running install_data
[1.642s] running install_egg_info
[1.644s] removing '/home/jean/ros2_ws/install/learning_tf2_py/lib/python3.10/site-packages/learning_tf2_py-0.0.0-py3.10.egg-info' (and everything under it)
[1.645s] Copying ../../build/learning_tf2_py/learning_tf2_py.egg-info to /home/jean/ros2_ws/install/learning_tf2_py/lib/python3.10/site-packages/learning_tf2_py-0.0.0-py3.10.egg-info
[1.646s] running install_scripts
[1.667s] Installing turtle_tf2_broadcaster script to /home/jean/ros2_ws/install/learning_tf2_py/lib/learning_tf2_py
[1.668s] writing list of installed files to '/home/jean/ros2_ws/build/learning_tf2_py/install.log'
[1.697s] Invoked command in '/home/jean/ros2_ws/src/learning_tf2_py' returned '0': PYTHONPATH=/home/jean/ros2_ws/build/learning_tf2_py/prefix_override:/usr/lib/python3/dist-packages/colcon_core/task/python/colcon_distutils_commands:/home/jean/ros2_ws/install/learning_tf2_py/lib/python3.10/site-packages:${PYTHONPATH} VIRTUAL_ENV_PROMPT=(.venv) /usr/bin/python3 -W ignore:setup.py install is deprecated -W ignore:easy_install command is deprecated setup.py egg_info --egg-base ../../build/learning_tf2_py build --build-base /home/jean/ros2_ws/build/learning_tf2_py/build install --record /home/jean/ros2_ws/build/learning_tf2_py/install.log --single-version-externally-managed install_data
