running egg_info
creating ../../build/robot_kinematics/robot_kinematics.egg-info
writing ../../build/robot_kinematics/robot_kinematics.egg-info/PKG-INFO
writing dependency_links to ../../build/robot_kinematics/robot_kinematics.egg-info/dependency_links.txt
writing entry points to ../../build/robot_kinematics/robot_kinematics.egg-info/entry_points.txt
writing requirements to ../../build/robot_kinematics/robot_kinematics.egg-info/requires.txt
writing top-level names to ../../build/robot_kinematics/robot_kinematics.egg-info/top_level.txt
writing manifest file '../../build/robot_kinematics/robot_kinematics.egg-info/SOURCES.txt'
reading manifest file '../../build/robot_kinematics/robot_kinematics.egg-info/SOURCES.txt'
writing manifest file '../../build/robot_kinematics/robot_kinematics.egg-info/SOURCES.txt'
running build
running build_py
creating /home/jean/ros2_ws/build/robot_kinematics/build
creating /home/jean/ros2_ws/build/robot_kinematics/build/lib
creating /home/jean/ros2_ws/build/robot_kinematics/build/lib/robot_kinematics
copying robot_kinematics/__init__.py -> /home/jean/ros2_ws/build/robot_kinematics/build/lib/robot_kinematics
copying robot_kinematics/turtlebot_pos.py -> /home/jean/ros2_ws/build/robot_kinematics/build/lib/robot_kinematics
running install
running install_lib
creating /home/jean/ros2_ws/install/robot_kinematics/lib/python3.10/site-packages/robot_kinematics
copying /home/jean/ros2_ws/build/robot_kinematics/build/lib/robot_kinematics/__init__.py -> /home/jean/ros2_ws/install/robot_kinematics/lib/python3.10/site-packages/robot_kinematics
copying /home/jean/ros2_ws/build/robot_kinematics/build/lib/robot_kinematics/turtlebot_pos.py -> /home/jean/ros2_ws/install/robot_kinematics/lib/python3.10/site-packages/robot_kinematics
byte-compiling /home/jean/ros2_ws/install/robot_kinematics/lib/python3.10/site-packages/robot_kinematics/__init__.py to __init__.cpython-310.pyc
byte-compiling /home/jean/ros2_ws/install/robot_kinematics/lib/python3.10/site-packages/robot_kinematics/turtlebot_pos.py to turtlebot_pos.cpython-310.pyc
running install_data
creating /home/jean/ros2_ws/install/robot_kinematics/share/ament_index
creating /home/jean/ros2_ws/install/robot_kinematics/share/ament_index/resource_index
creating /home/jean/ros2_ws/install/robot_kinematics/share/ament_index/resource_index/packages
copying resource/robot_kinematics -> /home/jean/ros2_ws/install/robot_kinematics/share/ament_index/resource_index/packages
copying package.xml -> /home/jean/ros2_ws/install/robot_kinematics/share/robot_kinematics
copying launch/robot_kinematics.launch.py -> /home/jean/ros2_ws/install/robot_kinematics/share/robot_kinematics
running install_egg_info
Copying ../../build/robot_kinematics/robot_kinematics.egg-info to /home/jean/ros2_ws/install/robot_kinematics/lib/python3.10/site-packages/robot_kinematics-0.0.0-py3.10.egg-info
running install_scripts
Installing node-robotKinematics script to /home/jean/ros2_ws/install/robot_kinematics/lib/robot_kinematics
writing list of installed files to '/home/jean/ros2_ws/build/robot_kinematics/install.log'
