[1.747s] Invoking command in '/home/jean/ros2_ws/src/robot_kinematics': PYTHONPATH=/home/jean/ros2_ws/build/robot_kinematics/prefix_override:/usr/lib/python3/dist-packages/colcon_core/task/python/colcon_distutils_commands:/home/jean/ros2_ws/install/robot_kinematics/lib/python3.10/site-packages:${PYTHONPATH} VIRTUAL_ENV_PROMPT=(.venv) /usr/bin/python3 -W ignore:setup.py install is deprecated -W ignore:easy_install command is deprecated setup.py egg_info --egg-base ../../build/robot_kinematics build --build-base /home/jean/ros2_ws/build/robot_kinematics/build install --record /home/jean/ros2_ws/build/robot_kinematics/install.log --single-version-externally-managed install_data
[2.352s] running egg_info
[2.357s] creating ../../build/robot_kinematics/robot_kinematics.egg-info
[2.358s] writing ../../build/robot_kinematics/robot_kinematics.egg-info/PKG-INFO
[2.359s] writing dependency_links to ../../build/robot_kinematics/robot_kinematics.egg-info/dependency_links.txt
[2.359s] writing entry points to ../../build/robot_kinematics/robot_kinematics.egg-info/entry_points.txt
[2.360s] writing requirements to ../../build/robot_kinematics/robot_kinematics.egg-info/requires.txt
[2.360s] writing top-level names to ../../build/robot_kinematics/robot_kinematics.egg-info/top_level.txt
[2.363s] writing manifest file '../../build/robot_kinematics/robot_kinematics.egg-info/SOURCES.txt'
[2.369s] reading manifest file '../../build/robot_kinematics/robot_kinematics.egg-info/SOURCES.txt'
[2.373s] writing manifest file '../../build/robot_kinematics/robot_kinematics.egg-info/SOURCES.txt'
[2.375s] running build
[2.375s] running build_py
[2.375s] creating /home/jean/ros2_ws/build/robot_kinematics/build
[2.375s] creating /home/jean/ros2_ws/build/robot_kinematics/build/lib
[2.375s] creating /home/jean/ros2_ws/build/robot_kinematics/build/lib/robot_kinematics
[2.375s] copying robot_kinematics/__init__.py -> /home/jean/ros2_ws/build/robot_kinematics/build/lib/robot_kinematics
[2.375s] copying robot_kinematics/turtlebot_pos.py -> /home/jean/ros2_ws/build/robot_kinematics/build/lib/robot_kinematics
[2.382s] running install
[2.383s] running install_lib
[2.384s] creating /home/jean/ros2_ws/install/robot_kinematics/lib/python3.10/site-packages/robot_kinematics
[2.384s] copying /home/jean/ros2_ws/build/robot_kinematics/build/lib/robot_kinematics/__init__.py -> /home/jean/ros2_ws/install/robot_kinematics/lib/python3.10/site-packages/robot_kinematics
[2.385s] copying /home/jean/ros2_ws/build/robot_kinematics/build/lib/robot_kinematics/turtlebot_pos.py -> /home/jean/ros2_ws/install/robot_kinematics/lib/python3.10/site-packages/robot_kinematics
[2.386s] byte-compiling /home/jean/ros2_ws/install/robot_kinematics/lib/python3.10/site-packages/robot_kinematics/__init__.py to __init__.cpython-310.pyc
[2.387s] byte-compiling /home/jean/ros2_ws/install/robot_kinematics/lib/python3.10/site-packages/robot_kinematics/turtlebot_pos.py to turtlebot_pos.cpython-310.pyc
[2.388s] running install_data
[2.389s] creating /home/jean/ros2_ws/install/robot_kinematics/share/ament_index
[2.389s] creating /home/jean/ros2_ws/install/robot_kinematics/share/ament_index/resource_index
[2.391s] creating /home/jean/ros2_ws/install/robot_kinematics/share/ament_index/resource_index/packages
[2.391s] copying resource/robot_kinematics -> /home/jean/ros2_ws/install/robot_kinematics/share/ament_index/resource_index/packages
[2.391s] copying package.xml -> /home/jean/ros2_ws/install/robot_kinematics/share/robot_kinematics
[2.391s] copying launch/robot_kinematics.launch.py -> /home/jean/ros2_ws/install/robot_kinematics/share/robot_kinematics
[2.391s] running install_egg_info
[2.397s] Copying ../../build/robot_kinematics/robot_kinematics.egg-info to /home/jean/ros2_ws/install/robot_kinematics/lib/python3.10/site-packages/robot_kinematics-0.0.0-py3.10.egg-info
[2.398s] running install_scripts
[2.438s] Installing node-robotKinematics script to /home/jean/ros2_ws/install/robot_kinematics/lib/robot_kinematics
[2.442s] writing list of installed files to '/home/jean/ros2_ws/build/robot_kinematics/install.log'
[2.501s] Invoked command in '/home/jean/ros2_ws/src/robot_kinematics' returned '0': PYTHONPATH=/home/jean/ros2_ws/build/robot_kinematics/prefix_override:/usr/lib/python3/dist-packages/colcon_core/task/python/colcon_distutils_commands:/home/jean/ros2_ws/install/robot_kinematics/lib/python3.10/site-packages:${PYTHONPATH} VIRTUAL_ENV_PROMPT=(.venv) /usr/bin/python3 -W ignore:setup.py install is deprecated -W ignore:easy_install command is deprecated setup.py egg_info --egg-base ../../build/robot_kinematics build --build-base /home/jean/ros2_ws/build/robot_kinematics/build install --record /home/jean/ros2_ws/build/robot_kinematics/install.log --single-version-externally-managed install_data
