[1.675s] Invoking command in '/home/jean/ros2_ws/src/learning_tf2_py': PYTHONPATH=/home/jean/ros2_ws/build/learning_tf2_py/prefix_override:/usr/lib/python3/dist-packages/colcon_core/task/python/colcon_distutils_commands:/home/jean/ros2_ws/install/learning_tf2_py/lib/python3.10/site-packages:${PYTHONPATH} VIRTUAL_ENV_PROMPT=(.venv) /usr/bin/python3 -W ignore:setup.py install is deprecated -W ignore:easy_install command is deprecated setup.py egg_info --egg-base ../../build/learning_tf2_py build --build-base /home/jean/ros2_ws/build/learning_tf2_py/build install --record /home/jean/ros2_ws/build/learning_tf2_py/install.log --single-version-externally-managed install_data
[2.017s] running egg_info
[2.018s] writing ../../build/learning_tf2_py/learning_tf2_py.egg-info/PKG-INFO
[2.019s] writing dependency_links to ../../build/learning_tf2_py/learning_tf2_py.egg-info/dependency_links.txt
[2.020s] writing entry points to ../../build/learning_tf2_py/learning_tf2_py.egg-info/entry_points.txt
[2.020s] writing requirements to ../../build/learning_tf2_py/learning_tf2_py.egg-info/requires.txt
[2.021s] writing top-level names to ../../build/learning_tf2_py/learning_tf2_py.egg-info/top_level.txt
[2.028s] reading manifest file '../../build/learning_tf2_py/learning_tf2_py.egg-info/SOURCES.txt'
[2.030s] writing manifest file '../../build/learning_tf2_py/learning_tf2_py.egg-info/SOURCES.txt'
[2.030s] running build
[2.030s] running build_py
[2.030s] copying learning_tf2_py/turtle_tf2_listener.py -> /home/jean/ros2_ws/build/learning_tf2_py/build/lib/learning_tf2_py
[2.031s] running install
[2.031s] running install_lib
[2.032s] copying /home/jean/ros2_ws/build/learning_tf2_py/build/lib/learning_tf2_py/turtle_tf2_listener.py -> /home/jean/ros2_ws/install/learning_tf2_py/lib/python3.10/site-packages/learning_tf2_py
[2.033s] byte-compiling /home/jean/ros2_ws/install/learning_tf2_py/lib/python3.10/site-packages/learning_tf2_py/turtle_tf2_listener.py to turtle_tf2_listener.cpython-310.pyc
[2.034s] running install_data
[2.034s] copying launch/turtle_tf2_demo.launch.py -> /home/jean/ros2_ws/install/learning_tf2_py/share/learning_tf2_py/launch
[2.034s] running install_egg_info
[2.038s] removing '/home/jean/ros2_ws/install/learning_tf2_py/lib/python3.10/site-packages/learning_tf2_py-0.0.0-py3.10.egg-info' (and everything under it)
[2.039s] Copying ../../build/learning_tf2_py/learning_tf2_py.egg-info to /home/jean/ros2_ws/install/learning_tf2_py/lib/python3.10/site-packages/learning_tf2_py-0.0.0-py3.10.egg-info
[2.039s] running install_scripts
[2.071s] Installing turtle_tf2_broadcaster script to /home/jean/ros2_ws/install/learning_tf2_py/lib/learning_tf2_py
[2.072s] writing list of installed files to '/home/jean/ros2_ws/build/learning_tf2_py/install.log'
[2.114s] Invoked command in '/home/jean/ros2_ws/src/learning_tf2_py' returned '0': PYTHONPATH=/home/jean/ros2_ws/build/learning_tf2_py/prefix_override:/usr/lib/python3/dist-packages/colcon_core/task/python/colcon_distutils_commands:/home/jean/ros2_ws/install/learning_tf2_py/lib/python3.10/site-packages:${PYTHONPATH} VIRTUAL_ENV_PROMPT=(.venv) /usr/bin/python3 -W ignore:setup.py install is deprecated -W ignore:easy_install command is deprecated setup.py egg_info --egg-base ../../build/learning_tf2_py build --build-base /home/jean/ros2_ws/build/learning_tf2_py/build install --record /home/jean/ros2_ws/build/learning_tf2_py/install.log --single-version-externally-managed install_data
