[1.559s] Invoking command in '/home/jean/ros2_ws/src/learning_tf2_py': PYTHONPATH=/home/jean/ros2_ws/build/learning_tf2_py/prefix_override:/usr/lib/python3/dist-packages/colcon_core/task/python/colcon_distutils_commands:/home/jean/ros2_ws/install/learning_tf2_py/lib/python3.10/site-packages:${PYTHONPATH} /usr/bin/python3 -W ignore:setup.py install is deprecated -W ignore:easy_install command is deprecated setup.py egg_info --egg-base ../../build/learning_tf2_py build --build-base /home/jean/ros2_ws/build/learning_tf2_py/build install --record /home/jean/ros2_ws/build/learning_tf2_py/install.log --single-version-externally-managed install_data
[1.852s] running egg_info
[1.853s] writing ../../build/learning_tf2_py/learning_tf2_py.egg-info/PKG-INFO
[1.853s] writing dependency_links to ../../build/learning_tf2_py/learning_tf2_py.egg-info/dependency_links.txt
[1.854s] writing entry points to ../../build/learning_tf2_py/learning_tf2_py.egg-info/entry_points.txt
[1.854s] writing requirements to ../../build/learning_tf2_py/learning_tf2_py.egg-info/requires.txt
[1.854s] writing top-level names to ../../build/learning_tf2_py/learning_tf2_py.egg-info/top_level.txt
[1.856s] reading manifest file '../../build/learning_tf2_py/learning_tf2_py.egg-info/SOURCES.txt'
[1.858s] writing manifest file '../../build/learning_tf2_py/learning_tf2_py.egg-info/SOURCES.txt'
[1.858s] running build
[1.858s] running build_py
[1.860s] running install
[1.861s] running install_lib
[1.865s] running install_data
[1.866s] running install_egg_info
[1.868s] removing '/home/jean/ros2_ws/install/learning_tf2_py/lib/python3.10/site-packages/learning_tf2_py-0.0.0-py3.10.egg-info' (and everything under it)
[1.869s] Copying ../../build/learning_tf2_py/learning_tf2_py.egg-info to /home/jean/ros2_ws/install/learning_tf2_py/lib/python3.10/site-packages/learning_tf2_py-0.0.0-py3.10.egg-info
[1.870s] running install_scripts
[1.894s] Installing turtle_tf2_broadcaster script to /home/jean/ros2_ws/install/learning_tf2_py/lib/learning_tf2_py
[1.896s] Installing turtle_tf2_listener script to /home/jean/ros2_ws/install/learning_tf2_py/lib/learning_tf2_py
[1.897s] writing list of installed files to '/home/jean/ros2_ws/build/learning_tf2_py/install.log'
[1.949s] Invoked command in '/home/jean/ros2_ws/src/learning_tf2_py' returned '0': PYTHONPATH=/home/jean/ros2_ws/build/learning_tf2_py/prefix_override:/usr/lib/python3/dist-packages/colcon_core/task/python/colcon_distutils_commands:/home/jean/ros2_ws/install/learning_tf2_py/lib/python3.10/site-packages:${PYTHONPATH} /usr/bin/python3 -W ignore:setup.py install is deprecated -W ignore:easy_install command is deprecated setup.py egg_info --egg-base ../../build/learning_tf2_py build --build-base /home/jean/ros2_ws/build/learning_tf2_py/build install --record /home/jean/ros2_ws/build/learning_tf2_py/install.log --single-version-externally-managed install_data
