[0.160s] DEBUG:colcon:Command line arguments: ['/usr/bin/colcon', 'build']
[0.160s] DEBUG:colcon:Parsed command line arguments: Namespace(log_base=None, log_level=None, verb_name='build', build_base='build', install_base='install', merge_install=False, symlink_install=False, test_result_base=None, continue_on_error=False, executor='parallel', parallel_workers=3, event_handlers=None, ignore_user_meta=False, metas=['./colcon.meta'], base_paths=['.'], packages_ignore=None, packages_ignore_regex=None, paths=None, packages_up_to=None, packages_up_to_regex=None, packages_above=None, packages_above_and_dependencies=None, packages_above_depth=None, packages_select_by_dep=None, packages_skip_by_dep=None, packages_skip_up_to=None, packages_select_build_failed=False, packages_skip_build_finished=False, packages_select_test_failures=False, packages_skip_test_passed=False, packages_select=None, packages_skip=None, packages_select_regex=None, packages_skip_regex=None, packages_start=None, packages_end=None, allow_overriding=[], cmake_args=None, cmake_target=None, cmake_target_skip_unavailable=False, cmake_clean_cache=False, cmake_clean_first=False, cmake_force_configure=False, ament_cmake_args=None, catkin_cmake_args=None, catkin_skip_building_tests=False, mixin_files=None, mixin=None, verb_parser=<colcon_mixin.mixin.mixin_argument.MixinArgumentDecorator object at 0x7f35741e2530>, verb_extension=<colcon_core.verb.build.BuildVerb object at 0x7f3574353430>, main=<bound method BuildVerb.main of <colcon_core.verb.build.BuildVerb object at 0x7f3574353430>>, mixin_verb=('build',))
[0.318s] Level 1:colcon.colcon_core.package_discovery:discover_packages(colcon_meta) check parameters
[0.319s] Level 1:colcon.colcon_core.package_discovery:discover_packages(recursive) check parameters
[0.319s] Level 1:colcon.colcon_core.package_discovery:discover_packages(ignore) check parameters
[0.319s] Level 1:colcon.colcon_core.package_discovery:discover_packages(path) check parameters
[0.319s] Level 1:colcon.colcon_core.package_discovery:discover_packages(colcon_meta) discover
[0.319s] Level 1:colcon.colcon_core.package_discovery:discover_packages(recursive) discover
[0.319s] INFO:colcon.colcon_core.package_discovery:Crawling recursively for packages in '/home/jean/ros2_ws'
[0.319s] Level 1:colcon.colcon_core.package_identification:_identify(.) by extensions ['ignore', 'ignore_ament_install']
[0.319s] Level 1:colcon.colcon_core.package_identification:_identify(.) by extension 'ignore'
[0.319s] Level 1:colcon.colcon_core.package_identification:_identify(.) by extension 'ignore_ament_install'
[0.319s] Level 1:colcon.colcon_core.package_identification:_identify(.) by extensions ['colcon_pkg']
[0.320s] Level 1:colcon.colcon_core.package_identification:_identify(.) by extension 'colcon_pkg'
[0.320s] Level 1:colcon.colcon_core.package_identification:_identify(.) by extensions ['colcon_meta']
[0.320s] Level 1:colcon.colcon_core.package_identification:_identify(.) by extension 'colcon_meta'
[0.320s] Level 1:colcon.colcon_core.package_identification:_identify(.) by extensions ['ros']
[0.320s] Level 1:colcon.colcon_core.package_identification:_identify(.) by extension 'ros'
[0.332s] Level 1:colcon.colcon_core.package_identification:_identify(.) by extensions ['cmake', 'python']
[0.332s] Level 1:colcon.colcon_core.package_identification:_identify(.) by extension 'cmake'
[0.332s] Level 1:colcon.colcon_core.package_identification:_identify(.) by extension 'python'
[0.332s] Level 1:colcon.colcon_core.package_identification:_identify(.) by extensions ['python_setup_py']
[0.332s] Level 1:colcon.colcon_core.package_identification:_identify(.) by extension 'python_setup_py'
[0.332s] Level 1:colcon.colcon_core.package_identification:_identify(build) by extensions ['ignore', 'ignore_ament_install']
[0.333s] Level 1:colcon.colcon_core.package_identification:_identify(build) by extension 'ignore'
[0.333s] Level 1:colcon.colcon_core.package_identification:_identify(build) ignored
[0.333s] Level 1:colcon.colcon_core.package_identification:_identify(install) by extensions ['ignore', 'ignore_ament_install']
[0.333s] Level 1:colcon.colcon_core.package_identification:_identify(install) by extension 'ignore'
[0.333s] Level 1:colcon.colcon_core.package_identification:_identify(install) ignored
[0.333s] Level 1:colcon.colcon_core.package_identification:_identify(log) by extensions ['ignore', 'ignore_ament_install']
[0.333s] Level 1:colcon.colcon_core.package_identification:_identify(log) by extension 'ignore'
[0.333s] Level 1:colcon.colcon_core.package_identification:_identify(log) ignored
[0.333s] Level 1:colcon.colcon_core.package_identification:_identify(src) by extensions ['ignore', 'ignore_ament_install']
[0.333s] Level 1:colcon.colcon_core.package_identification:_identify(src) by extension 'ignore'
[0.333s] Level 1:colcon.colcon_core.package_identification:_identify(src) by extension 'ignore_ament_install'
[0.333s] Level 1:colcon.colcon_core.package_identification:_identify(src) by extensions ['colcon_pkg']
[0.334s] Level 1:colcon.colcon_core.package_identification:_identify(src) by extension 'colcon_pkg'
[0.334s] Level 1:colcon.colcon_core.package_identification:_identify(src) by extensions ['colcon_meta']
[0.334s] Level 1:colcon.colcon_core.package_identification:_identify(src) by extension 'colcon_meta'
[0.334s] Level 1:colcon.colcon_core.package_identification:_identify(src) by extensions ['ros']
[0.334s] Level 1:colcon.colcon_core.package_identification:_identify(src) by extension 'ros'
[0.334s] Level 1:colcon.colcon_core.package_identification:_identify(src) by extensions ['cmake', 'python']
[0.334s] Level 1:colcon.colcon_core.package_identification:_identify(src) by extension 'cmake'
[0.334s] Level 1:colcon.colcon_core.package_identification:_identify(src) by extension 'python'
[0.334s] Level 1:colcon.colcon_core.package_identification:_identify(src) by extensions ['python_setup_py']
[0.334s] Level 1:colcon.colcon_core.package_identification:_identify(src) by extension 'python_setup_py'
[0.334s] Level 1:colcon.colcon_core.package_identification:_identify(src/learning_tf2_py) by extensions ['ignore', 'ignore_ament_install']
[0.334s] Level 1:colcon.colcon_core.package_identification:_identify(src/learning_tf2_py) by extension 'ignore'
[0.334s] Level 1:colcon.colcon_core.package_identification:_identify(src/learning_tf2_py) by extension 'ignore_ament_install'
[0.334s] Level 1:colcon.colcon_core.package_identification:_identify(src/learning_tf2_py) by extensions ['colcon_pkg']
[0.334s] Level 1:colcon.colcon_core.package_identification:_identify(src/learning_tf2_py) by extension 'colcon_pkg'
[0.334s] Level 1:colcon.colcon_core.package_identification:_identify(src/learning_tf2_py) by extensions ['colcon_meta']
[0.334s] Level 1:colcon.colcon_core.package_identification:_identify(src/learning_tf2_py) by extension 'colcon_meta'
[0.334s] Level 1:colcon.colcon_core.package_identification:_identify(src/learning_tf2_py) by extensions ['ros']
[0.334s] Level 1:colcon.colcon_core.package_identification:_identify(src/learning_tf2_py) by extension 'ros'
[0.337s] DEBUG:colcon.colcon_core.package_identification:Package 'src/learning_tf2_py' with type 'ros.ament_python' and name 'learning_tf2_py'
[0.337s] Level 1:colcon.colcon_core.package_identification:_identify(src/my_package) by extensions ['ignore', 'ignore_ament_install']
[0.337s] Level 1:colcon.colcon_core.package_identification:_identify(src/my_package) by extension 'ignore'
[0.337s] Level 1:colcon.colcon_core.package_identification:_identify(src/my_package) by extension 'ignore_ament_install'
[0.337s] Level 1:colcon.colcon_core.package_identification:_identify(src/my_package) by extensions ['colcon_pkg']
[0.337s] Level 1:colcon.colcon_core.package_identification:_identify(src/my_package) by extension 'colcon_pkg'
[0.337s] Level 1:colcon.colcon_core.package_identification:_identify(src/my_package) by extensions ['colcon_meta']
[0.337s] Level 1:colcon.colcon_core.package_identification:_identify(src/my_package) by extension 'colcon_meta'
[0.337s] Level 1:colcon.colcon_core.package_identification:_identify(src/my_package) by extensions ['ros']
[0.337s] Level 1:colcon.colcon_core.package_identification:_identify(src/my_package) by extension 'ros'
[0.338s] DEBUG:colcon.colcon_core.package_identification:Package 'src/my_package' with type 'ros.ament_python' and name 'my_package'
[0.338s] Level 1:colcon.colcon_core.package_identification:_identify(src/py_pubsub) by extensions ['ignore', 'ignore_ament_install']
[0.338s] Level 1:colcon.colcon_core.package_identification:_identify(src/py_pubsub) by extension 'ignore'
[0.338s] Level 1:colcon.colcon_core.package_identification:_identify(src/py_pubsub) by extension 'ignore_ament_install'
[0.338s] Level 1:colcon.colcon_core.package_identification:_identify(src/py_pubsub) by extensions ['colcon_pkg']
[0.338s] Level 1:colcon.colcon_core.package_identification:_identify(src/py_pubsub) by extension 'colcon_pkg'
[0.338s] Level 1:colcon.colcon_core.package_identification:_identify(src/py_pubsub) by extensions ['colcon_meta']
[0.338s] Level 1:colcon.colcon_core.package_identification:_identify(src/py_pubsub) by extension 'colcon_meta'
[0.339s] Level 1:colcon.colcon_core.package_identification:_identify(src/py_pubsub) by extensions ['ros']
[0.339s] Level 1:colcon.colcon_core.package_identification:_identify(src/py_pubsub) by extension 'ros'
[0.339s] DEBUG:colcon.colcon_core.package_identification:Package 'src/py_pubsub' with type 'ros.ament_python' and name 'py_pubsub'
[0.339s] Level 1:colcon.colcon_core.package_discovery:discover_packages(recursive) using defaults
[0.339s] Level 1:colcon.colcon_core.package_discovery:discover_packages(ignore) discover
[0.339s] Level 1:colcon.colcon_core.package_discovery:discover_packages(ignore) using defaults
[0.339s] Level 1:colcon.colcon_core.package_discovery:discover_packages(path) discover
[0.339s] Level 1:colcon.colcon_core.package_discovery:discover_packages(path) using defaults
[0.362s] Level 1:colcon.colcon_core.package_discovery:discover_packages(prefix_path) check parameters
[0.362s] Level 1:colcon.colcon_core.package_discovery:discover_packages(prefix_path) discover
[0.376s] DEBUG:colcon.colcon_installed_package_information.package_discovery:Found 3 installed packages in /home/jean/ros2_ws/install
[0.377s] DEBUG:colcon.colcon_installed_package_information.package_discovery:Found 271 installed packages in /opt/ros/humble
[0.378s] Level 1:colcon.colcon_core.package_discovery:discover_packages(prefix_path) using defaults
[0.425s] Level 5:colcon.colcon_core.verb:set package 'learning_tf2_py' build argument 'cmake_args' from command line to 'None'
[0.425s] Level 5:colcon.colcon_core.verb:set package 'learning_tf2_py' build argument 'cmake_target' from command line to 'None'
[0.425s] Level 5:colcon.colcon_core.verb:set package 'learning_tf2_py' build argument 'cmake_target_skip_unavailable' from command line to 'False'
[0.425s] Level 5:colcon.colcon_core.verb:set package 'learning_tf2_py' build argument 'cmake_clean_cache' from command line to 'False'
[0.425s] Level 5:colcon.colcon_core.verb:set package 'learning_tf2_py' build argument 'cmake_clean_first' from command line to 'False'
[0.425s] Level 5:colcon.colcon_core.verb:set package 'learning_tf2_py' build argument 'cmake_force_configure' from command line to 'False'
[0.425s] Level 5:colcon.colcon_core.verb:set package 'learning_tf2_py' build argument 'ament_cmake_args' from command line to 'None'
[0.425s] Level 5:colcon.colcon_core.verb:set package 'learning_tf2_py' build argument 'catkin_cmake_args' from command line to 'None'
[0.425s] Level 5:colcon.colcon_core.verb:set package 'learning_tf2_py' build argument 'catkin_skip_building_tests' from command line to 'False'
[0.425s] DEBUG:colcon.colcon_core.verb:Building package 'learning_tf2_py' with the following arguments: {'ament_cmake_args': None, 'build_base': '/home/jean/ros2_ws/build/learning_tf2_py', 'catkin_cmake_args': None, 'catkin_skip_building_tests': False, 'cmake_args': None, 'cmake_clean_cache': False, 'cmake_clean_first': False, 'cmake_force_configure': False, 'cmake_target': None, 'cmake_target_skip_unavailable': False, 'install_base': '/home/jean/ros2_ws/install/learning_tf2_py', 'merge_install': False, 'path': '/home/jean/ros2_ws/src/learning_tf2_py', 'symlink_install': False, 'test_result_base': None}
[0.426s] Level 5:colcon.colcon_core.verb:set package 'my_package' build argument 'cmake_args' from command line to 'None'
[0.426s] Level 5:colcon.colcon_core.verb:set package 'my_package' build argument 'cmake_target' from command line to 'None'
[0.426s] Level 5:colcon.colcon_core.verb:set package 'my_package' build argument 'cmake_target_skip_unavailable' from command line to 'False'
[0.426s] Level 5:colcon.colcon_core.verb:set package 'my_package' build argument 'cmake_clean_cache' from command line to 'False'
[0.426s] Level 5:colcon.colcon_core.verb:set package 'my_package' build argument 'cmake_clean_first' from command line to 'False'
[0.426s] Level 5:colcon.colcon_core.verb:set package 'my_package' build argument 'cmake_force_configure' from command line to 'False'
[0.426s] Level 5:colcon.colcon_core.verb:set package 'my_package' build argument 'ament_cmake_args' from command line to 'None'
[0.426s] Level 5:colcon.colcon_core.verb:set package 'my_package' build argument 'catkin_cmake_args' from command line to 'None'
[0.426s] Level 5:colcon.colcon_core.verb:set package 'my_package' build argument 'catkin_skip_building_tests' from command line to 'False'
[0.426s] DEBUG:colcon.colcon_core.verb:Building package 'my_package' with the following arguments: {'ament_cmake_args': None, 'build_base': '/home/jean/ros2_ws/build/my_package', 'catkin_cmake_args': None, 'catkin_skip_building_tests': False, 'cmake_args': None, 'cmake_clean_cache': False, 'cmake_clean_first': False, 'cmake_force_configure': False, 'cmake_target': None, 'cmake_target_skip_unavailable': False, 'install_base': '/home/jean/ros2_ws/install/my_package', 'merge_install': False, 'path': '/home/jean/ros2_ws/src/my_package', 'symlink_install': False, 'test_result_base': None}
[0.426s] Level 5:colcon.colcon_core.verb:set package 'py_pubsub' build argument 'cmake_args' from command line to 'None'
[0.426s] Level 5:colcon.colcon_core.verb:set package 'py_pubsub' build argument 'cmake_target' from command line to 'None'
[0.426s] Level 5:colcon.colcon_core.verb:set package 'py_pubsub' build argument 'cmake_target_skip_unavailable' from command line to 'False'
[0.426s] Level 5:colcon.colcon_core.verb:set package 'py_pubsub' build argument 'cmake_clean_cache' from command line to 'False'
[0.426s] Level 5:colcon.colcon_core.verb:set package 'py_pubsub' build argument 'cmake_clean_first' from command line to 'False'
[0.426s] Level 5:colcon.colcon_core.verb:set package 'py_pubsub' build argument 'cmake_force_configure' from command line to 'False'
[0.426s] Level 5:colcon.colcon_core.verb:set package 'py_pubsub' build argument 'ament_cmake_args' from command line to 'None'
[0.427s] Level 5:colcon.colcon_core.verb:set package 'py_pubsub' build argument 'catkin_cmake_args' from command line to 'None'
[0.427s] Level 5:colcon.colcon_core.verb:set package 'py_pubsub' build argument 'catkin_skip_building_tests' from command line to 'False'
[0.427s] DEBUG:colcon.colcon_core.verb:Building package 'py_pubsub' with the following arguments: {'ament_cmake_args': None, 'build_base': '/home/jean/ros2_ws/build/py_pubsub', 'catkin_cmake_args': None, 'catkin_skip_building_tests': False, 'cmake_args': None, 'cmake_clean_cache': False, 'cmake_clean_first': False, 'cmake_force_configure': False, 'cmake_target': None, 'cmake_target_skip_unavailable': False, 'install_base': '/home/jean/ros2_ws/install/py_pubsub', 'merge_install': False, 'path': '/home/jean/ros2_ws/src/py_pubsub', 'symlink_install': False, 'test_result_base': None}
[0.427s] INFO:colcon.colcon_core.executor:Executing jobs using 'parallel' executor
[0.428s] DEBUG:colcon.colcon_parallel_executor.executor.parallel:run_until_complete
[0.428s] INFO:colcon.colcon_ros.task.ament_python.build:Building ROS package in '/home/jean/ros2_ws/src/learning_tf2_py' with build type 'ament_python'
[0.428s] Level 1:colcon.colcon_core.shell:create_environment_hook('learning_tf2_py', 'ament_prefix_path')
[0.431s] INFO:colcon.colcon_core.plugin_system:Skipping extension 'colcon_core.shell.bat': Not used on non-Windows systems
[0.431s] INFO:colcon.colcon_core.shell:Creating environment hook '/home/jean/ros2_ws/install/learning_tf2_py/share/learning_tf2_py/hook/ament_prefix_path.ps1'
[0.432s] INFO:colcon.colcon_core.shell:Creating environment descriptor '/home/jean/ros2_ws/install/learning_tf2_py/share/learning_tf2_py/hook/ament_prefix_path.dsv'
[0.432s] INFO:colcon.colcon_core.shell:Creating environment hook '/home/jean/ros2_ws/install/learning_tf2_py/share/learning_tf2_py/hook/ament_prefix_path.sh'
[0.433s] INFO:colcon.colcon_core.shell:Skip shell extension 'powershell' for command environment: Not usable outside of PowerShell
[0.433s] DEBUG:colcon.colcon_core.shell:Skip shell extension 'dsv' for command environment
[0.436s] INFO:colcon.colcon_ros.task.ament_python.build:Building ROS package in '/home/jean/ros2_ws/src/my_package' with build type 'ament_python'
[0.437s] Level 1:colcon.colcon_core.shell:create_environment_hook('my_package', 'ament_prefix_path')
[0.437s] INFO:colcon.colcon_core.shell:Creating environment hook '/home/jean/ros2_ws/install/my_package/share/my_package/hook/ament_prefix_path.ps1'
[0.437s] INFO:colcon.colcon_core.shell:Creating environment descriptor '/home/jean/ros2_ws/install/my_package/share/my_package/hook/ament_prefix_path.dsv'
[0.438s] INFO:colcon.colcon_core.shell:Creating environment hook '/home/jean/ros2_ws/install/my_package/share/my_package/hook/ament_prefix_path.sh'
[0.438s] INFO:colcon.colcon_core.shell:Skip shell extension 'powershell' for command environment: Not usable outside of PowerShell
[0.438s] DEBUG:colcon.colcon_core.shell:Skip shell extension 'dsv' for command environment
[0.441s] INFO:colcon.colcon_ros.task.ament_python.build:Building ROS package in '/home/jean/ros2_ws/src/py_pubsub' with build type 'ament_python'
[0.442s] Level 1:colcon.colcon_core.shell:create_environment_hook('py_pubsub', 'ament_prefix_path')
[0.442s] INFO:colcon.colcon_core.shell:Creating environment hook '/home/jean/ros2_ws/install/py_pubsub/share/py_pubsub/hook/ament_prefix_path.ps1'
[0.442s] INFO:colcon.colcon_core.shell:Creating environment descriptor '/home/jean/ros2_ws/install/py_pubsub/share/py_pubsub/hook/ament_prefix_path.dsv'
[0.443s] INFO:colcon.colcon_core.shell:Creating environment hook '/home/jean/ros2_ws/install/py_pubsub/share/py_pubsub/hook/ament_prefix_path.sh'
[0.443s] INFO:colcon.colcon_core.shell:Skip shell extension 'powershell' for command environment: Not usable outside of PowerShell
[0.443s] DEBUG:colcon.colcon_core.shell:Skip shell extension 'dsv' for command environment
[0.720s] INFO:colcon.colcon_core.task.python.build:Building Python package in '/home/jean/ros2_ws/src/learning_tf2_py'
[0.720s] INFO:colcon.colcon_core.shell:Skip shell extension 'powershell' for command environment: Not usable outside of PowerShell
[0.720s] DEBUG:colcon.colcon_core.shell:Skip shell extension 'dsv' for command environment
[1.016s] INFO:colcon.colcon_core.task.python.build:Building Python package in '/home/jean/ros2_ws/src/my_package'
[1.017s] INFO:colcon.colcon_core.shell:Skip shell extension 'powershell' for command environment: Not usable outside of PowerShell
[1.017s] DEBUG:colcon.colcon_core.shell:Skip shell extension 'dsv' for command environment
[1.310s] INFO:colcon.colcon_core.task.python.build:Building Python package in '/home/jean/ros2_ws/src/py_pubsub'
[1.311s] INFO:colcon.colcon_core.shell:Skip shell extension 'powershell' for command environment: Not usable outside of PowerShell
[1.311s] DEBUG:colcon.colcon_core.shell:Skip shell extension 'dsv' for command environment
[1.737s] DEBUG:colcon.colcon_core.event_handler.log_command:Invoking command in '/home/jean/ros2_ws/src/my_package': PYTHONPATH=/home/jean/ros2_ws/build/my_package/prefix_override:/usr/lib/python3/dist-packages/colcon_core/task/python/colcon_distutils_commands:/home/jean/ros2_ws/install/my_package/lib/python3.10/site-packages:${PYTHONPATH} VIRTUAL_ENV_PROMPT=(.venv) /usr/bin/python3 -W ignore:setup.py install is deprecated -W ignore:easy_install command is deprecated setup.py egg_info --egg-base ../../build/my_package build --build-base /home/jean/ros2_ws/build/my_package/build install --record /home/jean/ros2_ws/build/my_package/install.log --single-version-externally-managed install_data
[1.754s] DEBUG:colcon.colcon_core.event_handler.log_command:Invoking command in '/home/jean/ros2_ws/src/py_pubsub': PYTHONPATH=/home/jean/ros2_ws/build/py_pubsub/prefix_override:/usr/lib/python3/dist-packages/colcon_core/task/python/colcon_distutils_commands:/home/jean/ros2_ws/install/py_pubsub/lib/python3.10/site-packages:${PYTHONPATH} VIRTUAL_ENV_PROMPT=(.venv) /usr/bin/python3 -W ignore:setup.py install is deprecated -W ignore:easy_install command is deprecated setup.py egg_info --egg-base ../../build/py_pubsub build --build-base /home/jean/ros2_ws/build/py_pubsub/build install --record /home/jean/ros2_ws/build/py_pubsub/install.log --single-version-externally-managed install_data
[1.771s] DEBUG:colcon.colcon_core.event_handler.log_command:Invoking command in '/home/jean/ros2_ws/src/learning_tf2_py': PYTHONPATH=/home/jean/ros2_ws/build/learning_tf2_py/prefix_override:/usr/lib/python3/dist-packages/colcon_core/task/python/colcon_distutils_commands:/home/jean/ros2_ws/install/learning_tf2_py/lib/python3.10/site-packages:${PYTHONPATH} VIRTUAL_ENV_PROMPT=(.venv) /usr/bin/python3 -W ignore:setup.py install is deprecated -W ignore:easy_install command is deprecated setup.py egg_info --egg-base ../../build/learning_tf2_py build --build-base /home/jean/ros2_ws/build/learning_tf2_py/build install --record /home/jean/ros2_ws/build/learning_tf2_py/install.log --single-version-externally-managed install_data
[2.149s] DEBUG:colcon.colcon_core.event_handler.log_command:Invoked command in '/home/jean/ros2_ws/src/my_package' returned '0': PYTHONPATH=/home/jean/ros2_ws/build/my_package/prefix_override:/usr/lib/python3/dist-packages/colcon_core/task/python/colcon_distutils_commands:/home/jean/ros2_ws/install/my_package/lib/python3.10/site-packages:${PYTHONPATH} VIRTUAL_ENV_PROMPT=(.venv) /usr/bin/python3 -W ignore:setup.py install is deprecated -W ignore:easy_install command is deprecated setup.py egg_info --egg-base ../../build/my_package build --build-base /home/jean/ros2_ws/build/my_package/build install --record /home/jean/ros2_ws/build/my_package/install.log --single-version-externally-managed install_data
[2.152s] Level 1:colcon.colcon_core.environment:checking '/home/jean/ros2_ws/install/my_package' for CMake module files
[2.153s] Level 1:colcon.colcon_core.environment:checking '/home/jean/ros2_ws/install/my_package' for CMake config files
[2.154s] Level 1:colcon.colcon_core.environment:checking '/home/jean/ros2_ws/install/my_package/lib'
[2.154s] Level 1:colcon.colcon_core.environment:checking '/home/jean/ros2_ws/install/my_package/bin'
[2.156s] Level 1:colcon.colcon_core.environment:checking '/home/jean/ros2_ws/install/my_package/lib/pkgconfig/my_package.pc'
[2.156s] Level 1:colcon.colcon_core.environment:checking '/home/jean/ros2_ws/install/my_package/lib/python3.10/site-packages'
[2.157s] Level 1:colcon.colcon_core.shell:create_environment_hook('my_package', 'pythonpath')
[2.157s] INFO:colcon.colcon_core.shell:Creating environment hook '/home/jean/ros2_ws/install/my_package/share/my_package/hook/pythonpath.ps1'
[2.158s] INFO:colcon.colcon_core.shell:Creating environment descriptor '/home/jean/ros2_ws/install/my_package/share/my_package/hook/pythonpath.dsv'
[2.158s] INFO:colcon.colcon_core.shell:Creating environment hook '/home/jean/ros2_ws/install/my_package/share/my_package/hook/pythonpath.sh'
[2.159s] Level 1:colcon.colcon_core.environment:checking '/home/jean/ros2_ws/install/my_package/bin'
[2.159s] Level 1:colcon.colcon_core.environment:create_environment_scripts_only(my_package)
[2.159s] INFO:colcon.colcon_core.shell:Creating package script '/home/jean/ros2_ws/install/my_package/share/my_package/package.ps1'
[2.171s] INFO:colcon.colcon_core.shell:Creating package descriptor '/home/jean/ros2_ws/install/my_package/share/my_package/package.dsv'
[2.173s] INFO:colcon.colcon_core.shell:Creating package script '/home/jean/ros2_ws/install/my_package/share/my_package/package.sh'
[2.175s] INFO:colcon.colcon_core.shell:Creating package script '/home/jean/ros2_ws/install/my_package/share/my_package/package.bash'
[2.177s] INFO:colcon.colcon_core.shell:Creating package script '/home/jean/ros2_ws/install/my_package/share/my_package/package.zsh'
[2.178s] Level 1:colcon.colcon_core.environment:create_file_with_runtime_dependencies(/home/jean/ros2_ws/install/my_package/share/colcon-core/packages/my_package)
[2.199s] Level 1:colcon.colcon_core.environment:checking '/home/jean/ros2_ws/install/learning_tf2_py' for CMake module files
[2.200s] DEBUG:colcon.colcon_core.event_handler.log_command:Invoked command in '/home/jean/ros2_ws/src/learning_tf2_py' returned '0': PYTHONPATH=/home/jean/ros2_ws/build/learning_tf2_py/prefix_override:/usr/lib/python3/dist-packages/colcon_core/task/python/colcon_distutils_commands:/home/jean/ros2_ws/install/learning_tf2_py/lib/python3.10/site-packages:${PYTHONPATH} VIRTUAL_ENV_PROMPT=(.venv) /usr/bin/python3 -W ignore:setup.py install is deprecated -W ignore:easy_install command is deprecated setup.py egg_info --egg-base ../../build/learning_tf2_py build --build-base /home/jean/ros2_ws/build/learning_tf2_py/build install --record /home/jean/ros2_ws/build/learning_tf2_py/install.log --single-version-externally-managed install_data
[2.201s] Level 1:colcon.colcon_core.environment:checking '/home/jean/ros2_ws/install/learning_tf2_py' for CMake config files
[2.203s] Level 1:colcon.colcon_core.environment:checking '/home/jean/ros2_ws/install/learning_tf2_py/lib'
[2.203s] Level 1:colcon.colcon_core.environment:checking '/home/jean/ros2_ws/install/learning_tf2_py/bin'
[2.203s] Level 1:colcon.colcon_core.environment:checking '/home/jean/ros2_ws/install/learning_tf2_py/lib/pkgconfig/learning_tf2_py.pc'
[2.204s] Level 1:colcon.colcon_core.environment:checking '/home/jean/ros2_ws/install/learning_tf2_py/lib/python3.10/site-packages'
[2.204s] Level 1:colcon.colcon_core.shell:create_environment_hook('learning_tf2_py', 'pythonpath')
[2.204s] INFO:colcon.colcon_core.shell:Creating environment hook '/home/jean/ros2_ws/install/learning_tf2_py/share/learning_tf2_py/hook/pythonpath.ps1'
[2.205s] INFO:colcon.colcon_core.shell:Creating environment descriptor '/home/jean/ros2_ws/install/learning_tf2_py/share/learning_tf2_py/hook/pythonpath.dsv'
[2.206s] INFO:colcon.colcon_core.shell:Creating environment hook '/home/jean/ros2_ws/install/learning_tf2_py/share/learning_tf2_py/hook/pythonpath.sh'
[2.207s] Level 1:colcon.colcon_core.environment:checking '/home/jean/ros2_ws/install/learning_tf2_py/bin'
[2.207s] Level 1:colcon.colcon_core.environment:create_environment_scripts_only(learning_tf2_py)
[2.207s] INFO:colcon.colcon_core.shell:Creating package script '/home/jean/ros2_ws/install/learning_tf2_py/share/learning_tf2_py/package.ps1'
[2.208s] INFO:colcon.colcon_core.shell:Creating package descriptor '/home/jean/ros2_ws/install/learning_tf2_py/share/learning_tf2_py/package.dsv'
[2.208s] INFO:colcon.colcon_core.shell:Creating package script '/home/jean/ros2_ws/install/learning_tf2_py/share/learning_tf2_py/package.sh'
[2.209s] INFO:colcon.colcon_core.shell:Creating package script '/home/jean/ros2_ws/install/learning_tf2_py/share/learning_tf2_py/package.bash'
[2.210s] INFO:colcon.colcon_core.shell:Creating package script '/home/jean/ros2_ws/install/learning_tf2_py/share/learning_tf2_py/package.zsh'
[2.210s] Level 1:colcon.colcon_core.environment:create_file_with_runtime_dependencies(/home/jean/ros2_ws/install/learning_tf2_py/share/colcon-core/packages/learning_tf2_py)
[2.213s] Level 1:colcon.colcon_core.environment:checking '/home/jean/ros2_ws/install/py_pubsub' for CMake module files
[2.213s] DEBUG:colcon.colcon_core.event_handler.log_command:Invoked command in '/home/jean/ros2_ws/src/py_pubsub' returned '0': PYTHONPATH=/home/jean/ros2_ws/build/py_pubsub/prefix_override:/usr/lib/python3/dist-packages/colcon_core/task/python/colcon_distutils_commands:/home/jean/ros2_ws/install/py_pubsub/lib/python3.10/site-packages:${PYTHONPATH} VIRTUAL_ENV_PROMPT=(.venv) /usr/bin/python3 -W ignore:setup.py install is deprecated -W ignore:easy_install command is deprecated setup.py egg_info --egg-base ../../build/py_pubsub build --build-base /home/jean/ros2_ws/build/py_pubsub/build install --record /home/jean/ros2_ws/build/py_pubsub/install.log --single-version-externally-managed install_data
[2.214s] Level 1:colcon.colcon_core.environment:checking '/home/jean/ros2_ws/install/py_pubsub' for CMake config files
[2.214s] Level 1:colcon.colcon_core.environment:checking '/home/jean/ros2_ws/install/py_pubsub/lib'
[2.214s] Level 1:colcon.colcon_core.environment:checking '/home/jean/ros2_ws/install/py_pubsub/bin'
[2.214s] Level 1:colcon.colcon_core.environment:checking '/home/jean/ros2_ws/install/py_pubsub/lib/pkgconfig/py_pubsub.pc'
[2.215s] Level 1:colcon.colcon_core.environment:checking '/home/jean/ros2_ws/install/py_pubsub/lib/python3.10/site-packages'
[2.215s] Level 1:colcon.colcon_core.shell:create_environment_hook('py_pubsub', 'pythonpath')
[2.215s] INFO:colcon.colcon_core.shell:Creating environment hook '/home/jean/ros2_ws/install/py_pubsub/share/py_pubsub/hook/pythonpath.ps1'
[2.215s] INFO:colcon.colcon_core.shell:Creating environment descriptor '/home/jean/ros2_ws/install/py_pubsub/share/py_pubsub/hook/pythonpath.dsv'
[2.216s] INFO:colcon.colcon_core.shell:Creating environment hook '/home/jean/ros2_ws/install/py_pubsub/share/py_pubsub/hook/pythonpath.sh'
[2.216s] Level 1:colcon.colcon_core.environment:checking '/home/jean/ros2_ws/install/py_pubsub/bin'
[2.216s] Level 1:colcon.colcon_core.environment:create_environment_scripts_only(py_pubsub)
[2.217s] INFO:colcon.colcon_core.shell:Creating package script '/home/jean/ros2_ws/install/py_pubsub/share/py_pubsub/package.ps1'
[2.217s] INFO:colcon.colcon_core.shell:Creating package descriptor '/home/jean/ros2_ws/install/py_pubsub/share/py_pubsub/package.dsv'
[2.217s] INFO:colcon.colcon_core.shell:Creating package script '/home/jean/ros2_ws/install/py_pubsub/share/py_pubsub/package.sh'
[2.218s] INFO:colcon.colcon_core.shell:Creating package script '/home/jean/ros2_ws/install/py_pubsub/share/py_pubsub/package.bash'
[2.218s] INFO:colcon.colcon_core.shell:Creating package script '/home/jean/ros2_ws/install/py_pubsub/share/py_pubsub/package.zsh'
[2.218s] Level 1:colcon.colcon_core.environment:create_file_with_runtime_dependencies(/home/jean/ros2_ws/install/py_pubsub/share/colcon-core/packages/py_pubsub)
[2.219s] DEBUG:colcon.colcon_parallel_executor.executor.parallel:closing loop
[2.219s] DEBUG:colcon.colcon_parallel_executor.executor.parallel:loop closed
[2.220s] DEBUG:colcon.colcon_parallel_executor.executor.parallel:run_until_complete finished with '0'
[2.220s] DEBUG:colcon.colcon_core.event_reactor:joining thread
[2.237s] INFO:colcon.colcon_core.plugin_system:Skipping extension 'colcon_notification.desktop_notification.notify_send': Could not find 'notify-send'
[2.237s] INFO:colcon.colcon_core.plugin_system:Skipping extension 'colcon_notification.desktop_notification.terminal_notifier': Not used on non-Darwin systems
[2.237s] INFO:colcon.colcon_core.plugin_system:Skipping extension 'colcon_notification.desktop_notification.win32': Not used on non-Windows systems
[2.238s] INFO:colcon.colcon_notification.desktop_notification:Sending desktop notification using 'notify2'
[2.238s] DEBUG:colcon.colcon_notification.desktop_notification.notify2:Failed to initialize notify2: org.freedesktop.DBus.Error.FileNotFound: Failed to connect to socket /run/user/1000/bus: No such file or directory
[2.238s] DEBUG:colcon.colcon_core.event_reactor:joined thread
[2.238s] INFO:colcon.colcon_core.shell:Creating prefix script '/home/jean/ros2_ws/install/local_setup.ps1'
[2.240s] INFO:colcon.colcon_core.shell:Creating prefix util module '/home/jean/ros2_ws/install/_local_setup_util_ps1.py'
[2.241s] INFO:colcon.colcon_core.shell:Creating prefix chain script '/home/jean/ros2_ws/install/setup.ps1'
[2.243s] INFO:colcon.colcon_core.shell:Creating prefix script '/home/jean/ros2_ws/install/local_setup.sh'
[2.243s] INFO:colcon.colcon_core.shell:Creating prefix util module '/home/jean/ros2_ws/install/_local_setup_util_sh.py'
[2.244s] INFO:colcon.colcon_core.shell:Creating prefix chain script '/home/jean/ros2_ws/install/setup.sh'
[2.246s] INFO:colcon.colcon_core.shell:Creating prefix script '/home/jean/ros2_ws/install/local_setup.bash'
[2.247s] INFO:colcon.colcon_core.shell:Creating prefix chain script '/home/jean/ros2_ws/install/setup.bash'
[2.248s] INFO:colcon.colcon_core.shell:Creating prefix script '/home/jean/ros2_ws/install/local_setup.zsh'
[2.249s] INFO:colcon.colcon_core.shell:Creating prefix chain script '/home/jean/ros2_ws/install/setup.zsh'
