[1.318s] Invoking command in '/home/jean/ros2_ws/src/py_pubsub': PYTHONPATH=/home/jean/ros2_ws/build/py_pubsub/prefix_override:/usr/lib/python3/dist-packages/colcon_core/task/python/colcon_distutils_commands:/home/jean/ros2_ws/install/py_pubsub/lib/python3.10/site-packages:${PYTHONPATH} VIRTUAL_ENV_PROMPT=(.venv) /usr/bin/python3 -W ignore:setup.py install is deprecated -W ignore:easy_install command is deprecated setup.py egg_info --egg-base ../../build/py_pubsub build --build-base /home/jean/ros2_ws/build/py_pubsub/build install --record /home/jean/ros2_ws/build/py_pubsub/install.log --single-version-externally-managed install_data
[1.614s] running egg_info
[1.615s] writing ../../build/py_pubsub/py_pubsub.egg-info/PKG-INFO
[1.616s] writing dependency_links to ../../build/py_pubsub/py_pubsub.egg-info/dependency_links.txt
[1.617s] writing entry points to ../../build/py_pubsub/py_pubsub.egg-info/entry_points.txt
[1.617s] writing requirements to ../../build/py_pubsub/py_pubsub.egg-info/requires.txt
[1.618s] writing top-level names to ../../build/py_pubsub/py_pubsub.egg-info/top_level.txt
[1.621s] reading manifest file '../../build/py_pubsub/py_pubsub.egg-info/SOURCES.txt'
[1.622s] writing manifest file '../../build/py_pubsub/py_pubsub.egg-info/SOURCES.txt'
[1.622s] running build
[1.622s] running build_py
[1.623s] running install
[1.624s] running install_lib
[1.626s] running install_data
[1.626s] running install_egg_info
[1.628s] removing '/home/jean/ros2_ws/install/py_pubsub/lib/python3.10/site-packages/py_pubsub-0.0.0-py3.10.egg-info' (and everything under it)
[1.630s] Copying ../../build/py_pubsub/py_pubsub.egg-info to /home/jean/ros2_ws/install/py_pubsub/lib/python3.10/site-packages/py_pubsub-0.0.0-py3.10.egg-info
[1.634s] running install_scripts
[1.671s] Installing listener script to /home/jean/ros2_ws/install/py_pubsub/lib/py_pubsub
[1.671s] Installing talker script to /home/jean/ros2_ws/install/py_pubsub/lib/py_pubsub
[1.671s] writing list of installed files to '/home/jean/ros2_ws/build/py_pubsub/install.log'
[1.702s] Invoked command in '/home/jean/ros2_ws/src/py_pubsub' returned '0': PYTHONPATH=/home/jean/ros2_ws/build/py_pubsub/prefix_override:/usr/lib/python3/dist-packages/colcon_core/task/python/colcon_distutils_commands:/home/jean/ros2_ws/install/py_pubsub/lib/python3.10/site-packages:${PYTHONPATH} VIRTUAL_ENV_PROMPT=(.venv) /usr/bin/python3 -W ignore:setup.py install is deprecated -W ignore:easy_install command is deprecated setup.py egg_info --egg-base ../../build/py_pubsub build --build-base /home/jean/ros2_ws/build/py_pubsub/build install --record /home/jean/ros2_ws/build/py_pubsub/install.log --single-version-externally-managed install_data
