[2.703s] Invoking command in '/home/jean/ros2_ws/src/robot_kinematics': PYTHONPATH=/home/jean/ros2_ws/build/robot_kinematics/prefix_override:/usr/lib/python3/dist-packages/colcon_core/task/python/colcon_distutils_commands:/home/jean/ros2_ws/install/robot_kinematics/lib/python3.10/site-packages:${PYTHONPATH} VIRTUAL_ENV_PROMPT=(.venv) /usr/bin/python3 -W ignore:setup.py install is deprecated -W ignore:easy_install command is deprecated setup.py egg_info --egg-base ../../build/robot_kinematics build --build-base /home/jean/ros2_ws/build/robot_kinematics/build install --record /home/jean/ros2_ws/build/robot_kinematics/install.log --single-version-externally-managed install_data
[3.330s] running egg_info
[3.333s] writing ../../build/robot_kinematics/robot_kinematics.egg-info/PKG-INFO
[3.337s] writing dependency_links to ../../build/robot_kinematics/robot_kinematics.egg-info/dependency_links.txt
[3.337s] writing entry points to ../../build/robot_kinematics/robot_kinematics.egg-info/entry_points.txt
[3.338s] writing requirements to ../../build/robot_kinematics/robot_kinematics.egg-info/requires.txt
[3.338s] writing top-level names to ../../build/robot_kinematics/robot_kinematics.egg-info/top_level.txt
[3.342s] reading manifest file '../../build/robot_kinematics/robot_kinematics.egg-info/SOURCES.txt'
[3.344s] writing manifest file '../../build/robot_kinematics/robot_kinematics.egg-info/SOURCES.txt'
[3.344s] running build
[3.344s] running build_py
[3.346s] copying robot_kinematics/turtlebot_pos.py -> /home/jean/ros2_ws/build/robot_kinematics/build/lib/robot_kinematics
[3.352s] running install
[3.355s] running install_lib
[3.357s] copying /home/jean/ros2_ws/build/robot_kinematics/build/lib/robot_kinematics/turtlebot_pos.py -> /home/jean/ros2_ws/install/robot_kinematics/lib/python3.10/site-packages/robot_kinematics
[3.361s] byte-compiling /home/jean/ros2_ws/install/robot_kinematics/lib/python3.10/site-packages/robot_kinematics/turtlebot_pos.py to turtlebot_pos.cpython-310.pyc
[3.370s] running install_data
[3.371s] running install_egg_info
[3.377s] removing '/home/jean/ros2_ws/install/robot_kinematics/lib/python3.10/site-packages/robot_kinematics-0.0.0-py3.10.egg-info' (and everything under it)
[3.377s] Copying ../../build/robot_kinematics/robot_kinematics.egg-info to /home/jean/ros2_ws/install/robot_kinematics/lib/python3.10/site-packages/robot_kinematics-0.0.0-py3.10.egg-info
[3.381s] running install_scripts
[3.468s] Installing node-robotKinematics script to /home/jean/ros2_ws/install/robot_kinematics/lib/robot_kinematics
[3.469s] writing list of installed files to '/home/jean/ros2_ws/build/robot_kinematics/install.log'
[3.578s] Invoked command in '/home/jean/ros2_ws/src/robot_kinematics' returned '0': PYTHONPATH=/home/jean/ros2_ws/build/robot_kinematics/prefix_override:/usr/lib/python3/dist-packages/colcon_core/task/python/colcon_distutils_commands:/home/jean/ros2_ws/install/robot_kinematics/lib/python3.10/site-packages:${PYTHONPATH} VIRTUAL_ENV_PROMPT=(.venv) /usr/bin/python3 -W ignore:setup.py install is deprecated -W ignore:easy_install command is deprecated setup.py egg_info --egg-base ../../build/robot_kinematics build --build-base /home/jean/ros2_ws/build/robot_kinematics/build install --record /home/jean/ros2_ws/build/robot_kinematics/install.log --single-version-externally-managed install_data
