[5.530s] Invoking command in '/home/jean/ros2_ws/src/py_pubsub': PYTHONPATH=/home/jean/ros2_ws/build/py_pubsub/prefix_override:/usr/lib/python3/dist-packages/colcon_core/task/python/colcon_distutils_commands:/home/jean/ros2_ws/install/py_pubsub/lib/python3.10/site-packages:${PYTHONPATH} VIRTUAL_ENV_PROMPT=(.venv) /usr/bin/python3 -W ignore:setup.py install is deprecated -W ignore:easy_install command is deprecated setup.py egg_info --egg-base ../../build/py_pubsub build --build-base /home/jean/ros2_ws/build/py_pubsub/build install --record /home/jean/ros2_ws/build/py_pubsub/install.log --single-version-externally-managed install_data
[7.784s] running egg_info
[7.786s] writing ../../build/py_pubsub/py_pubsub.egg-info/PKG-INFO
[7.788s] writing dependency_links to ../../build/py_pubsub/py_pubsub.egg-info/dependency_links.txt
[7.789s] writing entry points to ../../build/py_pubsub/py_pubsub.egg-info/entry_points.txt
[7.791s] writing requirements to ../../build/py_pubsub/py_pubsub.egg-info/requires.txt
[7.793s] writing top-level names to ../../build/py_pubsub/py_pubsub.egg-info/top_level.txt
[7.801s] reading manifest file '../../build/py_pubsub/py_pubsub.egg-info/SOURCES.txt'
[7.804s] writing manifest file '../../build/py_pubsub/py_pubsub.egg-info/SOURCES.txt'
[7.805s] running build
[7.806s] running build_py
[7.811s] running install
[7.812s] running install_lib
[7.820s] running install_data
[7.823s] running install_egg_info
[7.836s] removing '/home/jean/ros2_ws/install/py_pubsub/lib/python3.10/site-packages/py_pubsub-0.0.0-py3.10.egg-info' (and everything under it)
[7.839s] Copying ../../build/py_pubsub/py_pubsub.egg-info to /home/jean/ros2_ws/install/py_pubsub/lib/python3.10/site-packages/py_pubsub-0.0.0-py3.10.egg-info
[7.844s] running install_scripts
[7.978s] Installing listener script to /home/jean/ros2_ws/install/py_pubsub/lib/py_pubsub
[7.982s] Installing talker script to /home/jean/ros2_ws/install/py_pubsub/lib/py_pubsub
[7.984s] writing list of installed files to '/home/jean/ros2_ws/build/py_pubsub/install.log'
[8.130s] Invoked command in '/home/jean/ros2_ws/src/py_pubsub' returned '0': PYTHONPATH=/home/jean/ros2_ws/build/py_pubsub/prefix_override:/usr/lib/python3/dist-packages/colcon_core/task/python/colcon_distutils_commands:/home/jean/ros2_ws/install/py_pubsub/lib/python3.10/site-packages:${PYTHONPATH} VIRTUAL_ENV_PROMPT=(.venv) /usr/bin/python3 -W ignore:setup.py install is deprecated -W ignore:easy_install command is deprecated setup.py egg_info --egg-base ../../build/py_pubsub build --build-base /home/jean/ros2_ws/build/py_pubsub/build install --record /home/jean/ros2_ws/build/py_pubsub/install.log --single-version-externally-managed install_data
